#
# There is insufficient memory for the Java Runtime Environment to continue.
# Native memory allocation (malloc) failed to allocate 32744 bytes for ChunkPool::allocate
# Possible reasons:
#   The system is out of physical RAM or swap space
#   The process is running with CompressedOops enabled, and the Java Heap may be blocking the growth of the native heap
# Possible solutions:
#   Reduce memory load on the system
#   Increase physical memory or swap space
#   Check if swap backing store is full
#   Decrease Java heap size (-Xmx/-Xms)
#   Decrease number of Java threads
#   Decrease Java thread stack sizes (-Xss)
#   Set larger code cache with -XX:ReservedCodeCacheSize=
#   JVM is running with Unscaled Compressed Oops mode in which the Java heap is
#     placed in the first 4GB address space. The Java Heap base address is the
#     maximum limit for the native heap growth. Please use -XX:HeapBaseMinAddress
#     to set the Java Heap base and to place the Java Heap above 4GB virtual address.
# This output file may be truncated or incomplete.
#
#  Out of Memory Error (./open/src/hotspot/share/memory/arena.cpp:81), pid=10180, tid=4612
#
# JRE version: Java(TM) SE Runtime Environment 18.9 (11.0.14+8) (build 11.0.14+8-LTS-263)
# Java VM: Java HotSpot(TM) 64-Bit Server VM 18.9 (11.0.14+8-LTS-263, mixed mode, tiered, compressed oops, g1 gc, windows-amd64)
# No core dump will be written. Minidumps are not enabled by default on client versions of Windows
#

---------------  S U M M A R Y ------------

Command Line: -javaagent:C:\Program Files\JetBrains\IntelliJ IDEA Community Edition 2021.3.2\lib\idea_rt.jar=58501:C:\Program Files\JetBrains\IntelliJ IDEA Community Edition 2021.3.2\bin -Dfile.encoding=UTF-8 com.ss2fit.ss2backend.Ss2BackendApplication

Host: Intel(R) Core(TM) i5-6300U CPU @ 2.40GHz, 4 cores, 7G,  Windows 10 , 64 bit Build 19041 (10.0.19041.2546)
Time: Tue Mar 14 14:33:43 2023 SE Asia Standard Time elapsed time: 10.820173 seconds (0d 0h 0m 10s)

---------------  T H R E A D  ---------------

Current thread (0x0000027520c0b800):  JavaThread "C2 CompilerThread0" daemon [_thread_in_native, id=4612, stack(0x000000b767b00000,0x000000b767c00000)]


Current CompileTask:
C2:  10820 4266 % !   4       java.util.jar.Attributes::read @ 155 (354 bytes)

Stack: [0x000000b767b00000,0x000000b767c00000]
Native frames: (J=compiled Java code, j=interpreted, Vv=VM code, C=native code)
V  [jvm.dll+0x6296da]
V  [jvm.dll+0x76323f]
V  [jvm.dll+0x7648e9]
V  [jvm.dll+0x764f73]
V  [jvm.dll+0x23d7c8]
V  [jvm.dll+0xb2bdb]
V  [jvm.dll+0xb2f3c]
V  [jvm.dll+0x345cdb]
V  [jvm.dll+0x522e86]
V  [jvm.dll+0x522562]
V  [jvm.dll+0x30e832]
V  [jvm.dll+0x30db4a]
V  [jvm.dll+0x1f8365]
V  [jvm.dll+0x1f754d]
V  [jvm.dll+0x177b21]
V  [jvm.dll+0x206e26]
V  [jvm.dll+0x204fbb]
V  [jvm.dll+0x729170]
V  [jvm.dll+0x721d44]
V  [jvm.dll+0x6285d6]
C  [ucrtbase.dll+0x21bb2]
C  [KERNEL32.DLL+0x17614]
C  [ntdll.dll+0x526a1]


---------------  P R O C E S S  ---------------

Threads class SMR info:
_java_thread_list=0x00000275246dec10, length=14, elements={
0x0000027503567000, 0x0000027520bc9000, 0x0000027520bf5000, 0x0000027521572800,
0x0000027520c06000, 0x0000027520c06800, 0x0000027520c0b800, 0x0000027520c0d000,
0x00000275215be800, 0x00000275216b2800, 0x000002752190b000, 0x0000027522602000,
0x0000027522603000, 0x00000275216f3000
}

Java Threads: ( => current thread )
  0x0000027503567000 JavaThread "main" [_thread_blocked, id=11932, stack(0x000000b766f00000,0x000000b767000000)]
  0x0000027520bc9000 JavaThread "Reference Handler" daemon [_thread_blocked, id=2908, stack(0x000000b767600000,0x000000b767700000)]
  0x0000027520bf5000 JavaThread "Finalizer" daemon [_thread_blocked, id=14284, stack(0x000000b767700000,0x000000b767800000)]
  0x0000027521572800 JavaThread "Signal Dispatcher" daemon [_thread_blocked, id=14868, stack(0x000000b767800000,0x000000b767900000)]
  0x0000027520c06000 JavaThread "Attach Listener" daemon [_thread_blocked, id=944, stack(0x000000b767900000,0x000000b767a00000)]
  0x0000027520c06800 JavaThread "Service Thread" daemon [_thread_blocked, id=9520, stack(0x000000b767a00000,0x000000b767b00000)]
=>0x0000027520c0b800 JavaThread "C2 CompilerThread0" daemon [_thread_in_native, id=4612, stack(0x000000b767b00000,0x000000b767c00000)]
  0x0000027520c0d000 JavaThread "C1 CompilerThread0" daemon [_thread_blocked, id=14912, stack(0x000000b767c00000,0x000000b767d00000)]
  0x00000275215be800 JavaThread "Sweeper thread" daemon [_thread_blocked, id=12320, stack(0x000000b767d00000,0x000000b767e00000)]
  0x00000275216b2800 JavaThread "Common-Cleaner" daemon [_thread_blocked, id=15228, stack(0x000000b767e00000,0x000000b767f00000)]
  0x000002752190b000 JavaThread "Monitor Ctrl-Break" daemon [_thread_in_native, id=5104, stack(0x000000b768000000,0x000000b768100000)]
  0x0000027522602000 JavaThread "Thread-0" [_thread_blocked, id=13580, stack(0x000000b768400000,0x000000b768500000)]
  0x0000027522603000 JavaThread "restartedMain" [_thread_in_vm, id=10120, stack(0x000000b768500000,0x000000b768600000)]
  0x00000275216f3000 JavaThread "C2 CompilerThread1" daemon [_thread_in_native, id=2924, stack(0x000000b767f00000,0x000000b768000000)]

Other Threads:
  0x0000027520bfa800 VMThread "VM Thread" [stack: 0x000000b767500000,0x000000b767600000] [id=7220]
  0x0000027521984800 WatcherThread [stack: 0x000000b768100000,0x000000b768200000] [id=2852]
  0x000002750357c000 GCTaskThread "GC Thread#0" [stack: 0x000000b767000000,0x000000b767100000] [id=10364]
  0x000002752210a800 GCTaskThread "GC Thread#1" [stack: 0x000000b768200000,0x000000b768300000] [id=9952]
  0x0000027521ea0800 GCTaskThread "GC Thread#2" [stack: 0x000000b768300000,0x000000b768400000] [id=13452]
  0x00000275225aa800 GCTaskThread "GC Thread#3" [stack: 0x000000b768600000,0x000000b768700000] [id=14288]
  0x00000275035ac000 ConcurrentGCThread "G1 Main Marker" [stack: 0x000000b767100000,0x000000b767200000] [id=11084]
  0x00000275035ad800 ConcurrentGCThread "G1 Conc#0" [stack: 0x000000b767200000,0x000000b767300000] [id=15140]
  0x000002750363d800 ConcurrentGCThread "G1 Refine#0" [stack: 0x000000b767300000,0x000000b767400000] [id=5780]
  0x0000027520a30800 ConcurrentGCThread "G1 Young RemSet Sampling" [stack: 0x000000b767400000,0x000000b767500000] [id=9656]

Threads with active compile tasks:
C2 CompilerThread0  10888 4266 % !   4       java.util.jar.Attributes::read @ 155 (354 bytes)
C2 CompilerThread1  10888 4099   !   4       org.springframework.core.annotation.AnnotationsScanner::processClassHierarchy (227 bytes)

VM state:not at safepoint (normal execution)

VM Mutex/Monitor currently owned by a thread: None

Heap address: 0x0000000081e00000, size: 2018 MB, Compressed Oops mode: 32-bit
Narrow klass base: 0x0000000000000000, Narrow klass shift: 3
Compressed class space size: 1073741824 Address: 0x0000000100000000

Heap:
 garbage-first heap   total 157696K, used 61344K [0x0000000081e00000, 0x0000000100000000)
  region size 1024K, 51 young (52224K), 6 survivors (6144K)
 Metaspace       used 40543K, capacity 41682K, committed 41728K, reserved 1085440K
  class space    used 4897K, capacity 5359K, committed 5376K, reserved 1048576K
Heap Regions: E=young(eden), S=young(survivor), O=old, HS=humongous(starts), HC=humongous(continues), CS=collection set, F=free, A=archive, TAMS=top-at-mark-start (previous, next)
|   0|0x0000000081e00000, 0x0000000081f00000, 0x0000000081f00000|100%|HS|  |TAMS 0x0000000081f00000, 0x0000000081e00000| Complete 
|   1|0x0000000081f00000, 0x0000000082000000, 0x0000000082000000|100%| O|  |TAMS 0x0000000082000000, 0x0000000081f00000| Untracked 
|   2|0x0000000082000000, 0x0000000082100000, 0x0000000082100000|100%| O|  |TAMS 0x0000000082100000, 0x0000000082000000| Untracked 
|   3|0x0000000082100000, 0x0000000082200000, 0x0000000082200000|100%| O|  |TAMS 0x0000000082200000, 0x0000000082100000| Untracked 
|   4|0x0000000082200000, 0x0000000082300000, 0x0000000082300000|100%| O|  |TAMS 0x0000000082300000, 0x0000000082200000| Untracked 
|   5|0x0000000082300000, 0x0000000082400000, 0x0000000082400000|100%| O|  |TAMS 0x0000000082400000, 0x0000000082300000| Untracked 
|   6|0x0000000082400000, 0x0000000082500000, 0x0000000082500000|100%| O|  |TAMS 0x0000000082500000, 0x0000000082400000| Untracked 
|   7|0x0000000082500000, 0x0000000082600000, 0x0000000082600000|100%| O|  |TAMS 0x0000000082600000, 0x0000000082500000| Untracked 
|   8|0x0000000082600000, 0x0000000082700000, 0x0000000082700000|100%| O|  |TAMS 0x0000000082700000, 0x0000000082600000| Untracked 
|   9|0x0000000082700000, 0x00000000827e8200, 0x0000000082800000| 90%| O|  |TAMS 0x00000000827e8200, 0x0000000082700000| Untracked 
|  10|0x0000000082800000, 0x0000000082800000, 0x0000000082900000|  0%| F|  |TAMS 0x0000000082800000, 0x0000000082800000| Untracked 
|  11|0x0000000082900000, 0x0000000082900000, 0x0000000082a00000|  0%| F|  |TAMS 0x0000000082900000, 0x0000000082900000| Untracked 
|  12|0x0000000082a00000, 0x0000000082a00000, 0x0000000082b00000|  0%| F|  |TAMS 0x0000000082a00000, 0x0000000082a00000| Untracked 
|  13|0x0000000082b00000, 0x0000000082b00000, 0x0000000082c00000|  0%| F|  |TAMS 0x0000000082b00000, 0x0000000082b00000| Untracked 
|  14|0x0000000082c00000, 0x0000000082c00000, 0x0000000082d00000|  0%| F|  |TAMS 0x0000000082c00000, 0x0000000082c00000| Untracked 
|  15|0x0000000082d00000, 0x0000000082d00000, 0x0000000082e00000|  0%| F|  |TAMS 0x0000000082d00000, 0x0000000082d00000| Untracked 
|  16|0x0000000082e00000, 0x0000000082e00000, 0x0000000082f00000|  0%| F|  |TAMS 0x0000000082e00000, 0x0000000082e00000| Untracked 
|  17|0x0000000082f00000, 0x0000000082f00000, 0x0000000083000000|  0%| F|  |TAMS 0x0000000082f00000, 0x0000000082f00000| Untracked 
|  18|0x0000000083000000, 0x0000000083000000, 0x0000000083100000|  0%| F|  |TAMS 0x0000000083000000, 0x0000000083000000| Untracked 
|  19|0x0000000083100000, 0x0000000083100000, 0x0000000083200000|  0%| F|  |TAMS 0x0000000083100000, 0x0000000083100000| Untracked 
|  20|0x0000000083200000, 0x0000000083200000, 0x0000000083300000|  0%| F|  |TAMS 0x0000000083200000, 0x0000000083200000| Untracked 
|  21|0x0000000083300000, 0x0000000083300000, 0x0000000083400000|  0%| F|  |TAMS 0x0000000083300000, 0x0000000083300000| Untracked 
|  22|0x0000000083400000, 0x0000000083400000, 0x0000000083500000|  0%| F|  |TAMS 0x0000000083400000, 0x0000000083400000| Untracked 
|  23|0x0000000083500000, 0x0000000083500000, 0x0000000083600000|  0%| F|  |TAMS 0x0000000083500000, 0x0000000083500000| Untracked 
|  24|0x0000000083600000, 0x0000000083600000, 0x0000000083700000|  0%| F|  |TAMS 0x0000000083600000, 0x0000000083600000| Untracked 
|  25|0x0000000083700000, 0x0000000083700000, 0x0000000083800000|  0%| F|  |TAMS 0x0000000083700000, 0x0000000083700000| Untracked 
|  26|0x0000000083800000, 0x0000000083800000, 0x0000000083900000|  0%| F|  |TAMS 0x0000000083800000, 0x0000000083800000| Untracked 
|  27|0x0000000083900000, 0x0000000083900000, 0x0000000083a00000|  0%| F|  |TAMS 0x0000000083900000, 0x0000000083900000| Untracked 
|  28|0x0000000083a00000, 0x0000000083a00000, 0x0000000083b00000|  0%| F|  |TAMS 0x0000000083a00000, 0x0000000083a00000| Untracked 
|  29|0x0000000083b00000, 0x0000000083b00000, 0x0000000083c00000|  0%| F|  |TAMS 0x0000000083b00000, 0x0000000083b00000| Untracked 
|  30|0x0000000083c00000, 0x0000000083c00000, 0x0000000083d00000|  0%| F|  |TAMS 0x0000000083c00000, 0x0000000083c00000| Untracked 
|  31|0x0000000083d00000, 0x0000000083d00000, 0x0000000083e00000|  0%| F|  |TAMS 0x0000000083d00000, 0x0000000083d00000| Untracked 
|  32|0x0000000083e00000, 0x0000000083e00000, 0x0000000083f00000|  0%| F|  |TAMS 0x0000000083e00000, 0x0000000083e00000| Untracked 
|  33|0x0000000083f00000, 0x0000000083f00000, 0x0000000084000000|  0%| F|  |TAMS 0x0000000083f00000, 0x0000000083f00000| Untracked 
|  34|0x0000000084000000, 0x0000000084000000, 0x0000000084100000|  0%| F|  |TAMS 0x0000000084000000, 0x0000000084000000| Untracked 
|  35|0x0000000084100000, 0x0000000084100000, 0x0000000084200000|  0%| F|  |TAMS 0x0000000084100000, 0x0000000084100000| Untracked 
|  36|0x0000000084200000, 0x0000000084200000, 0x0000000084300000|  0%| F|  |TAMS 0x0000000084200000, 0x0000000084200000| Untracked 
|  37|0x0000000084300000, 0x0000000084300000, 0x0000000084400000|  0%| F|  |TAMS 0x0000000084300000, 0x0000000084300000| Untracked 
|  38|0x0000000084400000, 0x0000000084400000, 0x0000000084500000|  0%| F|  |TAMS 0x0000000084400000, 0x0000000084400000| Untracked 
|  39|0x0000000084500000, 0x0000000084500000, 0x0000000084600000|  0%| F|  |TAMS 0x0000000084500000, 0x0000000084500000| Untracked 
|  40|0x0000000084600000, 0x0000000084600000, 0x0000000084700000|  0%| F|  |TAMS 0x0000000084600000, 0x0000000084600000| Untracked 
|  41|0x0000000084700000, 0x0000000084700000, 0x0000000084800000|  0%| F|  |TAMS 0x0000000084700000, 0x0000000084700000| Untracked 
|  42|0x0000000084800000, 0x0000000084800000, 0x0000000084900000|  0%| F|  |TAMS 0x0000000084800000, 0x0000000084800000| Untracked 
|  43|0x0000000084900000, 0x0000000084900000, 0x0000000084a00000|  0%| F|  |TAMS 0x0000000084900000, 0x0000000084900000| Untracked 
|  44|0x0000000084a00000, 0x0000000084a00000, 0x0000000084b00000|  0%| F|  |TAMS 0x0000000084a00000, 0x0000000084a00000| Untracked 
|  45|0x0000000084b00000, 0x0000000084b00000, 0x0000000084c00000|  0%| F|  |TAMS 0x0000000084b00000, 0x0000000084b00000| Untracked 
|  46|0x0000000084c00000, 0x0000000084c00000, 0x0000000084d00000|  0%| F|  |TAMS 0x0000000084c00000, 0x0000000084c00000| Untracked 
|  47|0x0000000084d00000, 0x0000000084d00000, 0x0000000084e00000|  0%| F|  |TAMS 0x0000000084d00000, 0x0000000084d00000| Untracked 
|  48|0x0000000084e00000, 0x0000000084e00000, 0x0000000084f00000|  0%| F|  |TAMS 0x0000000084e00000, 0x0000000084e00000| Untracked 
|  49|0x0000000084f00000, 0x0000000084f00000, 0x0000000085000000|  0%| F|  |TAMS 0x0000000084f00000, 0x0000000084f00000| Untracked 
|  50|0x0000000085000000, 0x0000000085000000, 0x0000000085100000|  0%| F|  |TAMS 0x0000000085000000, 0x0000000085000000| Untracked 
|  51|0x0000000085100000, 0x0000000085100000, 0x0000000085200000|  0%| F|  |TAMS 0x0000000085100000, 0x0000000085100000| Untracked 
|  52|0x0000000085200000, 0x0000000085200000, 0x0000000085300000|  0%| F|  |TAMS 0x0000000085200000, 0x0000000085200000| Untracked 
|  53|0x0000000085300000, 0x0000000085300000, 0x0000000085400000|  0%| F|  |TAMS 0x0000000085300000, 0x0000000085300000| Untracked 
|  54|0x0000000085400000, 0x0000000085400000, 0x0000000085500000|  0%| F|  |TAMS 0x0000000085400000, 0x0000000085400000| Untracked 
|  55|0x0000000085500000, 0x0000000085500000, 0x0000000085600000|  0%| F|  |TAMS 0x0000000085500000, 0x0000000085500000| Untracked 
|  56|0x0000000085600000, 0x0000000085600000, 0x0000000085700000|  0%| F|  |TAMS 0x0000000085600000, 0x0000000085600000| Untracked 
|  57|0x0000000085700000, 0x0000000085700000, 0x0000000085800000|  0%| F|  |TAMS 0x0000000085700000, 0x0000000085700000| Untracked 
|  58|0x0000000085800000, 0x0000000085800000, 0x0000000085900000|  0%| F|  |TAMS 0x0000000085800000, 0x0000000085800000| Untracked 
|  59|0x0000000085900000, 0x0000000085900000, 0x0000000085a00000|  0%| F|  |TAMS 0x0000000085900000, 0x0000000085900000| Untracked 
|  60|0x0000000085a00000, 0x0000000085a00000, 0x0000000085b00000|  0%| F|  |TAMS 0x0000000085a00000, 0x0000000085a00000| Untracked 
|  61|0x0000000085b00000, 0x0000000085b00000, 0x0000000085c00000|  0%| F|  |TAMS 0x0000000085b00000, 0x0000000085b00000| Untracked 
|  62|0x0000000085c00000, 0x0000000085c00000, 0x0000000085d00000|  0%| F|  |TAMS 0x0000000085c00000, 0x0000000085c00000| Untracked 
|  63|0x0000000085d00000, 0x0000000085d00000, 0x0000000085e00000|  0%| F|  |TAMS 0x0000000085d00000, 0x0000000085d00000| Untracked 
|  64|0x0000000085e00000, 0x0000000085e00000, 0x0000000085f00000|  0%| F|  |TAMS 0x0000000085e00000, 0x0000000085e00000| Untracked 
|  65|0x0000000085f00000, 0x0000000085f00000, 0x0000000086000000|  0%| F|  |TAMS 0x0000000085f00000, 0x0000000085f00000| Untracked 
|  66|0x0000000086000000, 0x0000000086000000, 0x0000000086100000|  0%| F|  |TAMS 0x0000000086000000, 0x0000000086000000| Untracked 
|  67|0x0000000086100000, 0x0000000086100000, 0x0000000086200000|  0%| F|  |TAMS 0x0000000086100000, 0x0000000086100000| Untracked 
|  68|0x0000000086200000, 0x0000000086200000, 0x0000000086300000|  0%| F|  |TAMS 0x0000000086200000, 0x0000000086200000| Untracked 
|  69|0x0000000086300000, 0x0000000086300000, 0x0000000086400000|  0%| F|  |TAMS 0x0000000086300000, 0x0000000086300000| Untracked 
|  70|0x0000000086400000, 0x0000000086400000, 0x0000000086500000|  0%| F|  |TAMS 0x0000000086400000, 0x0000000086400000| Untracked 
|  71|0x0000000086500000, 0x0000000086500000, 0x0000000086600000|  0%| F|  |TAMS 0x0000000086500000, 0x0000000086500000| Untracked 
|  72|0x0000000086600000, 0x0000000086600000, 0x0000000086700000|  0%| F|  |TAMS 0x0000000086600000, 0x0000000086600000| Untracked 
|  73|0x0000000086700000, 0x0000000086700000, 0x0000000086800000|  0%| F|  |TAMS 0x0000000086700000, 0x0000000086700000| Untracked 
|  74|0x0000000086800000, 0x0000000086800000, 0x0000000086900000|  0%| F|  |TAMS 0x0000000086800000, 0x0000000086800000| Untracked 
|  75|0x0000000086900000, 0x0000000086900000, 0x0000000086a00000|  0%| F|  |TAMS 0x0000000086900000, 0x0000000086900000| Untracked 
|  76|0x0000000086a00000, 0x0000000086a00000, 0x0000000086b00000|  0%| F|  |TAMS 0x0000000086a00000, 0x0000000086a00000| Untracked 
|  77|0x0000000086b00000, 0x0000000086b00000, 0x0000000086c00000|  0%| F|  |TAMS 0x0000000086b00000, 0x0000000086b00000| Untracked 
|  78|0x0000000086c00000, 0x0000000086c00000, 0x0000000086d00000|  0%| F|  |TAMS 0x0000000086c00000, 0x0000000086c00000| Untracked 
|  79|0x0000000086d00000, 0x0000000086d00000, 0x0000000086e00000|  0%| F|  |TAMS 0x0000000086d00000, 0x0000000086d00000| Untracked 
|  80|0x0000000086e00000, 0x0000000086e00000, 0x0000000086f00000|  0%| F|  |TAMS 0x0000000086e00000, 0x0000000086e00000| Untracked 
|  81|0x0000000086f00000, 0x0000000086f00000, 0x0000000087000000|  0%| F|  |TAMS 0x0000000086f00000, 0x0000000086f00000| Untracked 
|  82|0x0000000087000000, 0x0000000087000000, 0x0000000087100000|  0%| F|  |TAMS 0x0000000087000000, 0x0000000087000000| Untracked 
|  83|0x0000000087100000, 0x0000000087100000, 0x0000000087200000|  0%| F|  |TAMS 0x0000000087100000, 0x0000000087100000| Untracked 
|  84|0x0000000087200000, 0x0000000087200000, 0x0000000087300000|  0%| F|  |TAMS 0x0000000087200000, 0x0000000087200000| Untracked 
|  85|0x0000000087300000, 0x0000000087300000, 0x0000000087400000|  0%| F|  |TAMS 0x0000000087300000, 0x0000000087300000| Untracked 
|  86|0x0000000087400000, 0x0000000087400000, 0x0000000087500000|  0%| F|  |TAMS 0x0000000087400000, 0x0000000087400000| Untracked 
|  87|0x0000000087500000, 0x0000000087500000, 0x0000000087600000|  0%| F|  |TAMS 0x0000000087500000, 0x0000000087500000| Untracked 
|  88|0x0000000087600000, 0x0000000087600000, 0x0000000087700000|  0%| F|  |TAMS 0x0000000087600000, 0x0000000087600000| Untracked 
|  89|0x0000000087700000, 0x0000000087700000, 0x0000000087800000|  0%| F|  |TAMS 0x0000000087700000, 0x0000000087700000| Untracked 
|  90|0x0000000087800000, 0x0000000087800000, 0x0000000087900000|  0%| F|  |TAMS 0x0000000087800000, 0x0000000087800000| Untracked 
|  91|0x0000000087900000, 0x0000000087900000, 0x0000000087a00000|  0%| F|  |TAMS 0x0000000087900000, 0x0000000087900000| Untracked 
|  92|0x0000000087a00000, 0x0000000087a00000, 0x0000000087b00000|  0%| F|  |TAMS 0x0000000087a00000, 0x0000000087a00000| Untracked 
|  93|0x0000000087b00000, 0x0000000087b00000, 0x0000000087c00000|  0%| F|  |TAMS 0x0000000087b00000, 0x0000000087b00000| Untracked 
|  94|0x0000000087c00000, 0x0000000087c00000, 0x0000000087d00000|  0%| F|  |TAMS 0x0000000087c00000, 0x0000000087c00000| Untracked 
|  95|0x0000000087d00000, 0x0000000087d00000, 0x0000000087e00000|  0%| F|  |TAMS 0x0000000087d00000, 0x0000000087d00000| Untracked 
|  96|0x0000000087e00000, 0x0000000087e00000, 0x0000000087f00000|  0%| F|  |TAMS 0x0000000087e00000, 0x0000000087e00000| Untracked 
|  97|0x0000000087f00000, 0x0000000087f00000, 0x0000000088000000|  0%| F|  |TAMS 0x0000000087f00000, 0x0000000087f00000| Untracked 
|  98|0x0000000088000000, 0x0000000088000000, 0x0000000088100000|  0%| F|  |TAMS 0x0000000088000000, 0x0000000088000000| Untracked 
|  99|0x0000000088100000, 0x0000000088100000, 0x0000000088200000|  0%| F|  |TAMS 0x0000000088100000, 0x0000000088100000| Untracked 
| 100|0x0000000088200000, 0x0000000088200000, 0x0000000088300000|  0%| F|  |TAMS 0x0000000088200000, 0x0000000088200000| Untracked 
| 101|0x0000000088300000, 0x0000000088300000, 0x0000000088400000|  0%| F|  |TAMS 0x0000000088300000, 0x0000000088300000| Untracked 
| 102|0x0000000088400000, 0x0000000088400000, 0x0000000088500000|  0%| F|  |TAMS 0x0000000088400000, 0x0000000088400000| Untracked 
| 103|0x0000000088500000, 0x0000000088581c10, 0x0000000088600000| 50%| E|  |TAMS 0x0000000088500000, 0x0000000088500000| Complete 
| 104|0x0000000088600000, 0x0000000088700000, 0x0000000088700000|100%| E|CS|TAMS 0x0000000088600000, 0x0000000088600000| Complete 
| 105|0x0000000088700000, 0x0000000088800000, 0x0000000088800000|100%| E|CS|TAMS 0x0000000088700000, 0x0000000088700000| Complete 
| 106|0x0000000088800000, 0x0000000088900000, 0x0000000088900000|100%| E|CS|TAMS 0x0000000088800000, 0x0000000088800000| Complete 
| 107|0x0000000088900000, 0x0000000088a00000, 0x0000000088a00000|100%| E|CS|TAMS 0x0000000088900000, 0x0000000088900000| Complete 
| 108|0x0000000088a00000, 0x0000000088b00000, 0x0000000088b00000|100%| E|CS|TAMS 0x0000000088a00000, 0x0000000088a00000| Complete 
| 109|0x0000000088b00000, 0x0000000088c00000, 0x0000000088c00000|100%| E|CS|TAMS 0x0000000088b00000, 0x0000000088b00000| Complete 
| 110|0x0000000088c00000, 0x0000000088d00000, 0x0000000088d00000|100%| E|CS|TAMS 0x0000000088c00000, 0x0000000088c00000| Complete 
| 111|0x0000000088d00000, 0x0000000088e00000, 0x0000000088e00000|100%| E|CS|TAMS 0x0000000088d00000, 0x0000000088d00000| Complete 
| 112|0x0000000088e00000, 0x0000000088f00000, 0x0000000088f00000|100%| E|CS|TAMS 0x0000000088e00000, 0x0000000088e00000| Complete 
| 113|0x0000000088f00000, 0x0000000089000000, 0x0000000089000000|100%| E|CS|TAMS 0x0000000088f00000, 0x0000000088f00000| Complete 
| 114|0x0000000089000000, 0x0000000089100000, 0x0000000089100000|100%| E|CS|TAMS 0x0000000089000000, 0x0000000089000000| Complete 
| 115|0x0000000089100000, 0x0000000089200000, 0x0000000089200000|100%| E|CS|TAMS 0x0000000089100000, 0x0000000089100000| Complete 
| 116|0x0000000089200000, 0x0000000089300000, 0x0000000089300000|100%| E|CS|TAMS 0x0000000089200000, 0x0000000089200000| Complete 
| 117|0x0000000089300000, 0x0000000089400000, 0x0000000089400000|100%| E|CS|TAMS 0x0000000089300000, 0x0000000089300000| Complete 
| 118|0x0000000089400000, 0x0000000089500000, 0x0000000089500000|100%| E|CS|TAMS 0x0000000089400000, 0x0000000089400000| Complete 
| 119|0x0000000089500000, 0x0000000089600000, 0x0000000089600000|100%| E|CS|TAMS 0x0000000089500000, 0x0000000089500000| Complete 
| 120|0x0000000089600000, 0x0000000089700000, 0x0000000089700000|100%| E|CS|TAMS 0x0000000089600000, 0x0000000089600000| Complete 
| 121|0x0000000089700000, 0x0000000089800000, 0x0000000089800000|100%| E|CS|TAMS 0x0000000089700000, 0x0000000089700000| Complete 
| 122|0x0000000089800000, 0x0000000089900000, 0x0000000089900000|100%| E|CS|TAMS 0x0000000089800000, 0x0000000089800000| Complete 
| 123|0x0000000089900000, 0x0000000089a00000, 0x0000000089a00000|100%| E|CS|TAMS 0x0000000089900000, 0x0000000089900000| Complete 
| 124|0x0000000089a00000, 0x0000000089b00000, 0x0000000089b00000|100%| E|CS|TAMS 0x0000000089a00000, 0x0000000089a00000| Complete 
| 125|0x0000000089b00000, 0x0000000089c00000, 0x0000000089c00000|100%| E|CS|TAMS 0x0000000089b00000, 0x0000000089b00000| Complete 
| 126|0x0000000089c00000, 0x0000000089d00000, 0x0000000089d00000|100%| E|CS|TAMS 0x0000000089c00000, 0x0000000089c00000| Complete 
| 127|0x0000000089d00000, 0x0000000089e00000, 0x0000000089e00000|100%| E|CS|TAMS 0x0000000089d00000, 0x0000000089d00000| Complete 
| 128|0x0000000089e00000, 0x0000000089f00000, 0x0000000089f00000|100%| E|CS|TAMS 0x0000000089e00000, 0x0000000089e00000| Complete 
| 129|0x0000000089f00000, 0x000000008a000000, 0x000000008a000000|100%| E|CS|TAMS 0x0000000089f00000, 0x0000000089f00000| Complete 
| 130|0x000000008a000000, 0x000000008a100000, 0x000000008a100000|100%| E|CS|TAMS 0x000000008a000000, 0x000000008a000000| Complete 
| 131|0x000000008a100000, 0x000000008a200000, 0x000000008a200000|100%| E|CS|TAMS 0x000000008a100000, 0x000000008a100000| Complete 
| 132|0x000000008a200000, 0x000000008a300000, 0x000000008a300000|100%| E|CS|TAMS 0x000000008a200000, 0x000000008a200000| Complete 
| 133|0x000000008a300000, 0x000000008a400000, 0x000000008a400000|100%| E|CS|TAMS 0x000000008a300000, 0x000000008a300000| Complete 
| 134|0x000000008a400000, 0x000000008a500000, 0x000000008a500000|100%| E|CS|TAMS 0x000000008a400000, 0x000000008a400000| Complete 
| 135|0x000000008a500000, 0x000000008a600000, 0x000000008a600000|100%| E|CS|TAMS 0x000000008a500000, 0x000000008a500000| Complete 
| 136|0x000000008a600000, 0x000000008a700000, 0x000000008a700000|100%| E|CS|TAMS 0x000000008a600000, 0x000000008a600000| Complete 
| 137|0x000000008a700000, 0x000000008a800000, 0x000000008a800000|100%| E|CS|TAMS 0x000000008a700000, 0x000000008a700000| Complete 
| 138|0x000000008a800000, 0x000000008a900000, 0x000000008a900000|100%| E|CS|TAMS 0x000000008a800000, 0x000000008a800000| Complete 
| 139|0x000000008a900000, 0x000000008aa00000, 0x000000008aa00000|100%| E|CS|TAMS 0x000000008a900000, 0x000000008a900000| Complete 
| 140|0x000000008aa00000, 0x000000008ab00000, 0x000000008ab00000|100%| E|CS|TAMS 0x000000008aa00000, 0x000000008aa00000| Complete 
| 141|0x000000008ab00000, 0x000000008ac00000, 0x000000008ac00000|100%| E|CS|TAMS 0x000000008ab00000, 0x000000008ab00000| Complete 
| 142|0x000000008ac00000, 0x000000008ad00000, 0x000000008ad00000|100%| E|CS|TAMS 0x000000008ac00000, 0x000000008ac00000| Complete 
| 143|0x000000008ad00000, 0x000000008ae00000, 0x000000008ae00000|100%| S|CS|TAMS 0x000000008ad00000, 0x000000008ad00000| Complete 
| 144|0x000000008ae00000, 0x000000008af00000, 0x000000008af00000|100%| S|CS|TAMS 0x000000008ae00000, 0x000000008ae00000| Complete 
| 145|0x000000008af00000, 0x000000008b000000, 0x000000008b000000|100%| S|CS|TAMS 0x000000008af00000, 0x000000008af00000| Complete 
| 146|0x000000008b000000, 0x000000008b100000, 0x000000008b100000|100%| S|CS|TAMS 0x000000008b000000, 0x000000008b000000| Complete 
| 147|0x000000008b100000, 0x000000008b200000, 0x000000008b200000|100%| S|CS|TAMS 0x000000008b100000, 0x000000008b100000| Complete 
| 148|0x000000008b200000, 0x000000008b300000, 0x000000008b300000|100%| S|CS|TAMS 0x000000008b200000, 0x000000008b200000| Complete 
| 149|0x000000008b300000, 0x000000008b400000, 0x000000008b400000|100%| E|CS|TAMS 0x000000008b300000, 0x000000008b300000| Complete 
| 150|0x000000008b400000, 0x000000008b500000, 0x000000008b500000|100%| E|CS|TAMS 0x000000008b400000, 0x000000008b400000| Complete 
| 151|0x000000008b500000, 0x000000008b600000, 0x000000008b600000|100%| E|CS|TAMS 0x000000008b500000, 0x000000008b500000| Complete 
| 152|0x000000008b600000, 0x000000008b700000, 0x000000008b700000|100%| E|CS|TAMS 0x000000008b600000, 0x000000008b600000| Complete 
| 153|0x000000008b700000, 0x000000008b800000, 0x000000008b800000|100%| E|CS|TAMS 0x000000008b700000, 0x000000008b700000| Complete 

Card table byte_map: [0x0000027519fe0000,0x000002751a3e0000] _byte_map_base: 0x0000027519bd1000

Marking Bits (Prev, Next): (CMBitMap*) 0x00000275035a3538, (CMBitMap*) 0x00000275035a3570
 Prev Bits: [0x000002751a7e0000, 0x000002751c768000)
 Next Bits: [0x000002751c770000, 0x000002751e6f8000)

Polling page: 0x00000275012b0000

Metaspace:

Usage:
  Non-class:     35.47 MB capacity,    34.81 MB ( 98%) used,   546.02 KB (  2%) free+waste,   130.81 KB ( <1%) overhead. 
      Class:      5.23 MB capacity,     4.78 MB ( 91%) used,   397.32 KB (  7%) free+waste,    63.94 KB (  1%) overhead. 
       Both:     40.71 MB capacity,    39.59 MB ( 97%) used,   943.34 KB (  2%) free+waste,   194.75 KB ( <1%) overhead. 

Virtual space:
  Non-class space:       36.00 MB reserved,      35.50 MB ( 99%) committed 
      Class space:        1.00 GB reserved,       5.25 MB ( <1%) committed 
             Both:        1.04 GB reserved,      40.75 MB (  4%) committed 

Chunk freelists:
   Non-Class:  3.63 KB
       Class:  2.13 KB
        Both:  5.75 KB

CodeHeap 'non-profiled nmethods': size=120064Kb used=2359Kb max_used=2359Kb free=117705Kb
 bounds [0x00000275126a0000, 0x0000027512910000, 0x0000027519be0000]
CodeHeap 'profiled nmethods': size=120000Kb used=9838Kb max_used=9838Kb free=110161Kb
 bounds [0x000002750b170000, 0x000002750bb10000, 0x00000275126a0000]
CodeHeap 'non-nmethods': size=5696Kb used=1139Kb max_used=1182Kb free=4557Kb
 bounds [0x000002750abe0000, 0x000002750ae50000, 0x000002750b170000]
 total_blobs=4734 nmethods=4268 adapters=377
 compilation: enabled
              stopped_count=0, restarted_count=0
 full_count=0

Compilation events (10 events):
Event: 10.797 Thread 0x0000027520c0d000 4288       3       java.lang.ModuleLayer::boot (4 bytes)
Event: 10.798 Thread 0x0000027520c0d000 nmethod 4288 0x000002750bb07e10 code [0x000002750bb07fa0, 0x000002750bb08098]
Event: 10.799 Thread 0x0000027520c0d000 4289       3       java.util.Calendar::internalSet (8 bytes)
Event: 10.799 Thread 0x0000027520c0d000 nmethod 4289 0x000002750bb08110 code [0x000002750bb082a0, 0x000002750bb083d8]
Event: 10.800 Thread 0x0000027520c0d000 4290       3       java.lang.StackTraceElement::<init> (10 bytes)
Event: 10.800 Thread 0x0000027520c0d000 nmethod 4290 0x000002750bb08490 code [0x000002750bb08620, 0x000002750bb08778]
Event: 10.800 Thread 0x0000027520c0d000 4291  s!   3       java.lang.StackTraceElement::computeFormat (71 bytes)
Event: 10.801 Thread 0x0000027520c0d000 nmethod 4291 0x000002750bb08810 code [0x000002750bb08a20, 0x000002750bb09358]
Event: 10.804 Thread 0x0000027520c0d000 4292   !   3       java.util.logging.LogManager::ensureLogManagerInitialized (144 bytes)
Event: 10.805 Thread 0x0000027520c0d000 nmethod 4292 0x000002750bb09610 code [0x000002750bb098a0, 0x000002750bb0a618]

GC Heap History (10 events):
Event: 2.983 GC heap before
{Heap before GC invocations=3 (full 0):
 garbage-first heap   total 131072K, used 34781K [0x0000000081e00000, 0x0000000100000000)
  region size 1024K, 29 young (29696K), 2 survivors (2048K)
 Metaspace       used 20788K, capacity 21226K, committed 21248K, reserved 1069056K
  class space    used 2341K, capacity 2560K, committed 2560K, reserved 1048576K
}
Event: 2.990 GC heap after
{Heap after GC invocations=4 (full 0):
 garbage-first heap   total 131072K, used 10279K [0x0000000081e00000, 0x0000000100000000)
  region size 1024K, 3 young (3072K), 3 survivors (3072K)
 Metaspace       used 20788K, capacity 21226K, committed 21248K, reserved 1069056K
  class space    used 2341K, capacity 2560K, committed 2560K, reserved 1048576K
}
Event: 3.766 GC heap before
{Heap before GC invocations=5 (full 0):
 garbage-first heap   total 131072K, used 54311K [0x0000000081e00000, 0x0000000100000000)
  region size 1024K, 46 young (47104K), 3 survivors (3072K)
 Metaspace       used 26001K, capacity 26630K, committed 26880K, reserved 1073152K
  class space    used 2998K, capacity 3230K, committed 3328K, reserved 1048576K
}
Event: 3.776 GC heap after
{Heap after GC invocations=6 (full 0):
 garbage-first heap   total 131072K, used 11923K [0x0000000081e00000, 0x0000000100000000)
  region size 1024K, 5 young (5120K), 5 survivors (5120K)
 Metaspace       used 26001K, capacity 26630K, committed 26880K, reserved 1073152K
  class space    used 2998K, capacity 3230K, committed 3328K, reserved 1048576K
}
Event: 5.035 GC heap before
{Heap before GC invocations=6 (full 0):
 garbage-first heap   total 131072K, used 67219K [0x0000000081e00000, 0x0000000100000000)
  region size 1024K, 60 young (61440K), 5 survivors (5120K)
 Metaspace       used 29528K, capacity 30180K, committed 30464K, reserved 1075200K
  class space    used 3439K, capacity 3737K, committed 3840K, reserved 1048576K
}
Event: 5.045 GC heap after
{Heap after GC invocations=7 (full 0):
 garbage-first heap   total 131072K, used 13972K [0x0000000081e00000, 0x0000000100000000)
  region size 1024K, 6 young (6144K), 6 survivors (6144K)
 Metaspace       used 29528K, capacity 30180K, committed 30464K, reserved 1075200K
  class space    used 3439K, capacity 3737K, committed 3840K, reserved 1048576K
}
Event: 7.978 GC heap before
{Heap before GC invocations=7 (full 0):
 garbage-first heap   total 131072K, used 85652K [0x0000000081e00000, 0x0000000100000000)
  region size 1024K, 76 young (77824K), 6 survivors (6144K)
 Metaspace       used 34429K, capacity 35298K, committed 35456K, reserved 1081344K
  class space    used 4089K, capacity 4410K, committed 4480K, reserved 1048576K
}
Event: 8.001 GC heap after
{Heap after GC invocations=8 (full 0):
 garbage-first heap   total 157696K, used 16491K [0x0000000081e00000, 0x0000000100000000)
  region size 1024K, 8 young (8192K), 8 survivors (8192K)
 Metaspace       used 34429K, capacity 35298K, committed 35456K, reserved 1081344K
  class space    used 4089K, capacity 4410K, committed 4480K, reserved 1048576K
}
Event: 8.177 GC heap before
{Heap before GC invocations=8 (full 0):
 garbage-first heap   total 157696K, used 20587K [0x0000000081e00000, 0x0000000100000000)
  region size 1024K, 13 young (13312K), 8 survivors (8192K)
 Metaspace       used 34920K, capacity 35811K, committed 35840K, reserved 1081344K
  class space    used 4134K, capacity 4453K, committed 4480K, reserved 1048576K
}
Event: 8.191 GC heap after
{Heap after GC invocations=9 (full 0):
 garbage-first heap   total 157696K, used 16288K [0x0000000081e00000, 0x0000000100000000)
  region size 1024K, 6 young (6144K), 6 survivors (6144K)
 Metaspace       used 34920K, capacity 35811K, committed 35840K, reserved 1081344K
  class space    used 4134K, capacity 4453K, committed 4480K, reserved 1048576K
}

Deoptimization events (10 events):
Event: 9.567 Thread 0x0000027522603000 Uncommon trap: reason=class_check action=maybe_recompile pc=0x00000275127cdbb8 method=java.util.concurrent.ConcurrentHashMap.putVal(Ljava/lang/Object;Ljava/lang/Object;Z)Ljava/lang/Object; @ 242 c2
Event: 9.731 Thread 0x0000027522603000 Uncommon trap: reason=bimorphic_or_optimized_type_check action=maybe_recompile pc=0x000002751281a970 method=java.util.Collections$SetFromMap.contains(Ljava/lang/Object;)Z @ 5 c2
Event: 9.793 Thread 0x0000027522603000 Uncommon trap: reason=unstable_if action=reinterpret pc=0x00000275128c80bc method=java.lang.PublicMethods$MethodList.filter([Ljava/lang/reflect/Method;Ljava/lang/String;[Ljava/lang/Class;Z)Ljava/lang/PublicMethods$MethodList; @ 58 c2
Event: 9.875 Thread 0x0000027522603000 Uncommon trap: reason=unstable_if action=reinterpret pc=0x0000027512786224 method=java.util.concurrent.ConcurrentHashMap.get(Ljava/lang/Object;)Ljava/lang/Object; @ 152 c2
Event: 9.905 Thread 0x0000027522603000 Uncommon trap: reason=bimorphic_or_optimized_type_check action=maybe_recompile pc=0x000002751281a970 method=java.util.Collections$SetFromMap.contains(Ljava/lang/Object;)Z @ 5 c2
Event: 9.919 Thread 0x0000027522603000 Uncommon trap: reason=class_check action=maybe_recompile pc=0x000002751283b068 method=org.springframework.core.ResolvableType.resolveType()Lorg/springframework/core/ResolvableType; @ 101 c2
Event: 9.953 Thread 0x0000027522603000 Uncommon trap: reason=unstable_if action=reinterpret pc=0x000002751274ea7c method=java.util.LinkedHashMap.get(Ljava/lang/Object;)Ljava/lang/Object; @ 20 c2
Event: 9.980 Thread 0x0000027522603000 Uncommon trap: reason=unstable_if action=reinterpret pc=0x00000275127bc920 method=sun.nio.fs.WindowsPathParser.normalize(Ljava/lang/StringBuilder;Ljava/lang/String;I)Ljava/lang/String; @ 100 c2
Event: 10.540 Thread 0x0000027522603000 Uncommon trap: reason=unstable_if action=reinterpret pc=0x00000275127cb508 method=java.util.Properties.loadConvert([CIILjava/lang/StringBuilder;)Ljava/lang/String; @ 130 c2
Event: 10.540 Thread 0x0000027522603000 Uncommon trap: reason=unstable_if action=reinterpret pc=0x00000275126df2a8 method=java.lang.StringBuilder.toString()Ljava/lang/String; @ 4 c2

Classes redefined (0 events):
No events

Internal exceptions (10 events):
Event: 9.529 Thread 0x0000027522603000 Implicit null exception at 0x00000275128aca11 to 0x00000275128ad11c
Event: 9.534 Thread 0x0000027522603000 Exception <a 'java/lang/NoSuchMethodError'{0x0000000089a6eeb0}: java.lang.invoke.DirectMethodHandle$Holder.invokeStatic(Ljava/lang/Object;Ljava/lang/Object;I)V> (0x0000000089a6eeb0) thrown at [./open/src/hotspot/share/interpreter/linkResolver.cpp, line 77
Event: 9.597 Thread 0x0000027522603000 Exception <a 'java/lang/NoSuchMethodError'{0x0000000089828ff0}: java.lang.invoke.DirectMethodHandle$Holder.invokeInterface(Ljava/lang/Object;Ljava/lang/Object;I)V> (0x0000000089828ff0) thrown at [./open/src/hotspot/share/interpreter/linkResolver.cpp, line
Event: 9.608 Thread 0x0000027522603000 Exception <a 'java/lang/IncompatibleClassChangeError'{0x0000000089873e48}: Found class java.lang.Object, but interface was expected> (0x0000000089873e48) thrown at [./open/src/hotspot/share/interpreter/linkResolver.cpp, line 838]
Event: 9.611 Thread 0x0000027522603000 Exception <a 'java/lang/NoSuchMethodError'{0x0000000089878cc8}: java.lang.invoke.DirectMethodHandle$Holder.invokeStatic(Ljava/lang/Object;ILjava/lang/Object;)V> (0x0000000089878cc8) thrown at [./open/src/hotspot/share/interpreter/linkResolver.cpp, line 77
Event: 9.984 Thread 0x0000027522603000 Exception <a 'java/lang/NoSuchMethodError'{0x000000008926d430}: java.lang.invoke.DirectMethodHandle$Holder.invokeStaticInit(Ljava/lang/Object;IIII)Ljava/lang/Object;> (0x000000008926d430) thrown at [./open/src/hotspot/share/interpreter/linkResolver.cpp, l
Event: 10.336 Thread 0x0000027522603000 Exception <a 'java/lang/NoSuchMethodError'{0x0000000089139e88}: java.lang.invoke.DirectMethodHandle$Holder.invokeStaticInit(Ljava/lang/Object;Ljava/lang/Object;IIII)Ljava/lang/Object;> (0x0000000089139e88) thrown at [./open/src/hotspot/share/interpreter/l
Event: 10.760 Thread 0x0000027522603000 Exception <a 'sun/nio/fs/WindowsException'{0x000000008878dd90}> (0x000000008878dd90) thrown at [./open/src/hotspot/share/prims/jni.cpp, line 611]
Event: 10.762 Thread 0x0000027522603000 Exception <a 'sun/nio/fs/WindowsException'{0x0000000088793b28}> (0x0000000088793b28) thrown at [./open/src/hotspot/share/prims/jni.cpp, line 611]
Event: 10.762 Thread 0x0000027522603000 Exception <a 'sun/nio/fs/WindowsException'{0x00000000887941f0}> (0x00000000887941f0) thrown at [./open/src/hotspot/share/prims/jni.cpp, line 611]

Events (10 events):
Event: 10.793 loading class org/apache/catalina/util/ServerInfo
Event: 10.793 loading class org/apache/catalina/util/ServerInfo done
Event: 10.798 loading class java/util/logging/LogRecord
Event: 10.798 loading class java/util/logging/LogRecord done
Event: 10.801 loading class org/apache/catalina/realm/X509SubjectDnRetriever
Event: 10.801 loading class org/apache/catalina/realm/X509SubjectDnRetriever done
Event: 10.803 loading class org/apache/catalina/core/ContainerBase$StartChild
Event: 10.803 loading class org/apache/catalina/core/ContainerBase$StartChild done
Event: 10.806 loading class org/apache/catalina/util/ContextName
Event: 10.806 loading class org/apache/catalina/util/ContextName done


Dynamic libraries:
0x00007ff622a10000 - 0x00007ff622a1f000 	C:\Program Files\Java\jdk-11.0.14\bin\java.exe
0x00007ff843f10000 - 0x00007ff844108000 	C:\Windows\SYSTEM32\ntdll.dll
0x00007ff842e90000 - 0x00007ff842f4f000 	C:\Windows\System32\KERNEL32.DLL
0x00007ff8419b0000 - 0x00007ff841c82000 	C:\Windows\System32\KERNELBASE.dll
0x00007ff841c90000 - 0x00007ff841d90000 	C:\Windows\System32\ucrtbase.dll
0x00007ff821b80000 - 0x00007ff821b95000 	C:\Program Files\Java\jdk-11.0.14\bin\VCRUNTIME140.dll
0x00007ff81f130000 - 0x00007ff81f148000 	C:\Program Files\Java\jdk-11.0.14\bin\jli.dll
0x00007ff843600000 - 0x00007ff8436ae000 	C:\Windows\System32\ADVAPI32.dll
0x00007ff842220000 - 0x00007ff8422be000 	C:\Windows\System32\msvcrt.dll
0x00007ff843150000 - 0x00007ff8431ec000 	C:\Windows\System32\sechost.dll
0x00007ff843020000 - 0x00007ff843145000 	C:\Windows\System32\RPCRT4.dll
0x00007ff843450000 - 0x00007ff8435f1000 	C:\Windows\System32\USER32.dll
0x00007ff82da80000 - 0x00007ff82dd1a000 	C:\Windows\WinSxS\amd64_microsoft.windows.common-controls_6595b64144ccf1df_6.0.19041.1110_none_60b5254171f9507e\COMCTL32.dll
0x00007ff842f50000 - 0x00007ff842f7b000 	C:\Windows\System32\GDI32.dll
0x00007ff841980000 - 0x00007ff8419a2000 	C:\Windows\System32\win32u.dll
0x00007ff841e40000 - 0x00007ff841f4f000 	C:\Windows\System32\gdi32full.dll
0x00007ff8417f0000 - 0x00007ff84188d000 	C:\Windows\System32\msvcp_win.dll
0x00007ff838330000 - 0x00007ff83833a000 	C:\Windows\SYSTEM32\VERSION.dll
0x00007ff843990000 - 0x00007ff8439c2000 	C:\Windows\System32\IMM32.DLL
0x00007ff80ca30000 - 0x00007ff80cacb000 	C:\Program Files\Java\jdk-11.0.14\bin\msvcp140.dll
0x00007ff8049b0000 - 0x00007ff8054c6000 	C:\Program Files\Java\jdk-11.0.14\bin\server\jvm.dll
0x00007ff8431f0000 - 0x00007ff8431f8000 	C:\Windows\System32\PSAPI.DLL
0x00007ff83cd60000 - 0x00007ff83cd69000 	C:\Windows\SYSTEM32\WSOCK32.dll
0x00007ff843330000 - 0x00007ff84339b000 	C:\Windows\System32\WS2_32.dll
0x00007ff8311e0000 - 0x00007ff831207000 	C:\Windows\SYSTEM32\WINMM.dll
0x00007ff83f480000 - 0x00007ff83f492000 	C:\Windows\SYSTEM32\kernel.appcore.dll
0x00007ff827430000 - 0x00007ff827440000 	C:\Program Files\Java\jdk-11.0.14\bin\verify.dll
0x00007ff82fd70000 - 0x00007ff82ff54000 	C:\Windows\SYSTEM32\DBGHELP.DLL
0x00007ff82f750000 - 0x00007ff82f785000 	C:\Windows\SYSTEM32\dbgcore.DLL
0x00007ff841760000 - 0x00007ff8417e2000 	C:\Windows\System32\bcryptPrimitives.dll
0x00007ff81ae00000 - 0x00007ff81ae28000 	C:\Program Files\Java\jdk-11.0.14\bin\java.dll
0x00007ff827320000 - 0x00007ff82732a000 	C:\Program Files\Java\jdk-11.0.14\bin\jimage.dll
0x00007ff83e0e0000 - 0x00007ff83e0ee000 	C:\Program Files\Java\jdk-11.0.14\bin\instrument.dll
0x00007ff81bef0000 - 0x00007ff81bf06000 	C:\Program Files\Java\jdk-11.0.14\bin\zip.dll
0x00007ff842740000 - 0x00007ff842e85000 	C:\Windows\System32\SHELL32.dll
0x00007ff83f680000 - 0x00007ff83fe12000 	C:\Windows\SYSTEM32\windows.storage.dll
0x00007ff843b70000 - 0x00007ff843ec5000 	C:\Windows\System32\combase.dll
0x00007ff840f80000 - 0x00007ff840fb0000 	C:\Windows\SYSTEM32\Wldp.dll
0x00007ff841fe0000 - 0x00007ff84208d000 	C:\Windows\System32\SHCORE.dll
0x00007ff842090000 - 0x00007ff8420e5000 	C:\Windows\System32\shlwapi.dll
0x00007ff841540000 - 0x00007ff84155f000 	C:\Windows\SYSTEM32\profapi.dll
0x00007ff816140000 - 0x00007ff816159000 	C:\Program Files\Java\jdk-11.0.14\bin\net.dll
0x00007ff838d30000 - 0x00007ff838e3c000 	C:\Windows\SYSTEM32\WINHTTP.dll
0x00007ff840d60000 - 0x00007ff840dca000 	C:\Windows\system32\mswsock.dll
0x00007ff816120000 - 0x00007ff816132000 	C:\Program Files\Java\jdk-11.0.14\bin\nio.dll
0x00007ff83bc40000 - 0x00007ff83bc5a000 	C:\Program Files\JetBrains\IntelliJ IDEA Community Edition 2021.3.2\bin\breakgen64.dll
0x00007ff83e050000 - 0x00007ff83e059000 	C:\Program Files\Java\jdk-11.0.14\bin\management.dll
0x00007ff83cd50000 - 0x00007ff83cd5b000 	C:\Program Files\Java\jdk-11.0.14\bin\management_ext.dll
0x00007ff82abd0000 - 0x00007ff82abe7000 	C:\Windows\system32\napinsp.dll
0x00007ff82acb0000 - 0x00007ff82accb000 	C:\Windows\system32\pnrpnsp.dll
0x00007ff82ac90000 - 0x00007ff82aca5000 	C:\Windows\system32\wshbth.dll
0x00007ff83d370000 - 0x00007ff83d38d000 	C:\Windows\system32\NLAapi.dll
0x00007ff840a20000 - 0x00007ff840a5b000 	C:\Windows\SYSTEM32\IPHLPAPI.DLL
0x00007ff840a60000 - 0x00007ff840b2b000 	C:\Windows\SYSTEM32\DNSAPI.dll
0x00007ff842730000 - 0x00007ff842738000 	C:\Windows\System32\NSI.dll
0x00007ff82ac70000 - 0x00007ff82ac82000 	C:\Windows\System32\winrnr.dll
0x00007ff833570000 - 0x00007ff83357a000 	C:\Windows\System32\rasadhlp.dll
0x00007ff8338d0000 - 0x00007ff833950000 	C:\Windows\System32\fwpuclnt.dll
0x00007ff8418e0000 - 0x00007ff841907000 	C:\Windows\System32\bcrypt.dll
0x00007ff840fc0000 - 0x00007ff840fd8000 	C:\Windows\SYSTEM32\CRYPTSP.dll
0x00007ff840630000 - 0x00007ff840664000 	C:\Windows\system32\rsaenh.dll
0x00007ff8414c0000 - 0x00007ff8414ee000 	C:\Windows\SYSTEM32\USERENV.dll
0x00007ff840ef0000 - 0x00007ff840efc000 	C:\Windows\SYSTEM32\CRYPTBASE.dll
0x00007ff8398c0000 - 0x00007ff8398d7000 	C:\Windows\SYSTEM32\dhcpcsvc6.DLL
0x00007ff83ab70000 - 0x00007ff83ab8d000 	C:\Windows\SYSTEM32\dhcpcsvc.DLL
0x00007ff834140000 - 0x00007ff834165000 	C:\Program Files\Java\jdk-11.0.14\bin\sunec.dll
0x00007ff83bc30000 - 0x00007ff83bc3d000 	C:\Program Files\Java\jdk-11.0.14\bin\sunmscapi.dll
0x00007ff841600000 - 0x00007ff841756000 	C:\Windows\System32\CRYPT32.dll
0x00007ff8410d0000 - 0x00007ff8410f7000 	C:\Windows\SYSTEM32\ncrypt.dll
0x00007ff841090000 - 0x00007ff8410cb000 	C:\Windows\SYSTEM32\NTASN1.dll

dbghelp: loaded successfully - version: 4.0.5 - missing functions: none
symbol engine: initialized successfully - sym options: 0x614 - pdb path: .;C:\Program Files\Java\jdk-11.0.14\bin;C:\Windows\SYSTEM32;C:\Windows\WinSxS\amd64_microsoft.windows.common-controls_6595b64144ccf1df_6.0.19041.1110_none_60b5254171f9507e;C:\Program Files\Java\jdk-11.0.14\bin\server;C:\Program Files\JetBrains\IntelliJ IDEA Community Edition 2021.3.2\bin

VM Arguments:
jvm_args: -javaagent:C:\Program Files\JetBrains\IntelliJ IDEA Community Edition 2021.3.2\lib\idea_rt.jar=58501:C:\Program Files\JetBrains\IntelliJ IDEA Community Edition 2021.3.2\bin -Dfile.encoding=UTF-8 
java_command: com.ss2fit.ss2backend.Ss2BackendApplication
java_class_path (initial): C:\Users\IBM\Desktop file\Documents\GitHub\SS2-Backend\target\classes;C:\Users\IBM\.m2\repository\org\springframework\boot\spring-boot-starter-web\2.6.6\spring-boot-starter-web-2.6.6.jar;C:\Users\IBM\.m2\repository\org\springframework\boot\spring-boot-starter\2.6.6\spring-boot-starter-2.6.6.jar;C:\Users\IBM\.m2\repository\org\springframework\boot\spring-boot-starter-logging\2.6.6\spring-boot-starter-logging-2.6.6.jar;C:\Users\IBM\.m2\repository\ch\qos\logback\logback-classic\1.2.11\logback-classic-1.2.11.jar;C:\Users\IBM\.m2\repository\ch\qos\logback\logback-core\1.2.11\logback-core-1.2.11.jar;C:\Users\IBM\.m2\repository\org\apache\logging\log4j\log4j-to-slf4j\2.17.2\log4j-to-slf4j-2.17.2.jar;C:\Users\IBM\.m2\repository\org\apache\logging\log4j\log4j-api\2.17.2\log4j-api-2.17.2.jar;C:\Users\IBM\.m2\repository\org\slf4j\jul-to-slf4j\1.7.36\jul-to-slf4j-1.7.36.jar;C:\Users\IBM\.m2\repository\jakarta\annotation\jakarta.annotation-api\1.3.5\jakarta.annotation-api-1.3.5.jar;C:\Users\IBM\.m2\repository\org\yaml\snakeyaml\1.29\snakeyaml-1.29.jar;C:\Users\IBM\.m2\repository\org\springframework\boot\spring-boot-starter-json\2.6.6\spring-boot-starter-json-2.6.6.jar;C:\Users\IBM\.m2\repository\com\fasterxml\jackson\datatype\jackson-datatype-jdk8\2.13.2\jackson-datatype-jdk8-2.13.2.jar;C:\Users\IBM\.m2\repository\com\fasterxml\jackson\datatype\jackson-datatype-jsr310\2.13.2\jackson-datatype-jsr310-2.13.2.jar;C:\Users\IBM\.m2\repository\com\fasterxml\jackson\module\jackson-module-parameter-names\2.13.2\jackson-module-parameter-names-2.13.2.jar;C:\Users\IBM\.m2\repository\org\springframework\boot\spring-boot-starter-tomcat\2.6.6\spring-boot-starter-tomcat-2.6.6.jar;C:\Users\IBM\.m2\repository\org\apache\tomcat\embed\tomcat-embed-core\9.0.60\tomcat-embed-core-9.0.60.jar;C:\Users\IBM\.m2\repository\org\apache\tomcat\embed\tomcat-embed-websocket\9.0.60\tomcat-embed-websocket-9.0.60.jar;C:\Users\IBM\.m2\repository\org\springframework\spring-web\5.3.18\spr
Launcher Type: SUN_STANDARD

[Global flags]
     intx CICompilerCount                          = 3                                         {product} {ergonomic}
     uint ConcGCThreads                            = 1                                         {product} {ergonomic}
     uint G1ConcRefinementThreads                  = 4                                         {product} {ergonomic}
   size_t G1HeapRegionSize                         = 1048576                                   {product} {ergonomic}
    uintx GCDrainStackTargetSize                   = 64                                        {product} {ergonomic}
   size_t InitialHeapSize                          = 134217728                                 {product} {ergonomic}
   size_t MarkStackSize                            = 4194304                                   {product} {ergonomic}
   size_t MaxHeapSize                              = 2116026368                                {product} {ergonomic}
   size_t MaxNewSize                               = 1268776960                                {product} {ergonomic}
   size_t MinHeapDeltaBytes                        = 1048576                                   {product} {ergonomic}
    uintx NonNMethodCodeHeapSize                   = 5830732                                {pd product} {ergonomic}
    uintx NonProfiledCodeHeapSize                  = 122913754                              {pd product} {ergonomic}
    uintx ProfiledCodeHeapSize                     = 122913754                              {pd product} {ergonomic}
    uintx ReservedCodeCacheSize                    = 251658240                              {pd product} {ergonomic}
     bool SegmentedCodeCache                       = true                                      {product} {ergonomic}
     bool UseCompressedClassPointers               = true                                 {lp64_product} {ergonomic}
     bool UseCompressedOops                        = true                                 {lp64_product} {ergonomic}
     bool UseG1GC                                  = true                                      {product} {ergonomic}
     bool UseLargePagesIndividualAllocation        = false                                  {pd product} {ergonomic}

Logging:
Log output configuration:
 #0: stdout all=warning uptime,level,tags
 #1: stderr all=off uptime,level,tags

Environment Variables:
PATH=C:\Program Files\Common Files\Oracle\Java\javapath;C:\Windows\system32;C:\Windows;C:\Windows\System32\Wbem;C:\Windows\System32\WindowsPowerShell\v1.0\;C:\Windows\System32\OpenSSH\;A:\Y4\T1\IPR\runtime\win64;A:\Y4\T1\IPR\bin;C:\Program Files\MongoDB\Server\6.0\bin;C:\Program Files\Git\cmd;C:\Program Files\Docker\Docker\resources\bin;C:\ProgramData\ComposerSetup\bin;C:\Program Files\nodejs\;C:\Users\IBM\AppData\Local\Microsoft\WindowsApps;C:\Program Files\JetBrains\IntelliJ IDEA 2021.3.2\bin;C:\xampp;;C:\Users\IBM\AppData\Local\Programs\Microsoft VS Code\bin;C:\xampp\php;C:\Program Files\nodejs;C:\Program Files\JetBrains\DataGrip 2022.2.5\bin;;C:\Program Files\heroku\bin;C:\Users\IBM\AppData\Roaming\Composer\vendor\bin;C:\Users\IBM\AppData\Roaming\npm;C:\Users\IBM\AppData\Local\GitHubDesktop\bin
USERNAME=IBM
OS=Windows_NT
PROCESSOR_IDENTIFIER=Intel64 Family 6 Model 78 Stepping 3, GenuineIntel



---------------  S Y S T E M  ---------------

OS: Windows 10 , 64 bit Build 19041 (10.0.19041.2546)
Hyper-V role detected

CPU:total 4 (initial active 4) (2 cores per cpu, 2 threads per core) family 6 model 78 stepping 3 microcode 0xec, cmov, cx8, fxsr, mmx, sse, sse2, sse3, ssse3, sse4.1, sse4.2, popcnt, avx, avx2, aes, clmul, erms, rtm, 3dnowpref, lzcnt, ht, tsc, tscinvbit, bmi1, bmi2, adx, fma

Memory: 4k page, system-wide physical 8067M (682M free)
TotalPageFile size 10567M (AvailPageFile size 3M)
current process WorkingSet (physical memory assigned to process): 269M, peak: 269M
current process commit charge ("private bytes"): 337M, peak: 337M

vm_info: Java HotSpot(TM) 64-Bit Server VM (11.0.14+8-LTS-263) for windows-amd64 JRE (11.0.14+8-LTS-263), built on Dec  7 2021 21:53:57 by "mach5one" with MS VC++ 15.9 (VS2017)

END.
