#
# There is insufficient memory for the Java Runtime Environment to continue.
# Native memory allocation (malloc) failed to allocate 1048576 bytes for AllocateHeap
# Possible reasons:
#   The system is out of physical RAM or swap space
#   The process is running with CompressedOops enabled, and the Java Heap may be blocking the growth of the native heap
# Possible solutions:
#   Reduce memory load on the system
#   Increase physical memory or swap space
#   Check if swap backing store is full
#   Decrease Java heap size (-Xmx/-Xms)
#   Decrease number of Java threads
#   Decrease Java thread stack sizes (-Xss)
#   Set larger code cache with -XX:ReservedCodeCacheSize=
#   JVM is running with Unscaled Compressed Oops mode in which the Java heap is
#     placed in the first 4GB address space. The Java Heap base address is the
#     maximum limit for the native heap growth. Please use -XX:HeapBaseMinAddress
#     to set the Java Heap base and to place the Java Heap above 4GB virtual address.
# This output file may be truncated or incomplete.
#
#  Out of Memory Error (allocation.cpp:44), pid=2920, tid=9036
#
# JRE version: OpenJDK Runtime Environment Temurin-17.0.6+10 (17.0.6+10) (build 17.0.6+10)
# Java VM: OpenJDK 64-Bit Server VM Temurin-17.0.6+10 (17.0.6+10, mixed mode, emulated-client, tiered, compressed oops, compressed class ptrs, g1 gc, windows-amd64)
# No core dump will be written. Minidumps are not enabled by default on client versions of Windows
#

---------------  S U M M A R Y ------------

Command Line: -XX:+HeapDumpOnOutOfMemoryError -Xmx1024m -Dsts.lsp.client=vscode -Dsts.log.file=/dev/null -XX:TieredStopAtLevel=1 -Xlog:jni+resolve=off -Dspring.config.location=file:c:\Users\IBM\.vscode\extensions\vmware.vscode-spring-boot-1.45.0\language-server\BOOT-INF\classes\application.properties org.springframework.ide.vscode.boot.app.BootLanguageServerBootApp

Host: Intel(R) Core(TM) i5-6300U CPU @ 2.40GHz, 4 cores, 7G,  Windows 10 , 64 bit Build 19041 (10.0.19041.2546)
Time: Wed Mar 15 09:41:28 2023 SE Asia Standard Time elapsed time: 1771.278859 seconds (0d 0h 29m 31s)

---------------  T H R E A D  ---------------

Current thread (0x000002206f505190):  VMThread "VM Thread" [stack: 0x0000008913000000,0x0000008913100000] [id=9036]

Stack: [0x0000008913000000,0x0000008913100000]
Native frames: (J=compiled Java code, j=interpreted, Vv=VM code, C=native code)
V  [jvm.dll+0x67741a]
V  [jvm.dll+0x834434]
V  [jvm.dll+0x835bde]
V  [jvm.dll+0x836243]
V  [jvm.dll+0x2457b5]
V  [jvm.dll+0xa626f]
V  [jvm.dll+0x2f5ad3]
V  [jvm.dll+0x2f17e0]
V  [jvm.dll+0x2d9ee7]
V  [jvm.dll+0x31ce67]
V  [jvm.dll+0x83a6eb]
V  [jvm.dll+0x83b424]
V  [jvm.dll+0x83b93c]
V  [jvm.dll+0x83bd14]
V  [jvm.dll+0x83bde0]
V  [jvm.dll+0x7e483a]
V  [jvm.dll+0x6762c5]
C  [ucrtbase.dll+0x21bb2]
C  [KERNEL32.DLL+0x17614]
C  [ntdll.dll+0x526a1]

VM_Operation (0x00000089143ff120): G1CollectFull, mode: safepoint, requested by thread 0x0000022071b4d930


---------------  P R O C E S S  ---------------

Threads class SMR info:
_java_thread_list=0x00000220720ae7c0, length=22, elements={
0x000002206f51b750, 0x000002206f51c4d0, 0x000002206f55b130, 0x000002206f55eb70,
0x000002206f55f430, 0x000002206f55fcf0, 0x000002206f560660, 0x000002206f560f60,
0x00000220701e03c0, 0x00000220701e5b50, 0x000002207097b9d0, 0x0000022071b4d460,
0x0000022071b4d930, 0x0000022071c0f2b0, 0x0000022064fc4e70, 0x00000220717ace00,
0x000002207195a6c0, 0x0000022071c82420, 0x0000022071edf4a0, 0x0000022073cbd860,
0x0000022073cbeba0, 0x0000022073cbe6d0
}

Java Threads: ( => current thread )
  0x000002206f51b750 JavaThread "Reference Handler" daemon [_thread_blocked, id=8720, stack(0x0000008913100000,0x0000008913200000)]
  0x000002206f51c4d0 JavaThread "Finalizer" daemon [_thread_blocked, id=3856, stack(0x0000008913200000,0x0000008913300000)]
  0x000002206f55b130 JavaThread "Signal Dispatcher" daemon [_thread_blocked, id=7064, stack(0x0000008913300000,0x0000008913400000)]
  0x000002206f55eb70 JavaThread "Attach Listener" daemon [_thread_blocked, id=12008, stack(0x0000008913400000,0x0000008913500000)]
  0x000002206f55f430 JavaThread "Service Thread" daemon [_thread_blocked, id=13020, stack(0x0000008913500000,0x0000008913600000)]
  0x000002206f55fcf0 JavaThread "Monitor Deflation Thread" daemon [_thread_blocked, id=11028, stack(0x0000008913600000,0x0000008913700000)]
  0x000002206f560660 JavaThread "C1 CompilerThread0" daemon [_thread_blocked, id=8448, stack(0x0000008913700000,0x0000008913800000)]
  0x000002206f560f60 JavaThread "Sweeper thread" daemon [_thread_blocked, id=1056, stack(0x0000008913800000,0x0000008913900000)]
  0x00000220701e03c0 JavaThread "Notification Thread" daemon [_thread_blocked, id=9692, stack(0x0000008913a00000,0x0000008913b00000)]
  0x00000220701e5b50 JavaThread "Common-Cleaner" daemon [_thread_blocked, id=5344, stack(0x0000008913c00000,0x0000008913d00000)]
  0x000002207097b9d0 JavaThread "boundedElastic-evictor-1" daemon [_thread_blocked, id=6500, stack(0x0000008914100000,0x0000008914200000)]
  0x0000022071b4d460 JavaThread "boundedElastic-evictor-2" daemon [_thread_blocked, id=8944, stack(0x0000008914200000,0x0000008914300000)]
  0x0000022071b4d930 JavaThread "pool-10-thread-1" [_thread_blocked, id=10016, stack(0x0000008914300000,0x0000008914400000)]
  0x0000022071c0f2b0 JavaThread "LanguageServerApp-lifecycle" [_thread_blocked, id=7632, stack(0x0000008914400000,0x0000008914500000)]
  0x0000022064fc4e70 JavaThread "DestroyJavaVM" [_thread_blocked, id=8284, stack(0x0000008912900000,0x0000008912a00000)]
  0x00000220717ace00 JavaThread "pool-11-thread-1" [_thread_in_native, id=12852, stack(0x0000008914500000,0x0000008914600000)]
  0x000002207195a6c0 JavaThread "Simple-Language-Server main thread" daemon [_thread_blocked, id=3068, stack(0x0000008914600000,0x0000008914700000)]
  0x0000022071c82420 JavaThread "pool-6-thread-1" [_thread_blocked, id=9284, stack(0x0000008914700000,0x0000008914800000)]
  0x0000022071edf4a0 JavaThread "parallel-1" daemon [_thread_blocked, id=9572, stack(0x0000008915100000,0x0000008915200000)]
  0x0000022073cbd860 JavaThread "pool-4-thread-1" [_thread_blocked, id=2460, stack(0x0000008915800000,0x0000008915900000)]
  0x0000022073cbeba0 JavaThread "parallel-2" daemon [_thread_blocked, id=10716, stack(0x0000008915900000,0x0000008915a00000)]
  0x0000022073cbe6d0 JavaThread "parallel-3" daemon [_thread_blocked, id=12060, stack(0x0000008914a00000,0x0000008914b00000)]

Other Threads:
=>0x000002206f505190 VMThread "VM Thread" [stack: 0x0000008913000000,0x0000008913100000] [id=9036]
  0x00000220701e0890 WatcherThread [stack: 0x0000008913b00000,0x0000008913c00000] [id=7424]
  0x0000022065001660 GCTaskThread "GC Thread#0" [stack: 0x0000008912b00000,0x0000008912c00000] [id=7184]
  0x00000220709baea0 GCTaskThread "GC Thread#1" [stack: 0x0000008913d00000,0x0000008913e00000] [id=1088]
  0x00000220709bb150 GCTaskThread "GC Thread#2" [stack: 0x0000008913e00000,0x0000008913f00000] [id=11088]
  0x0000022070b53f40 GCTaskThread "GC Thread#3" [stack: 0x0000008913f00000,0x0000008914000000] [id=11216]
  0x000002206500a4b0 ConcurrentGCThread "G1 Main Marker" [stack: 0x0000008912c00000,0x0000008912d00000] [id=9452]
  0x000002206500add0 ConcurrentGCThread "G1 Conc#0" [stack: 0x0000008912d00000,0x0000008912e00000] [id=12208]
  0x0000022065081d90 ConcurrentGCThread "G1 Refine#0" [stack: 0x0000008912e00000,0x0000008912f00000] [id=5848]
  0x000002207200b130 ConcurrentGCThread "G1 Refine#1" [stack: 0x0000008915600000,0x0000008915700000] [id=5048]
  0x0000022073c4e4b0 ConcurrentGCThread "G1 Refine#2" [stack: 0x0000008915700000,0x0000008915800000] [id=11644]
  0x00000220723ae030 ConcurrentGCThread "G1 Refine#3" [stack: 0x0000008914900000,0x0000008914a00000] [id=11480]
  0x00000220650826c0 ConcurrentGCThread "G1 Service" [stack: 0x0000008912f00000,0x0000008913000000] [id=9192]

Threads with active compile tasks:

VM state: at safepoint (normal execution)

VM Mutex/Monitor currently owned by a thread:  ([mutex/lock_event])
[0x0000022062f2d470] Threads_lock - owner thread: 0x000002206f505190
[0x0000022064fb47d0] Heap_lock - owner thread: 0x0000022071b4d930

Heap address: 0x00000000c0000000, size: 1024 MB, Compressed Oops mode: 32-bit

CDS archive(s) not mapped
Compressed class space mapped at: 0x0000000100000000-0x0000000140000000, reserved size: 1073741824
Narrow klass base: 0x0000000000000000, Narrow klass shift: 3, Narrow klass range: 0x140000000

GC Precious Log:
 CPUs: 4 total, 4 available
 Memory: 8067M
 Large Page Support: Disabled
 NUMA Support: Disabled
 Compressed Oops: Enabled (32-bit)
 Heap Region Size: 1M
 Heap Min Capacity: 8M
 Heap Initial Capacity: 128M
 Heap Max Capacity: 1G
 Pre-touch: Disabled
 Parallel Workers: 4
 Concurrent Workers: 1
 Concurrent Refinement Workers: 4
 Periodic GC: Disabled

Heap:
 garbage-first heap   total 133120K, used 39475K [0x00000000c0000000, 0x0000000100000000)
  region size 1024K, 1 young (1024K), 0 survivors (0K)
 Metaspace       used 69862K, committed 70656K, reserved 1114112K
  class space    used 9505K, committed 9792K, reserved 1048576K

Heap Regions: E=young(eden), S=young(survivor), O=old, HS=humongous(starts), HC=humongous(continues), CS=collection set, F=free, OA=open archive, CA=closed archive, TAMS=top-at-mark-start (previous, next)
|   0|0x00000000c0000000, 0x00000000c0100000, 0x00000000c0100000|100%| O|  |TAMS 0x00000000c0100000, 0x00000000c0000000| Untracked 
|   1|0x00000000c0100000, 0x00000000c01ffff8, 0x00000000c0200000| 99%| O|  |TAMS 0x00000000c01ffff8, 0x00000000c0100000| Untracked 
|   2|0x00000000c0200000, 0x00000000c02fffe0, 0x00000000c0300000| 99%| O|  |TAMS 0x00000000c02fffe0, 0x00000000c0200000| Untracked 
|   3|0x00000000c0300000, 0x00000000c0400000, 0x00000000c0400000|100%| O|  |TAMS 0x00000000c0400000, 0x00000000c0300000| Untracked 
|   4|0x00000000c0400000, 0x00000000c04fff90, 0x00000000c0500000| 99%| O|  |TAMS 0x00000000c04fff90, 0x00000000c0400000| Untracked 
|   5|0x00000000c0500000, 0x00000000c0600000, 0x00000000c0600000|100%| O|  |TAMS 0x00000000c0600000, 0x00000000c0500000| Untracked 
|   6|0x00000000c0600000, 0x00000000c06fffd8, 0x00000000c0700000| 99%| O|  |TAMS 0x00000000c06fffd8, 0x00000000c0600000| Untracked 
|   7|0x00000000c0700000, 0x00000000c07ffff8, 0x00000000c0800000| 99%| O|  |TAMS 0x00000000c07ffff8, 0x00000000c0700000| Untracked 
|   8|0x00000000c0800000, 0x00000000c08fffa8, 0x00000000c0900000| 99%| O|  |TAMS 0x00000000c08fffa8, 0x00000000c0800000| Untracked 
|   9|0x00000000c0900000, 0x00000000c09ffff0, 0x00000000c0a00000| 99%| O|  |TAMS 0x00000000c09ffff0, 0x00000000c0900000| Untracked 
|  10|0x00000000c0a00000, 0x00000000c0afffb0, 0x00000000c0b00000| 99%| O|  |TAMS 0x00000000c0afffb0, 0x00000000c0a00000| Untracked 
|  11|0x00000000c0b00000, 0x00000000c0bffff8, 0x00000000c0c00000| 99%| O|  |TAMS 0x00000000c0bffff8, 0x00000000c0b00000| Untracked 
|  12|0x00000000c0c00000, 0x00000000c0cfffd8, 0x00000000c0d00000| 99%| O|  |TAMS 0x00000000c0cfffd8, 0x00000000c0c00000| Untracked 
|  13|0x00000000c0d00000, 0x00000000c0dfe498, 0x00000000c0e00000| 99%| O|  |TAMS 0x00000000c0dfe498, 0x00000000c0d00000| Untracked 
|  14|0x00000000c0e00000, 0x00000000c0effff0, 0x00000000c0f00000| 99%| O|  |TAMS 0x00000000c0effff0, 0x00000000c0e00000| Untracked 
|  15|0x00000000c0f00000, 0x00000000c1000000, 0x00000000c1000000|100%| O|  |TAMS 0x00000000c1000000, 0x00000000c0f00000| Untracked 
|  16|0x00000000c1000000, 0x00000000c10fa828, 0x00000000c1100000| 97%| O|  |TAMS 0x00000000c10fa828, 0x00000000c1000000| Untracked 
|  17|0x00000000c1100000, 0x00000000c11ffff8, 0x00000000c1200000| 99%| O|  |TAMS 0x00000000c11ffff8, 0x00000000c1100000| Untracked 
|  18|0x00000000c1200000, 0x00000000c12ffff8, 0x00000000c1300000| 99%| O|  |TAMS 0x00000000c12ffff8, 0x00000000c1200000| Untracked 
|  19|0x00000000c1300000, 0x00000000c1400000, 0x00000000c1400000|100%| O|  |TAMS 0x00000000c1400000, 0x00000000c1300000| Untracked 
|  20|0x00000000c1400000, 0x00000000c14fffe8, 0x00000000c1500000| 99%| O|  |TAMS 0x00000000c14fffe8, 0x00000000c1400000| Untracked 
|  21|0x00000000c1500000, 0x00000000c15ffff8, 0x00000000c1600000| 99%| O|  |TAMS 0x00000000c15ffff8, 0x00000000c1500000| Untracked 
|  22|0x00000000c1600000, 0x00000000c16ffff8, 0x00000000c1700000| 99%| O|  |TAMS 0x00000000c16ffff8, 0x00000000c1600000| Untracked 
|  23|0x00000000c1700000, 0x00000000c17fef70, 0x00000000c1800000| 99%| O|  |TAMS 0x00000000c17fef70, 0x00000000c1700000| Untracked 
|  24|0x00000000c1800000, 0x00000000c18ffb40, 0x00000000c1900000| 99%| O|  |TAMS 0x00000000c18ffb40, 0x00000000c1800000| Untracked 
|  25|0x00000000c1900000, 0x00000000c19fffe8, 0x00000000c1a00000| 99%| O|  |TAMS 0x00000000c19fffe8, 0x00000000c1900000| Untracked 
|  26|0x00000000c1a00000, 0x00000000c1affff0, 0x00000000c1b00000| 99%| O|  |TAMS 0x00000000c1affff0, 0x00000000c1a00000| Untracked 
|  27|0x00000000c1b00000, 0x00000000c1bfffb8, 0x00000000c1c00000| 99%| O|  |TAMS 0x00000000c1bfffb8, 0x00000000c1b00000| Untracked 
|  28|0x00000000c1c00000, 0x00000000c1cfffe8, 0x00000000c1d00000| 99%| O|  |TAMS 0x00000000c1cfffe8, 0x00000000c1c00000| Untracked 
|  29|0x00000000c1d00000, 0x00000000c1dfffc0, 0x00000000c1e00000| 99%| O|  |TAMS 0x00000000c1dfffc0, 0x00000000c1d00000| Untracked 
|  30|0x00000000c1e00000, 0x00000000c1efffb8, 0x00000000c1f00000| 99%| O|  |TAMS 0x00000000c1efffb8, 0x00000000c1e00000| Untracked 
|  31|0x00000000c1f00000, 0x00000000c1fffff0, 0x00000000c2000000| 99%| O|  |TAMS 0x00000000c1fffff0, 0x00000000c1f00000| Untracked 
|  32|0x00000000c2000000, 0x00000000c20ffff8, 0x00000000c2100000| 99%| O|  |TAMS 0x00000000c20ffff8, 0x00000000c2000000| Untracked 
|  33|0x00000000c2100000, 0x00000000c21b9ab0, 0x00000000c2200000| 72%| O|  |TAMS 0x00000000c2100000, 0x00000000c2100000| Untracked 
|  34|0x00000000c2200000, 0x00000000c22fffa0, 0x00000000c2300000| 99%| O|  |TAMS 0x00000000c22fffa0, 0x00000000c2200000| Untracked 
|  35|0x00000000c2300000, 0x00000000c23dbfd0, 0x00000000c2400000| 85%| O|  |TAMS 0x00000000c2300000, 0x00000000c2300000| Untracked 
|  36|0x00000000c2400000, 0x00000000c2400000, 0x00000000c2500000|  0%| F|  |TAMS 0x00000000c2400000, 0x00000000c2400000| Untracked 
|  37|0x00000000c2500000, 0x00000000c2500000, 0x00000000c2600000|  0%| F|  |TAMS 0x00000000c2500000, 0x00000000c2500000| Untracked 
|  38|0x00000000c2600000, 0x00000000c2600000, 0x00000000c2700000|  0%| F|  |TAMS 0x00000000c2600000, 0x00000000c2600000| Untracked 
|  39|0x00000000c2700000, 0x00000000c27ffff8, 0x00000000c2800000| 99%| O|  |TAMS 0x00000000c27ffff8, 0x00000000c2700000| Untracked 
|  40|0x00000000c2800000, 0x00000000c2800000, 0x00000000c2900000|  0%| F|  |TAMS 0x00000000c2800000, 0x00000000c2800000| Untracked 
|  41|0x00000000c2900000, 0x00000000c2900000, 0x00000000c2a00000|  0%| F|  |TAMS 0x00000000c2900000, 0x00000000c2900000| Untracked 
|  42|0x00000000c2a00000, 0x00000000c2a00000, 0x00000000c2b00000|  0%| F|  |TAMS 0x00000000c2a00000, 0x00000000c2a00000| Untracked 
|  43|0x00000000c2b00000, 0x00000000c2b00000, 0x00000000c2c00000|  0%| F|  |TAMS 0x00000000c2b00000, 0x00000000c2b00000| Untracked 
|  44|0x00000000c2c00000, 0x00000000c2c00000, 0x00000000c2d00000|  0%| F|  |TAMS 0x00000000c2c00000, 0x00000000c2c00000| Untracked 
|  45|0x00000000c2d00000, 0x00000000c2d00000, 0x00000000c2e00000|  0%| F|  |TAMS 0x00000000c2d00000, 0x00000000c2d00000| Untracked 
|  46|0x00000000c2e00000, 0x00000000c2e00000, 0x00000000c2f00000|  0%| F|  |TAMS 0x00000000c2e00000, 0x00000000c2e00000| Untracked 
|  47|0x00000000c2f00000, 0x00000000c3000000, 0x00000000c3000000|100%| O|  |TAMS 0x00000000c3000000, 0x00000000c2f00000| Untracked 
|  48|0x00000000c3000000, 0x00000000c3000000, 0x00000000c3100000|  0%| F|  |TAMS 0x00000000c3000000, 0x00000000c3000000| Untracked 
|  49|0x00000000c3100000, 0x00000000c3100000, 0x00000000c3200000|  0%| F|  |TAMS 0x00000000c3100000, 0x00000000c3100000| Untracked 
|  50|0x00000000c3200000, 0x00000000c3200000, 0x00000000c3300000|  0%| F|  |TAMS 0x00000000c3200000, 0x00000000c3200000| Untracked 
|  51|0x00000000c3300000, 0x00000000c3300000, 0x00000000c3400000|  0%| F|  |TAMS 0x00000000c3300000, 0x00000000c3300000| Untracked 
|  52|0x00000000c3400000, 0x00000000c3400000, 0x00000000c3500000|  0%| F|  |TAMS 0x00000000c3400000, 0x00000000c3400000| Untracked 
|  53|0x00000000c3500000, 0x00000000c3500000, 0x00000000c3600000|  0%| F|  |TAMS 0x00000000c3500000, 0x00000000c3500000| Untracked 
|  54|0x00000000c3600000, 0x00000000c3600000, 0x00000000c3700000|  0%| F|  |TAMS 0x00000000c3600000, 0x00000000c3600000| Untracked 
|  55|0x00000000c3700000, 0x00000000c3700000, 0x00000000c3800000|  0%| F|  |TAMS 0x00000000c3700000, 0x00000000c3700000| Untracked 
|  56|0x00000000c3800000, 0x00000000c3800000, 0x00000000c3900000|  0%| F|  |TAMS 0x00000000c3800000, 0x00000000c3800000| Untracked 
|  57|0x00000000c3900000, 0x00000000c3900000, 0x00000000c3a00000|  0%| F|  |TAMS 0x00000000c3900000, 0x00000000c3900000| Untracked 
|  58|0x00000000c3a00000, 0x00000000c3a00000, 0x00000000c3b00000|  0%| F|  |TAMS 0x00000000c3a00000, 0x00000000c3a00000| Untracked 
|  59|0x00000000c3b00000, 0x00000000c3b00000, 0x00000000c3c00000|  0%| F|  |TAMS 0x00000000c3b00000, 0x00000000c3b00000| Untracked 
|  60|0x00000000c3c00000, 0x00000000c3c00000, 0x00000000c3d00000|  0%| F|  |TAMS 0x00000000c3c00000, 0x00000000c3c00000| Untracked 
|  61|0x00000000c3d00000, 0x00000000c3d00000, 0x00000000c3e00000|  0%| F|  |TAMS 0x00000000c3d00000, 0x00000000c3d00000| Untracked 
|  62|0x00000000c3e00000, 0x00000000c3e00000, 0x00000000c3f00000|  0%| F|  |TAMS 0x00000000c3e00000, 0x00000000c3e00000| Untracked 
|  63|0x00000000c3f00000, 0x00000000c3f00000, 0x00000000c4000000|  0%| F|  |TAMS 0x00000000c3f00000, 0x00000000c3f00000| Untracked 
|  64|0x00000000c4000000, 0x00000000c4100000, 0x00000000c4100000|100%|HS|  |TAMS 0x00000000c4100000, 0x00000000c4000000| Untracked 
|  65|0x00000000c4100000, 0x00000000c4100000, 0x00000000c4200000|  0%| F|  |TAMS 0x00000000c4100000, 0x00000000c4100000| Untracked 
|  66|0x00000000c4200000, 0x00000000c4200000, 0x00000000c4300000|  0%| F|  |TAMS 0x00000000c4200000, 0x00000000c4200000| Untracked 
|  67|0x00000000c4300000, 0x00000000c4300000, 0x00000000c4400000|  0%| F|  |TAMS 0x00000000c4300000, 0x00000000c4300000| Untracked 
|  68|0x00000000c4400000, 0x00000000c4400000, 0x00000000c4500000|  0%| F|  |TAMS 0x00000000c4400000, 0x00000000c4400000| Untracked 
|  69|0x00000000c4500000, 0x00000000c4500000, 0x00000000c4600000|  0%| F|  |TAMS 0x00000000c4500000, 0x00000000c4500000| Untracked 
|  70|0x00000000c4600000, 0x00000000c4600000, 0x00000000c4700000|  0%| F|  |TAMS 0x00000000c4600000, 0x00000000c4600000| Untracked 
|  71|0x00000000c4700000, 0x00000000c4700000, 0x00000000c4800000|  0%| F|  |TAMS 0x00000000c4700000, 0x00000000c4700000| Untracked 
|  72|0x00000000c4800000, 0x00000000c4800000, 0x00000000c4900000|  0%| F|  |TAMS 0x00000000c4800000, 0x00000000c4800000| Untracked 
|  73|0x00000000c4900000, 0x00000000c4900000, 0x00000000c4a00000|  0%| F|  |TAMS 0x00000000c4900000, 0x00000000c4900000| Untracked 
|  74|0x00000000c4a00000, 0x00000000c4a00000, 0x00000000c4b00000|  0%| F|  |TAMS 0x00000000c4a00000, 0x00000000c4a00000| Untracked 
|  75|0x00000000c4b00000, 0x00000000c4b00000, 0x00000000c4c00000|  0%| F|  |TAMS 0x00000000c4b00000, 0x00000000c4b00000| Untracked 
|  76|0x00000000c4c00000, 0x00000000c4c00000, 0x00000000c4d00000|  0%| F|  |TAMS 0x00000000c4c00000, 0x00000000c4c00000| Untracked 
|  77|0x00000000c4d00000, 0x00000000c4d00000, 0x00000000c4e00000|  0%| F|  |TAMS 0x00000000c4d00000, 0x00000000c4d00000| Untracked 
|  78|0x00000000c4e00000, 0x00000000c4e00000, 0x00000000c4f00000|  0%| F|  |TAMS 0x00000000c4e00000, 0x00000000c4e00000| Untracked 
|  79|0x00000000c4f00000, 0x00000000c4f00000, 0x00000000c5000000|  0%| F|  |TAMS 0x00000000c4f00000, 0x00000000c4f00000| Untracked 
|  80|0x00000000c5000000, 0x00000000c5000000, 0x00000000c5100000|  0%| F|  |TAMS 0x00000000c5000000, 0x00000000c5000000| Untracked 
|  81|0x00000000c5100000, 0x00000000c5100000, 0x00000000c5200000|  0%| F|  |TAMS 0x00000000c5100000, 0x00000000c5100000| Untracked 
|  82|0x00000000c5200000, 0x00000000c5200000, 0x00000000c5300000|  0%| F|  |TAMS 0x00000000c5200000, 0x00000000c5200000| Untracked 
|  83|0x00000000c5300000, 0x00000000c5300000, 0x00000000c5400000|  0%| F|  |TAMS 0x00000000c5300000, 0x00000000c5300000| Untracked 
|  84|0x00000000c5400000, 0x00000000c5400000, 0x00000000c5500000|  0%| F|  |TAMS 0x00000000c5400000, 0x00000000c5400000| Untracked 
|  85|0x00000000c5500000, 0x00000000c5500000, 0x00000000c5600000|  0%| F|  |TAMS 0x00000000c5500000, 0x00000000c5500000| Untracked 
|  86|0x00000000c5600000, 0x00000000c5600000, 0x00000000c5700000|  0%| F|  |TAMS 0x00000000c5600000, 0x00000000c5600000| Untracked 
|  87|0x00000000c5700000, 0x00000000c5700000, 0x00000000c5800000|  0%| F|  |TAMS 0x00000000c5700000, 0x00000000c5700000| Untracked 
|  88|0x00000000c5800000, 0x00000000c5800000, 0x00000000c5900000|  0%| F|  |TAMS 0x00000000c5800000, 0x00000000c5800000| Untracked 
|  89|0x00000000c5900000, 0x00000000c5900000, 0x00000000c5a00000|  0%| F|  |TAMS 0x00000000c5900000, 0x00000000c5900000| Untracked 
|  90|0x00000000c5a00000, 0x00000000c5a00000, 0x00000000c5b00000|  0%| F|  |TAMS 0x00000000c5a00000, 0x00000000c5a00000| Untracked 
|  91|0x00000000c5b00000, 0x00000000c5b00000, 0x00000000c5c00000|  0%| F|  |TAMS 0x00000000c5b00000, 0x00000000c5b00000| Untracked 
|  92|0x00000000c5c00000, 0x00000000c5c00000, 0x00000000c5d00000|  0%| F|  |TAMS 0x00000000c5c00000, 0x00000000c5c00000| Untracked 
|  93|0x00000000c5d00000, 0x00000000c5d00000, 0x00000000c5e00000|  0%| F|  |TAMS 0x00000000c5d00000, 0x00000000c5d00000| Untracked 
|  94|0x00000000c5e00000, 0x00000000c5e00000, 0x00000000c5f00000|  0%| F|  |TAMS 0x00000000c5e00000, 0x00000000c5e00000| Untracked 
|  95|0x00000000c5f00000, 0x00000000c5f00000, 0x00000000c6000000|  0%| F|  |TAMS 0x00000000c5f00000, 0x00000000c5f00000| Untracked 
|  96|0x00000000c6000000, 0x00000000c6000000, 0x00000000c6100000|  0%| F|  |TAMS 0x00000000c6000000, 0x00000000c6000000| Untracked 
|  97|0x00000000c6100000, 0x00000000c6100000, 0x00000000c6200000|  0%| F|  |TAMS 0x00000000c6100000, 0x00000000c6100000| Untracked 
|  98|0x00000000c6200000, 0x00000000c6200000, 0x00000000c6300000|  0%| F|  |TAMS 0x00000000c6200000, 0x00000000c6200000| Untracked 
|  99|0x00000000c6300000, 0x00000000c6300000, 0x00000000c6400000|  0%| F|  |TAMS 0x00000000c6300000, 0x00000000c6300000| Untracked 
| 100|0x00000000c6400000, 0x00000000c6400000, 0x00000000c6500000|  0%| F|  |TAMS 0x00000000c6400000, 0x00000000c6400000| Untracked 
| 101|0x00000000c6500000, 0x00000000c6500000, 0x00000000c6600000|  0%| F|  |TAMS 0x00000000c6500000, 0x00000000c6500000| Untracked 
| 102|0x00000000c6600000, 0x00000000c6600000, 0x00000000c6700000|  0%| F|  |TAMS 0x00000000c6600000, 0x00000000c6600000| Untracked 
| 103|0x00000000c6700000, 0x00000000c6700000, 0x00000000c6800000|  0%| F|  |TAMS 0x00000000c6700000, 0x00000000c6700000| Untracked 
| 104|0x00000000c6800000, 0x00000000c6800000, 0x00000000c6900000|  0%| F|  |TAMS 0x00000000c6800000, 0x00000000c6800000| Untracked 
| 105|0x00000000c6900000, 0x00000000c6900000, 0x00000000c6a00000|  0%| F|  |TAMS 0x00000000c6900000, 0x00000000c6900000| Untracked 
| 106|0x00000000c6a00000, 0x00000000c6a00000, 0x00000000c6b00000|  0%| F|  |TAMS 0x00000000c6a00000, 0x00000000c6a00000| Untracked 
| 107|0x00000000c6b00000, 0x00000000c6b00000, 0x00000000c6c00000|  0%| F|  |TAMS 0x00000000c6b00000, 0x00000000c6b00000| Untracked 
| 108|0x00000000c6c00000, 0x00000000c6c00000, 0x00000000c6d00000|  0%| F|  |TAMS 0x00000000c6c00000, 0x00000000c6c00000| Untracked 
| 109|0x00000000c6d00000, 0x00000000c6d00000, 0x00000000c6e00000|  0%| F|  |TAMS 0x00000000c6d00000, 0x00000000c6d00000| Untracked 
| 110|0x00000000c6e00000, 0x00000000c6e00000, 0x00000000c6f00000|  0%| F|  |TAMS 0x00000000c6e00000, 0x00000000c6e00000| Untracked 
| 111|0x00000000c6f00000, 0x00000000c6f00000, 0x00000000c7000000|  0%| F|  |TAMS 0x00000000c6f00000, 0x00000000c6f00000| Untracked 
| 112|0x00000000c7000000, 0x00000000c7000000, 0x00000000c7100000|  0%| F|  |TAMS 0x00000000c7000000, 0x00000000c7000000| Untracked 
| 113|0x00000000c7100000, 0x00000000c7100000, 0x00000000c7200000|  0%| F|  |TAMS 0x00000000c7100000, 0x00000000c7100000| Untracked 
| 114|0x00000000c7200000, 0x00000000c7200000, 0x00000000c7300000|  0%| F|  |TAMS 0x00000000c7200000, 0x00000000c7200000| Untracked 
| 115|0x00000000c7300000, 0x00000000c7300000, 0x00000000c7400000|  0%| F|  |TAMS 0x00000000c7300000, 0x00000000c7300000| Untracked 
| 116|0x00000000c7400000, 0x00000000c7400000, 0x00000000c7500000|  0%| F|  |TAMS 0x00000000c7400000, 0x00000000c7400000| Untracked 
| 117|0x00000000c7500000, 0x00000000c7500000, 0x00000000c7600000|  0%| F|  |TAMS 0x00000000c7500000, 0x00000000c7500000| Untracked 
| 118|0x00000000c7600000, 0x00000000c7600000, 0x00000000c7700000|  0%| F|  |TAMS 0x00000000c7600000, 0x00000000c7600000| Untracked 
| 119|0x00000000c7700000, 0x00000000c7700000, 0x00000000c7800000|  0%| F|  |TAMS 0x00000000c7700000, 0x00000000c7700000| Untracked 
| 120|0x00000000c7800000, 0x00000000c7800000, 0x00000000c7900000|  0%| F|  |TAMS 0x00000000c7800000, 0x00000000c7800000| Untracked 
| 121|0x00000000c7900000, 0x00000000c7900000, 0x00000000c7a00000|  0%| F|  |TAMS 0x00000000c7900000, 0x00000000c7900000| Untracked 
| 122|0x00000000c7a00000, 0x00000000c7a00000, 0x00000000c7b00000|  0%| F|  |TAMS 0x00000000c7a00000, 0x00000000c7a00000| Untracked 
| 123|0x00000000c7b00000, 0x00000000c7b00000, 0x00000000c7c00000|  0%| F|  |TAMS 0x00000000c7b00000, 0x00000000c7b00000| Untracked 
| 124|0x00000000c7c00000, 0x00000000c7c00000, 0x00000000c7d00000|  0%| F|  |TAMS 0x00000000c7c00000, 0x00000000c7c00000| Untracked 
| 125|0x00000000c7d00000, 0x00000000c7d00000, 0x00000000c7e00000|  0%| F|  |TAMS 0x00000000c7d00000, 0x00000000c7d00000| Untracked 
| 126|0x00000000c7e00000, 0x00000000c7e00000, 0x00000000c7f00000|  0%| F|  |TAMS 0x00000000c7e00000, 0x00000000c7e00000| Untracked 
| 127|0x00000000c7f00000, 0x00000000c7f00000, 0x00000000c8000000|  0%| F|  |TAMS 0x00000000c7f00000, 0x00000000c7f00000| Untracked 
| 128|0x00000000c8000000, 0x00000000c8000000, 0x00000000c8100000|  0%| F|  |TAMS 0x00000000c8000000, 0x00000000c8000000| Untracked 
| 129|0x00000000c8100000, 0x00000000c813aac0, 0x00000000c8200000| 22%| E|  |TAMS 0x00000000c8100000, 0x00000000c8100000| Complete 

Card table byte_map: [0x000002206ac50000,0x000002206ae50000] _byte_map_base: 0x000002206a650000

Marking Bits (Prev, Next): (CMBitMap*) 0x0000022065001bc0, (CMBitMap*) 0x0000022065001b80
 Prev Bits: [0x000002206c050000, 0x000002206d050000)
 Next Bits: [0x000002206b050000, 0x000002206c050000)

Polling page: 0x0000022062ed0000

Metaspace:

Usage:
  Non-class:     58.94 MB used.
      Class:      9.28 MB used.
       Both:     68.22 MB used.

Virtual space:
  Non-class space:       64.00 MB reserved,      59.44 MB ( 93%) committed,  8 nodes.
      Class space:        1.00 GB reserved,       9.56 MB ( <1%) committed,  1 nodes.
             Both:        1.06 GB reserved,      69.00 MB (  6%) committed. 

Chunk freelists:
   Non-Class:  4.02 MB
       Class:  2.56 MB
        Both:  6.58 MB

MaxMetaspaceSize: unlimited
CompressedClassSpaceSize: 1.00 GB
Initial GC threshold: 21.00 MB
Current GC threshold: 115.00 MB
CDS: off
MetaspaceReclaimPolicy: balanced
 - commit_granule_bytes: 65536.
 - commit_granule_words: 8192.
 - virtual_space_node_default_size: 1048576.
 - enlarge_chunks_in_place: 1.
 - new_chunks_are_fully_committed: 0.
 - uncommit_free_chunks: 1.
 - use_allocation_guard: 0.
 - handle_deallocations: 1.


Internal statistics:

num_allocs_failed_limit: 8.
num_arena_births: 668.
num_arena_deaths: 206.
num_vsnodes_births: 9.
num_vsnodes_deaths: 0.
num_space_committed: 1104.
num_space_uncommitted: 0.
num_chunks_returned_to_freelist: 258.
num_chunks_taken_from_freelist: 2911.
num_chunk_merges: 93.
num_chunk_splits: 2092.
num_chunks_enlarged: 1613.
num_purges: 6.
num_inconsistent_stats: 0.

CodeCache: size=49152Kb used=20055Kb max_used=21071Kb free=29096Kb
 bounds [0x0000022067c50000, 0x00000220690f0000, 0x000002206ac50000]
 total_blobs=11765 nmethods=11088 adapters=603
 compilation: enabled
              stopped_count=0, restarted_count=0
 full_count=0

Compilation events (20 events):
Event: 1288.131 Thread 0x000002206f560660 11271       1       java.util.concurrent.ConcurrentLinkedDeque::toArray (6 bytes)
Event: 1288.132 Thread 0x000002206f560660 nmethod 11271 0x0000022068cfb610 code [0x0000022068cfb7a0, 0x0000022068cfb888]
Event: 1320.560 Thread 0x000002206f560660 11273       1       org.springframework.ide.vscode.commons.languageserver.util.SimpleLanguageServer::getParentProcessId (5 bytes)
Event: 1320.561 Thread 0x000002206f560660 nmethod 11273 0x0000022068cfb310 code [0x0000022068cfb4a0, 0x0000022068cfb578]
Event: 1382.499 Thread 0x000002206f560660 11274       1       java.io.FileInputStream::<init> (59 bytes)
Event: 1382.500 Thread 0x000002206f560660 nmethod 11274 0x0000022068cfaa10 code [0x0000022068cfac00, 0x0000022068cfb0c8]
Event: 1382.500 Thread 0x000002206f560660 11275       1       java.lang.Process$PipeInputStream::<init> (6 bytes)
Event: 1382.500 Thread 0x000002206f560660 nmethod 11275 0x0000022068cfa710 code [0x0000022068cfa8a0, 0x0000022068cfa988]
Event: 1382.636 Thread 0x000002206f560660 11276       1       java.lang.ProcessImpl::exitValue (28 bytes)
Event: 1382.684 Thread 0x000002206f560660 nmethod 11276 0x0000022068cfa310 code [0x0000022068cfa4c0, 0x0000022068cfa618]
Event: 1382.684 Thread 0x000002206f560660 11279   !   1       com.google.common.io.Closeables::closeQuietly (19 bytes)
Event: 1382.684 Thread 0x000002206f560660 nmethod 11279 0x0000022068cf9f10 code [0x0000022068cfa0c0, 0x0000022068cfa238]
Event: 1382.684 Thread 0x000002206f560660 11277       1       java.lang.ProcessImpl::getInputStream (5 bytes)
Event: 1382.684 Thread 0x000002206f560660 nmethod 11277 0x0000022068cf9c10 code [0x0000022068cf9da0, 0x0000022068cf9e78]
Event: 1382.684 Thread 0x000002206f560660 11278       1       java.lang.ProcessImpl::getErrorStream (5 bytes)
Event: 1382.684 Thread 0x000002206f560660 nmethod 11278 0x0000022068cf9910 code [0x0000022068cf9aa0, 0x0000022068cf9b78]
Event: 1382.684 Thread 0x000002206f560660 11280       1       java.lang.ProcessImpl::getOutputStream (5 bytes)
Event: 1382.685 Thread 0x000002206f560660 nmethod 11280 0x0000022068cf9610 code [0x0000022068cf97a0, 0x0000022068cf9878]
Event: 1718.669 Thread 0x000002206f560660 11281       1       java.util.Properties::getProperty (16 bytes)
Event: 1718.670 Thread 0x000002206f560660 nmethod 11281 0x0000022068cf9310 code [0x0000022068cf94a0, 0x0000022068cf95a8]

GC Heap History (20 events):
Event: 1667.043 GC heap before
{Heap before GC invocations=199 (full 154):
 garbage-first heap   total 133120K, used 39475K [0x00000000c0000000, 0x0000000100000000)
  region size 1024K, 1 young (1024K), 0 survivors (0K)
 Metaspace       used 69862K, committed 70656K, reserved 1114112K
  class space    used 9505K, committed 9792K, reserved 1048576K
}
Event: 1667.102 GC heap after
{Heap after GC invocations=200 (full 155):
 garbage-first heap   total 133120K, used 39475K [0x00000000c0000000, 0x0000000100000000)
  region size 1024K, 0 young (0K), 0 survivors (0K)
 Metaspace       used 69862K, committed 70656K, reserved 1114112K
  class space    used 9505K, committed 9792K, reserved 1048576K
}
Event: 1677.621 GC heap before
{Heap before GC invocations=200 (full 155):
 garbage-first heap   total 133120K, used 39475K [0x00000000c0000000, 0x0000000100000000)
  region size 1024K, 1 young (1024K), 0 survivors (0K)
 Metaspace       used 69862K, committed 70656K, reserved 1114112K
  class space    used 9505K, committed 9792K, reserved 1048576K
}
Event: 1677.695 GC heap after
{Heap after GC invocations=201 (full 156):
 garbage-first heap   total 133120K, used 39475K [0x00000000c0000000, 0x0000000100000000)
  region size 1024K, 0 young (0K), 0 survivors (0K)
 Metaspace       used 69862K, committed 70656K, reserved 1114112K
  class space    used 9505K, committed 9792K, reserved 1048576K
}
Event: 1688.203 GC heap before
{Heap before GC invocations=201 (full 156):
 garbage-first heap   total 133120K, used 39475K [0x00000000c0000000, 0x0000000100000000)
  region size 1024K, 1 young (1024K), 0 survivors (0K)
 Metaspace       used 69862K, committed 70656K, reserved 1114112K
  class space    used 9505K, committed 9792K, reserved 1048576K
}
Event: 1688.275 GC heap after
{Heap after GC invocations=202 (full 157):
 garbage-first heap   total 133120K, used 39475K [0x00000000c0000000, 0x0000000100000000)
  region size 1024K, 0 young (0K), 0 survivors (0K)
 Metaspace       used 69862K, committed 70656K, reserved 1114112K
  class space    used 9505K, committed 9792K, reserved 1048576K
}
Event: 1698.420 GC heap before
{Heap before GC invocations=202 (full 157):
 garbage-first heap   total 133120K, used 39475K [0x00000000c0000000, 0x0000000100000000)
  region size 1024K, 1 young (1024K), 0 survivors (0K)
 Metaspace       used 69862K, committed 70656K, reserved 1114112K
  class space    used 9505K, committed 9792K, reserved 1048576K
}
Event: 1698.468 GC heap after
{Heap after GC invocations=203 (full 158):
 garbage-first heap   total 133120K, used 39475K [0x00000000c0000000, 0x0000000100000000)
  region size 1024K, 0 young (0K), 0 survivors (0K)
 Metaspace       used 69862K, committed 70656K, reserved 1114112K
  class space    used 9505K, committed 9792K, reserved 1048576K
}
Event: 1708.616 GC heap before
{Heap before GC invocations=203 (full 158):
 garbage-first heap   total 133120K, used 39475K [0x00000000c0000000, 0x0000000100000000)
  region size 1024K, 1 young (1024K), 0 survivors (0K)
 Metaspace       used 69862K, committed 70656K, reserved 1114112K
  class space    used 9505K, committed 9792K, reserved 1048576K
}
Event: 1708.666 GC heap after
{Heap after GC invocations=204 (full 159):
 garbage-first heap   total 133120K, used 39475K [0x00000000c0000000, 0x0000000100000000)
  region size 1024K, 0 young (0K), 0 survivors (0K)
 Metaspace       used 69862K, committed 70656K, reserved 1114112K
  class space    used 9505K, committed 9792K, reserved 1048576K
}
Event: 1718.831 GC heap before
{Heap before GC invocations=204 (full 159):
 garbage-first heap   total 133120K, used 39475K [0x00000000c0000000, 0x0000000100000000)
  region size 1024K, 1 young (1024K), 0 survivors (0K)
 Metaspace       used 69862K, committed 70656K, reserved 1114112K
  class space    used 9505K, committed 9792K, reserved 1048576K
}
Event: 1718.884 GC heap after
{Heap after GC invocations=205 (full 160):
 garbage-first heap   total 133120K, used 39475K [0x00000000c0000000, 0x0000000100000000)
  region size 1024K, 0 young (0K), 0 survivors (0K)
 Metaspace       used 69862K, committed 70656K, reserved 1114112K
  class space    used 9505K, committed 9792K, reserved 1048576K
}
Event: 1729.063 GC heap before
{Heap before GC invocations=205 (full 160):
 garbage-first heap   total 133120K, used 39475K [0x00000000c0000000, 0x0000000100000000)
  region size 1024K, 1 young (1024K), 0 survivors (0K)
 Metaspace       used 69862K, committed 70656K, reserved 1114112K
  class space    used 9505K, committed 9792K, reserved 1048576K
}
Event: 1729.118 GC heap after
{Heap after GC invocations=206 (full 161):
 garbage-first heap   total 133120K, used 39475K [0x00000000c0000000, 0x0000000100000000)
  region size 1024K, 0 young (0K), 0 survivors (0K)
 Metaspace       used 69862K, committed 70656K, reserved 1114112K
  class space    used 9505K, committed 9792K, reserved 1048576K
}
Event: 1739.263 GC heap before
{Heap before GC invocations=206 (full 161):
 garbage-first heap   total 133120K, used 39475K [0x00000000c0000000, 0x0000000100000000)
  region size 1024K, 1 young (1024K), 0 survivors (0K)
 Metaspace       used 69862K, committed 70656K, reserved 1114112K
  class space    used 9505K, committed 9792K, reserved 1048576K
}
Event: 1739.316 GC heap after
{Heap after GC invocations=207 (full 162):
 garbage-first heap   total 133120K, used 39475K [0x00000000c0000000, 0x0000000100000000)
  region size 1024K, 0 young (0K), 0 survivors (0K)
 Metaspace       used 69862K, committed 70656K, reserved 1114112K
  class space    used 9505K, committed 9792K, reserved 1048576K
}
Event: 1749.570 GC heap before
{Heap before GC invocations=207 (full 162):
 garbage-first heap   total 133120K, used 39475K [0x00000000c0000000, 0x0000000100000000)
  region size 1024K, 1 young (1024K), 0 survivors (0K)
 Metaspace       used 69862K, committed 70656K, reserved 1114112K
  class space    used 9505K, committed 9792K, reserved 1048576K
}
Event: 1749.629 GC heap after
{Heap after GC invocations=208 (full 163):
 garbage-first heap   total 133120K, used 39475K [0x00000000c0000000, 0x0000000100000000)
  region size 1024K, 0 young (0K), 0 survivors (0K)
 Metaspace       used 69862K, committed 70656K, reserved 1114112K
  class space    used 9505K, committed 9792K, reserved 1048576K
}
Event: 1759.841 GC heap before
{Heap before GC invocations=208 (full 163):
 garbage-first heap   total 133120K, used 39475K [0x00000000c0000000, 0x0000000100000000)
  region size 1024K, 1 young (1024K), 0 survivors (0K)
 Metaspace       used 69862K, committed 70656K, reserved 1114112K
  class space    used 9505K, committed 9792K, reserved 1048576K
}
Event: 1759.901 GC heap after
{Heap after GC invocations=209 (full 164):
 garbage-first heap   total 133120K, used 39475K [0x00000000c0000000, 0x0000000100000000)
  region size 1024K, 0 young (0K), 0 survivors (0K)
 Metaspace       used 69862K, committed 70656K, reserved 1114112K
  class space    used 9505K, committed 9792K, reserved 1048576K
}

Dll operation events (10 events):
Event: 0.015 Loaded shared library c:\Users\IBM\.vscode\extensions\redhat.java-1.15.0-win32-x64\jre\17.0.6-win32-x86_64\bin\java.dll
Event: 2.271 Loaded shared library C:\Users\IBM\.vscode\extensions\redhat.java-1.15.0-win32-x64\jre\17.0.6-win32-x86_64\bin\net.dll
Event: 2.273 Loaded shared library C:\Users\IBM\.vscode\extensions\redhat.java-1.15.0-win32-x64\jre\17.0.6-win32-x86_64\bin\nio.dll
Event: 2.290 Loaded shared library C:\Users\IBM\.vscode\extensions\redhat.java-1.15.0-win32-x64\jre\17.0.6-win32-x86_64\bin\zip.dll
Event: 3.123 Loaded shared library C:\Users\IBM\.vscode\extensions\redhat.java-1.15.0-win32-x64\jre\17.0.6-win32-x86_64\bin\jimage.dll
Event: 8.166 Loaded shared library C:\Users\IBM\.vscode\extensions\redhat.java-1.15.0-win32-x64\jre\17.0.6-win32-x86_64\bin\management.dll
Event: 8.172 Loaded shared library C:\Users\IBM\.vscode\extensions\redhat.java-1.15.0-win32-x64\jre\17.0.6-win32-x86_64\bin\management_ext.dll
Event: 11.396 Loaded shared library C:\Users\IBM\.vscode\extensions\redhat.java-1.15.0-win32-x64\jre\17.0.6-win32-x86_64\bin\sunmscapi.dll
Event: 17.634 Loaded shared library c:\Users\IBM\.vscode\extensions\redhat.java-1.15.0-win32-x64\jre\17.0.6-win32-x86_64\bin\verify.dll
Event: 21.838 Loaded shared library C:\Users\IBM\AppData\Local\Temp\snappy-1.1.8-dee7dc35-5dc8-42b5-a02d-b8dc1f7532b5-snappyjava.dll

Deoptimization events (20 events):
Event: 21.353 Thread 0x0000022073cbf540 DEOPT PACKING pc=0x0000022068df1e2c sp=0x0000008914bfbfe0
Event: 21.353 Thread 0x0000022073cbf540 DEOPT UNPACKING pc=0x0000022067ca7143 sp=0x0000008914bfb578 mode 0
Event: 21.354 Thread 0x0000022073cbf540 DEOPT PACKING pc=0x0000022068dd1a0c sp=0x0000008914bfc910
Event: 21.354 Thread 0x0000022073cbf540 DEOPT UNPACKING pc=0x0000022067ca7143 sp=0x0000008914bfbe58 mode 0
Event: 21.358 Thread 0x0000022073cbf540 DEOPT PACKING pc=0x0000022068dd1a6c sp=0x0000008914bfcc70
Event: 21.358 Thread 0x0000022073cbf540 DEOPT UNPACKING pc=0x0000022067ca7143 sp=0x0000008914bfc1c0 mode 0
Event: 21.358 Thread 0x0000022073cbf540 DEOPT PACKING pc=0x0000022068dd1a6c sp=0x0000008914bfcf00
Event: 21.358 Thread 0x0000022073cbf540 DEOPT UNPACKING pc=0x0000022067ca7143 sp=0x0000008914bfc450 mode 0
Event: 21.367 Thread 0x0000022073cbf540 DEOPT PACKING pc=0x0000022068dd1a6c sp=0x0000008914bfd230
Event: 21.367 Thread 0x0000022073cbf540 DEOPT UNPACKING pc=0x0000022067ca7143 sp=0x0000008914bfc780 mode 0
Event: 21.370 Thread 0x0000022073cbf540 DEOPT PACKING pc=0x0000022068dd1a6c sp=0x0000008914bfd4f0
Event: 21.370 Thread 0x0000022073cbf540 DEOPT UNPACKING pc=0x0000022067ca7143 sp=0x0000008914bfca40 mode 0
Event: 21.370 Thread 0x0000022073cbf540 DEOPT PACKING pc=0x0000022068dd1a6c sp=0x0000008914bfd820
Event: 21.370 Thread 0x0000022073cbf540 DEOPT UNPACKING pc=0x0000022067ca7143 sp=0x0000008914bfcd70 mode 0
Event: 21.371 Thread 0x0000022073cbf540 DEOPT PACKING pc=0x0000022068dd1a6c sp=0x0000008914bfdae0
Event: 21.371 Thread 0x0000022073cbf540 DEOPT UNPACKING pc=0x0000022067ca7143 sp=0x0000008914bfd030 mode 0
Event: 21.371 Thread 0x0000022073cbf540 DEOPT PACKING pc=0x0000022068dd1a6c sp=0x0000008914bfde10
Event: 21.371 Thread 0x0000022073cbf540 DEOPT UNPACKING pc=0x0000022067ca7143 sp=0x0000008914bfd360 mode 0
Event: 21.371 Thread 0x0000022073cbf540 DEOPT PACKING pc=0x0000022068dd1a6c sp=0x0000008914bfe0f0
Event: 21.371 Thread 0x0000022073cbf540 DEOPT UNPACKING pc=0x0000022067ca7143 sp=0x0000008914bfd640 mode 0

Classes unloaded (20 events):
Event: 144.798 Thread 0x000002206f505190 Unloading class 0x0000000100355400 'java/lang/invoke/LambdaForm$MH+0x0000000100355400'
Event: 144.798 Thread 0x000002206f505190 Unloading class 0x0000000100355000 'java/lang/invoke/LambdaForm$MH+0x0000000100355000'
Event: 144.799 Thread 0x000002206f505190 Unloading class 0x0000000100091c00 'java/lang/invoke/LambdaForm$MH+0x0000000100091c00'
Event: 144.799 Thread 0x000002206f505190 Unloading class 0x0000000100091800 'java/lang/invoke/LambdaForm$MH+0x0000000100091800'
Event: 144.799 Thread 0x000002206f505190 Unloading class 0x0000000100091400 'java/lang/invoke/LambdaForm$MH+0x0000000100091400'
Event: 144.799 Thread 0x000002206f505190 Unloading class 0x0000000100091000 'java/lang/invoke/LambdaForm$MH+0x0000000100091000'
Event: 144.799 Thread 0x000002206f505190 Unloading class 0x0000000100090c00 'java/lang/invoke/LambdaForm$MH+0x0000000100090c00'
Event: 144.799 Thread 0x000002206f505190 Unloading class 0x0000000100090800 'java/lang/invoke/LambdaForm$MH+0x0000000100090800'
Event: 144.799 Thread 0x000002206f505190 Unloading class 0x0000000100090400 'java/lang/invoke/LambdaForm$MH+0x0000000100090400'
Event: 144.799 Thread 0x000002206f505190 Unloading class 0x0000000100090000 'java/lang/invoke/LambdaForm$MH+0x0000000100090000'
Event: 144.799 Thread 0x000002206f505190 Unloading class 0x000000010008b800 'java/lang/invoke/LambdaForm$MH+0x000000010008b800'
Event: 144.799 Thread 0x000002206f505190 Unloading class 0x000000010008b400 'java/lang/invoke/LambdaForm$MH+0x000000010008b400'
Event: 144.799 Thread 0x000002206f505190 Unloading class 0x000000010008b000 'java/lang/invoke/LambdaForm$MH+0x000000010008b000'
Event: 144.799 Thread 0x000002206f505190 Unloading class 0x000000010008ac00 'java/lang/invoke/LambdaForm$MH+0x000000010008ac00'
Event: 144.799 Thread 0x000002206f505190 Unloading class 0x000000010008a800 'java/lang/invoke/LambdaForm$MH+0x000000010008a800'
Event: 144.799 Thread 0x000002206f505190 Unloading class 0x000000010008a400 'java/lang/invoke/LambdaForm$MH+0x000000010008a400'
Event: 144.799 Thread 0x000002206f505190 Unloading class 0x0000000100089c00 'java/lang/invoke/LambdaForm$MH+0x0000000100089c00'
Event: 144.799 Thread 0x000002206f505190 Unloading class 0x0000000100089400 'java/lang/invoke/LambdaForm$MH+0x0000000100089400'
Event: 144.799 Thread 0x000002206f505190 Unloading class 0x0000000100088c00 'java/lang/invoke/LambdaForm$MH+0x0000000100088c00'
Event: 144.799 Thread 0x000002206f505190 Unloading class 0x0000000100088400 'java/lang/invoke/LambdaForm$MH+0x0000000100088400'

Classes redefined (0 events):
No events

Internal exceptions (20 events):
Event: 23.630 Thread 0x0000022073cbf540 Exception <a 'sun/nio/fs/WindowsException'{0x00000000dc361a58}> (0x00000000dc361a58) 
thrown [s\src\hotspot\share\prims\jni.cpp, line 516]
Event: 23.630 Thread 0x0000022073cbf540 Exception <a 'sun/nio/fs/WindowsException'{0x00000000dc361e30}> (0x00000000dc361e30) 
thrown [s\src\hotspot\share\prims\jni.cpp, line 516]
Event: 23.632 Thread 0x0000022073cbf540 Exception <a 'sun/nio/fs/WindowsException'{0x00000000dc390570}> (0x00000000dc390570) 
thrown [s\src\hotspot\share\prims\jni.cpp, line 516]
Event: 23.632 Thread 0x0000022073cbf540 Exception <a 'sun/nio/fs/WindowsException'{0x00000000dc390900}> (0x00000000dc390900) 
thrown [s\src\hotspot\share\prims\jni.cpp, line 516]
Event: 23.632 Thread 0x0000022073cbf540 Exception <a 'sun/nio/fs/WindowsException'{0x00000000dc391890}> (0x00000000dc391890) 
thrown [s\src\hotspot\share\prims\jni.cpp, line 516]
Event: 23.632 Thread 0x0000022073cbf540 Exception <a 'sun/nio/fs/WindowsException'{0x00000000dc391c48}> (0x00000000dc391c48) 
thrown [s\src\hotspot\share\prims\jni.cpp, line 516]
Event: 23.633 Thread 0x0000022073cbf540 Exception <a 'sun/nio/fs/WindowsException'{0x00000000dc3b1c88}> (0x00000000dc3b1c88) 
thrown [s\src\hotspot\share\prims\jni.cpp, line 516]
Event: 23.634 Thread 0x0000022073cbf540 Exception <a 'sun/nio/fs/WindowsException'{0x00000000dc3b2018}> (0x00000000dc3b2018) 
thrown [s\src\hotspot\share\prims\jni.cpp, line 516]
Event: 23.634 Thread 0x0000022073cbf540 Exception <a 'sun/nio/fs/WindowsException'{0x00000000dc3b2f98}> (0x00000000dc3b2f98) 
thrown [s\src\hotspot\share\prims\jni.cpp, line 516]
Event: 23.634 Thread 0x0000022073cbf540 Exception <a 'sun/nio/fs/WindowsException'{0x00000000dc3b3348}> (0x00000000dc3b3348) 
thrown [s\src\hotspot\share\prims\jni.cpp, line 516]
Event: 23.637 Thread 0x0000022073cbf540 Exception <a 'sun/nio/fs/WindowsException'{0x00000000dc3f3440}> (0x00000000dc3f3440) 
thrown [s\src\hotspot\share\prims\jni.cpp, line 516]
Event: 23.637 Thread 0x0000022073cbf540 Exception <a 'sun/nio/fs/WindowsException'{0x00000000dc3f37f8}> (0x00000000dc3f37f8) 
thrown [s\src\hotspot\share\prims\jni.cpp, line 516]
Event: 23.638 Thread 0x0000022073cbf540 Exception <a 'sun/nio/fs/WindowsException'{0x00000000dc3f4ce8}> (0x00000000dc3f4ce8) 
thrown [s\src\hotspot\share\prims\jni.cpp, line 516]
Event: 23.638 Thread 0x0000022073cbf540 Exception <a 'sun/nio/fs/WindowsException'{0x00000000dc3f50c0}> (0x00000000dc3f50c0) 
thrown [s\src\hotspot\share\prims\jni.cpp, line 516]
Event: 23.640 Thread 0x0000022073cbf540 Exception <a 'sun/nio/fs/WindowsException'{0x00000000dc218498}> (0x00000000dc218498) 
thrown [s\src\hotspot\share\prims\jni.cpp, line 516]
Event: 23.640 Thread 0x0000022073cbf540 Exception <a 'sun/nio/fs/WindowsException'{0x00000000dc218848}> (0x00000000dc218848) 
thrown [s\src\hotspot\share\prims\jni.cpp, line 516]
Event: 23.640 Thread 0x0000022073cbf540 Exception <a 'sun/nio/fs/WindowsException'{0x00000000dc219d38}> (0x00000000dc219d38) 
thrown [s\src\hotspot\share\prims\jni.cpp, line 516]
Event: 23.640 Thread 0x0000022073cbf540 Exception <a 'sun/nio/fs/WindowsException'{0x00000000dc21a0f8}> (0x00000000dc21a0f8) 
thrown [s\src\hotspot\share\prims\jni.cpp, line 516]
Event: 78.215 Thread 0x0000022071b4d930 Exception <a 'java/lang/NoSuchMethodError'{0x00000000dc0ded58}: 'void java.lang.invoke.DirectMethodHandle$Holder.invokeStatic(java.lang.Object, long)'> (0x00000000dc0ded58) 
thrown [s\src\hotspot\share\interpreter\linkResolver.cpp, line 759]
Event: 78.215 Thread 0x0000022071b4d930 Exception <a 'java/lang/NoSuchMethodError'{0x00000000dc0e4108}: 'java.lang.Object java.lang.invoke.DirectMethodHandle$Holder.newInvokeSpecial(java.lang.Object, long)'> (0x00000000dc0e4108) 
thrown [s\src\hotspot\share\interpreter\linkResolver.cpp, line 759]

VM Operations (20 events):
Event: 1667.102 Executing VM operation: G1CollectFull done
Event: 1677.621 Executing VM operation: G1CollectFull
Event: 1677.696 Executing VM operation: G1CollectFull done
Event: 1688.202 Executing VM operation: G1CollectFull
Event: 1688.275 Executing VM operation: G1CollectFull done
Event: 1698.419 Executing VM operation: G1CollectFull
Event: 1698.468 Executing VM operation: G1CollectFull done
Event: 1708.616 Executing VM operation: G1CollectFull
Event: 1708.666 Executing VM operation: G1CollectFull done
Event: 1718.830 Executing VM operation: G1CollectFull
Event: 1718.884 Executing VM operation: G1CollectFull done
Event: 1729.062 Executing VM operation: G1CollectFull
Event: 1729.118 Executing VM operation: G1CollectFull done
Event: 1739.263 Executing VM operation: G1CollectFull
Event: 1739.316 Executing VM operation: G1CollectFull done
Event: 1749.569 Executing VM operation: G1CollectFull
Event: 1749.629 Executing VM operation: G1CollectFull done
Event: 1759.841 Executing VM operation: G1CollectFull
Event: 1759.901 Executing VM operation: G1CollectFull done
Event: 1771.276 Executing VM operation: G1CollectFull

Events (20 events):
Event: 33.173 Thread 0x0000022072048400 Thread exited: 0x0000022072048400
Event: 38.130 Thread 0x0000022073cbf540 Thread exited: 0x0000022073cbf540
Event: 68.986 Thread 0x0000022071eddc90 Thread exited: 0x0000022071eddc90
Event: 68.986 Thread 0x0000022071edd2f0 Thread exited: 0x0000022071edd2f0
Event: 78.205 loading class java/lang/ProcessBuilder
Event: 78.206 loading class java/lang/ProcessBuilder done
Event: 78.206 loading class java/lang/ProcessImpl
Event: 78.207 loading class java/lang/Process
Event: 78.208 loading class java/lang/Process done
Event: 78.208 loading class java/lang/ProcessImpl done
Event: 78.216 loading class java/lang/ProcessImpl$2
Event: 78.216 loading class java/lang/ProcessImpl$2 done
Event: 78.216 loading class java/lang/Process$PipeInputStream
Event: 78.216 loading class java/lang/Process$PipeInputStream done
Event: 78.218 loading class jdk/internal/event/ProcessStartEvent
Event: 78.218 loading class jdk/internal/event/ProcessStartEvent done
Event: 78.652 Thread 0x0000022071c83200 Thread exited: 0x0000022071c83200
Event: 98.964 Thread 0x0000022071ede160 Thread exited: 0x0000022071ede160
Event: 138.679 Thread 0x0000022071edd7c0 Thread exited: 0x0000022071edd7c0
Event: 198.687 Thread 0x0000022073cc0880 Thread exited: 0x0000022073cc0880


Dynamic libraries:
0x00007ff736300000 - 0x00007ff73630e000 	c:\Users\IBM\.vscode\extensions\redhat.java-1.15.0-win32-x64\jre\17.0.6-win32-x86_64\bin\java.exe
0x00007ffe56d50000 - 0x00007ffe56f48000 	C:\Windows\SYSTEM32\ntdll.dll
0x00007ffe55480000 - 0x00007ffe5553f000 	C:\Windows\System32\KERNEL32.DLL
0x00007ffe544e0000 - 0x00007ffe547b2000 	C:\Windows\System32\KERNELBASE.dll
0x00007ffe54a60000 - 0x00007ffe54b60000 	C:\Windows\System32\ucrtbase.dll
0x00007ffe50e20000 - 0x00007ffe50e37000 	c:\Users\IBM\.vscode\extensions\redhat.java-1.15.0-win32-x64\jre\17.0.6-win32-x86_64\bin\jli.dll
0x00007ffe55dd0000 - 0x00007ffe55f71000 	C:\Windows\System32\USER32.dll
0x00007ffe54c50000 - 0x00007ffe54c72000 	C:\Windows\System32\win32u.dll
0x00007ffe552a0000 - 0x00007ffe552cb000 	C:\Windows\System32\GDI32.dll
0x00007ffe54c80000 - 0x00007ffe54d8f000 	C:\Windows\System32\gdi32full.dll
0x00007ffe54b60000 - 0x00007ffe54bfd000 	C:\Windows\System32\msvcp_win.dll
0x00007ffe4f4a0000 - 0x00007ffe4f4b9000 	c:\Users\IBM\.vscode\extensions\redhat.java-1.15.0-win32-x64\jre\17.0.6-win32-x86_64\bin\VCRUNTIME140.dll
0x00007ffe3f550000 - 0x00007ffe3f7ea000 	C:\Windows\WinSxS\amd64_microsoft.windows.common-controls_6595b64144ccf1df_6.0.19041.1110_none_60b5254171f9507e\COMCTL32.dll
0x00007ffe55a60000 - 0x00007ffe55afe000 	C:\Windows\System32\msvcrt.dll
0x00007ffe54da0000 - 0x00007ffe54dd2000 	C:\Windows\System32\IMM32.DLL
0x00007ffe51bf0000 - 0x00007ffe51bfc000 	c:\Users\IBM\.vscode\extensions\redhat.java-1.15.0-win32-x64\jre\17.0.6-win32-x86_64\bin\vcruntime140_1.dll
0x00007ffe3f8f0000 - 0x00007ffe3f981000 	c:\Users\IBM\.vscode\extensions\redhat.java-1.15.0-win32-x64\jre\17.0.6-win32-x86_64\bin\msvcp140.dll
0x00007ffe1cef0000 - 0x00007ffe1db37000 	c:\Users\IBM\.vscode\extensions\redhat.java-1.15.0-win32-x64\jre\17.0.6-win32-x86_64\bin\server\jvm.dll
0x00007ffe552d0000 - 0x00007ffe5537e000 	C:\Windows\System32\ADVAPI32.dll
0x00007ffe54e80000 - 0x00007ffe54f1c000 	C:\Windows\System32\sechost.dll
0x00007ffe56be0000 - 0x00007ffe56d05000 	C:\Windows\System32\RPCRT4.dll
0x00007ffe4f620000 - 0x00007ffe4f629000 	C:\Windows\SYSTEM32\WSOCK32.dll
0x00007ffe55c30000 - 0x00007ffe55c9b000 	C:\Windows\System32\WS2_32.dll
0x00007ffe41050000 - 0x00007ffe41077000 	C:\Windows\SYSTEM32\WINMM.dll
0x00007ffe49c60000 - 0x00007ffe49c6a000 	C:\Windows\SYSTEM32\VERSION.dll
0x00007ffe522c0000 - 0x00007ffe522d2000 	C:\Windows\SYSTEM32\kernel.appcore.dll
0x00007ffe4f500000 - 0x00007ffe4f50a000 	c:\Users\IBM\.vscode\extensions\redhat.java-1.15.0-win32-x64\jre\17.0.6-win32-x86_64\bin\jimage.dll
0x00007ffe41130000 - 0x00007ffe41314000 	C:\Windows\SYSTEM32\DBGHELP.DLL
0x00007ffe40e00000 - 0x00007ffe40e35000 	C:\Windows\SYSTEM32\dbgcore.DLL
0x00007ffe54920000 - 0x00007ffe549a2000 	C:\Windows\System32\bcryptPrimitives.dll
0x00007ffe497d0000 - 0x00007ffe497f5000 	c:\Users\IBM\.vscode\extensions\redhat.java-1.15.0-win32-x64\jre\17.0.6-win32-x86_64\bin\java.dll
0x00007ffe4dbb0000 - 0x00007ffe4dbc8000 	c:\Users\IBM\.vscode\extensions\redhat.java-1.15.0-win32-x64\jre\17.0.6-win32-x86_64\bin\zip.dll
0x00007ffe56130000 - 0x00007ffe56875000 	C:\Windows\System32\SHELL32.dll
0x00007ffe524c0000 - 0x00007ffe52c52000 	C:\Windows\SYSTEM32\windows.storage.dll
0x00007ffe56880000 - 0x00007ffe56bd5000 	C:\Windows\System32\combase.dll
0x00007ffe53dc0000 - 0x00007ffe53df0000 	C:\Windows\SYSTEM32\Wldp.dll
0x00007ffe559b0000 - 0x00007ffe55a5d000 	C:\Windows\System32\SHCORE.dll
0x00007ffe550b0000 - 0x00007ffe55105000 	C:\Windows\System32\shlwapi.dll
0x00007ffe54380000 - 0x00007ffe5439f000 	C:\Windows\SYSTEM32\profapi.dll
0x00007ffe4d6f0000 - 0x00007ffe4d709000 	C:\Users\IBM\.vscode\extensions\redhat.java-1.15.0-win32-x64\jre\17.0.6-win32-x86_64\bin\net.dll
0x00007ffe4d9f0000 - 0x00007ffe4dafc000 	C:\Windows\SYSTEM32\WINHTTP.dll
0x00007ffe53ba0000 - 0x00007ffe53c0a000 	C:\Windows\system32\mswsock.dll
0x00007ffe4cfc0000 - 0x00007ffe4cfd5000 	C:\Users\IBM\.vscode\extensions\redhat.java-1.15.0-win32-x64\jre\17.0.6-win32-x86_64\bin\nio.dll
0x00007ffe53e00000 - 0x00007ffe53e18000 	C:\Windows\SYSTEM32\CRYPTSP.dll
0x00007ffe53470000 - 0x00007ffe534a4000 	C:\Windows\system32\rsaenh.dll
0x00007ffe54440000 - 0x00007ffe54467000 	C:\Windows\System32\bcrypt.dll
0x00007ffe54340000 - 0x00007ffe5436e000 	C:\Windows\SYSTEM32\USERENV.dll
0x00007ffe53d30000 - 0x00007ffe53d3c000 	C:\Windows\SYSTEM32\CRYPTBASE.dll
0x00007ffe53860000 - 0x00007ffe5389b000 	C:\Windows\SYSTEM32\IPHLPAPI.DLL
0x00007ffe55c20000 - 0x00007ffe55c28000 	C:\Windows\System32\NSI.dll
0x00007ffe4bcf0000 - 0x00007ffe4bd07000 	C:\Windows\SYSTEM32\dhcpcsvc6.DLL
0x00007ffe4c7b0000 - 0x00007ffe4c7cd000 	C:\Windows\SYSTEM32\dhcpcsvc.DLL
0x00007ffe538a0000 - 0x00007ffe5396b000 	C:\Windows\SYSTEM32\DNSAPI.dll
0x00007ffe4eba0000 - 0x00007ffe4eba9000 	C:\Users\IBM\.vscode\extensions\redhat.java-1.15.0-win32-x64\jre\17.0.6-win32-x86_64\bin\management.dll
0x00007ffe4ead0000 - 0x00007ffe4eadb000 	C:\Users\IBM\.vscode\extensions\redhat.java-1.15.0-win32-x64\jre\17.0.6-win32-x86_64\bin\management_ext.dll
0x00007ffe54d90000 - 0x00007ffe54d98000 	C:\Windows\System32\PSAPI.DLL
0x00007ffe4d610000 - 0x00007ffe4d61e000 	C:\Users\IBM\.vscode\extensions\redhat.java-1.15.0-win32-x64\jre\17.0.6-win32-x86_64\bin\sunmscapi.dll
0x00007ffe547c0000 - 0x00007ffe54916000 	C:\Windows\System32\CRYPT32.dll
0x00007ffe53f10000 - 0x00007ffe53f37000 	C:\Windows\SYSTEM32\ncrypt.dll
0x00007ffe53ed0000 - 0x00007ffe53f0b000 	C:\Windows\SYSTEM32\NTASN1.dll
0x00007ffe42e00000 - 0x00007ffe42e0a000 	C:\Windows\System32\rasadhlp.dll
0x00007ffe44270000 - 0x00007ffe442f0000 	C:\Windows\System32\fwpuclnt.dll
0x00007ffe4f1f0000 - 0x00007ffe4f200000 	c:\Users\IBM\.vscode\extensions\redhat.java-1.15.0-win32-x64\jre\17.0.6-win32-x86_64\bin\verify.dll
0x000000006c500000 - 0x000000006c5c7000 	C:\Users\IBM\AppData\Local\Temp\snappy-1.1.8-dee7dc35-5dc8-42b5-a02d-b8dc1f7532b5-snappyjava.dll

dbghelp: loaded successfully - version: 4.0.5 - missing functions: none
symbol engine: initialized successfully - sym options: 0x614 - pdb path: .;c:\Users\IBM\.vscode\extensions\redhat.java-1.15.0-win32-x64\jre\17.0.6-win32-x86_64\bin;C:\Windows\SYSTEM32;C:\Windows\WinSxS\amd64_microsoft.windows.common-controls_6595b64144ccf1df_6.0.19041.1110_none_60b5254171f9507e;c:\Users\IBM\.vscode\extensions\redhat.java-1.15.0-win32-x64\jre\17.0.6-win32-x86_64\bin\server;C:\Users\IBM\AppData\Local\Temp

VM Arguments:
jvm_args: -XX:+HeapDumpOnOutOfMemoryError -Xmx1024m -Dsts.lsp.client=vscode -Dsts.log.file=/dev/null -XX:TieredStopAtLevel=1 -Xlog:jni+resolve=off -Dspring.config.location=file:c:\Users\IBM\.vscode\extensions\vmware.vscode-spring-boot-1.45.0\language-server\BOOT-INF\classes\application.properties 
java_command: org.springframework.ide.vscode.boot.app.BootLanguageServerBootApp
java_class_path (initial): c:\Users\IBM\.vscode\extensions\vmware.vscode-spring-boot-1.45.0\language-server\BOOT-INF\classes;c:\Users\IBM\.vscode\extensions\vmware.vscode-spring-boot-1.45.0\language-server\BOOT-INF\lib\annotations-24.0.1.jar;c:\Users\IBM\.vscode\extensions\vmware.vscode-spring-boot-1.45.0\language-server\BOOT-INF\lib\ant-1.10.13.jar;c:\Users\IBM\.vscode\extensions\vmware.vscode-spring-boot-1.45.0\language-server\BOOT-INF\lib\ant-launcher-1.10.13.jar;c:\Users\IBM\.vscode\extensions\vmware.vscode-spring-boot-1.45.0\language-server\BOOT-INF\lib\antlr-runtime-3.5.3.jar;c:\Users\IBM\.vscode\extensions\vmware.vscode-spring-boot-1.45.0\language-server\BOOT-INF\lib\antlr4-4.11.1.jar;c:\Users\IBM\.vscode\extensions\vmware.vscode-spring-boot-1.45.0\language-server\BOOT-INF\lib\antlr4-runtime-4.11.1.jar;c:\Users\IBM\.vscode\extensions\vmware.vscode-spring-boot-1.45.0\language-server\BOOT-INF\lib\asm-9.4.jar;c:\Users\IBM\.vscode\extensions\vmware.vscode-spring-boot-1.45.0\language-server\BOOT-INF\lib\asm-analysis-9.4.jar;c:\Users\IBM\.vscode\extensions\vmware.vscode-spring-boot-1.45.0\language-server\BOOT-INF\lib\asm-tree-9.4.jar;c:\Users\IBM\.vscode\extensions\vmware.vscode-spring-boot-1.45.0\language-server\BOOT-INF\lib\asm-util-9.4.jar;c:\Users\IBM\.vscode\extensions\vmware.vscode-spring-boot-1.45.0\language-server\BOOT-INF\lib\caffeine-3.1.2.jar;c:\Users\IBM\.vscode\extensions\vmware.vscode-spring-boot-1.45.0\language-server\BOOT-INF\lib\checker-qual-3.12.0.jar;c:\Users\IBM\.vscode\extensions\vmware.vscode-spring-boot-1.45.0\language-server\BOOT-INF\lib\classgraph-4.8.149.jar;c:\Users\IBM\.vscode\extensions\vmware.vscode-spring-boot-1.45.0\language-server\BOOT-INF\lib\commons-codec-1.15.jar;c:\Users\IBM\.vscode\extensions\vmware.vscode-spring-boot-1.45.0\language-server\BOOT-INF\lib\commons-compress-1.22.jar;c:\Users\IBM\.vscode\extensions\vmware.vscode-spring-boot-1.45.0\language-server\BOOT-INF\lib\commons-io-2.4.jar;c:\Users\IBM\.vscode\extensions\vmwa
Launcher Type: SUN_STANDARD

[Global flags]
     intx CICompilerCount                          = 3                                         {product} {ergonomic}
     uint ConcGCThreads                            = 1                                         {product} {ergonomic}
     uint G1ConcRefinementThreads                  = 4                                         {product} {ergonomic}
   size_t G1HeapRegionSize                         = 1048576                                   {product} {ergonomic}
    uintx GCDrainStackTargetSize                   = 64                                        {product} {ergonomic}
     bool HeapDumpOnOutOfMemoryError               = true                                   {manageable} {command line}
   size_t InitialHeapSize                          = 134217728                                 {product} {ergonomic}
   size_t MarkStackSize                            = 4194304                                   {product} {ergonomic}
   size_t MaxHeapSize                              = 1073741824                                {product} {command line}
   size_t MaxNewSize                               = 643825664                                 {product} {ergonomic}
   size_t MinHeapDeltaBytes                        = 1048576                                   {product} {ergonomic}
   size_t MinHeapSize                              = 8388608                                   {product} {ergonomic}
    uintx NonProfiledCodeHeapSize                  = 0                                      {pd product} {ergonomic}
     bool ProfileInterpreter                       = false                                  {pd product} {command line}
    uintx ProfiledCodeHeapSize                     = 0                                      {pd product} {ergonomic}
   size_t SoftMaxHeapSize                          = 1073741824                             {manageable} {ergonomic}
     intx TieredStopAtLevel                        = 1                                         {product} {command line}
     bool UseCompressedClassPointers               = true                           {product lp64_product} {ergonomic}
     bool UseCompressedOops                        = true                           {product lp64_product} {ergonomic}
     bool UseG1GC                                  = true                                      {product} {ergonomic}
     bool UseLargePagesIndividualAllocation        = false                                  {pd product} {ergonomic}

Logging:
Log output configuration:
 #0: stdout all=warning,jni+resolve=off uptime,level,tags
 #1: stderr all=off uptime,level,tags

Environment Variables:
PATH=C:\Program Files\Common Files\Oracle\Java\javapath;C:\Windows\system32;C:\Windows;C:\Windows\System32\Wbem;C:\Windows\System32\WindowsPowerShell\v1.0\;C:\Windows\System32\OpenSSH\;A:\Y4\T1\IPR\runtime\win64;A:\Y4\T1\IPR\bin;C:\Program Files\MongoDB\Server\6.0\bin;C:\Program Files\Git\cmd;C:\Program Files\Docker\Docker\resources\bin;C:\ProgramData\ComposerSetup\bin;C:\Program Files\nodejs\;C:\Users\IBM\AppData\Local\Microsoft\WindowsApps;C:\Program Files\JetBrains\IntelliJ IDEA 2021.3.2\bin;C:\xampp;;C:\Users\IBM\AppData\Local\Programs\Microsoft VS Code\bin;C:\xampp\php;C:\Program Files\nodejs;C:\Program Files\JetBrains\DataGrip 2022.2.5\bin;;C:\Program Files\heroku\bin;C:\Users\IBM\AppData\Roaming\Composer\vendor\bin;C:\Users\IBM\AppData\Roaming\npm;C:\Users\IBM\AppData\Local\GitHubDesktop\bin
USERNAME=IBM
OS=Windows_NT
PROCESSOR_IDENTIFIER=Intel64 Family 6 Model 78 Stepping 3, GenuineIntel
TMP=C:\Users\IBM\AppData\Local\Temp
TEMP=C:\Users\IBM\AppData\Local\Temp



---------------  S Y S T E M  ---------------

OS:
 Windows 10 , 64 bit Build 19041 (10.0.19041.2546)
OS uptime: 0 days 10:44 hours
Hyper-V role detected

CPU: total 4 (initial active 4) (2 cores per cpu, 2 threads per core) family 6 model 78 stepping 3 microcode 0xec, cx8, cmov, fxsr, ht, mmx, 3dnowpref, sse, sse2, sse3, ssse3, sse4.1, sse4.2, popcnt, lzcnt, tsc, tscinvbit, avx, avx2, aes, erms, clmul, bmi1, bmi2, rtm, adx, fma, vzeroupper, clflush, clflushopt, hv

Memory: 4k page, system-wide physical 8067M (346M free)
TotalPageFile size 10567M (AvailPageFile size 30M)
current process WorkingSet (physical memory assigned to process): 263M, peak: 744M
current process commit charge ("private bytes"): 316M, peak: 751M

vm_info: OpenJDK 64-Bit Server VM (17.0.6+10) for windows-amd64 JRE (17.0.6+10), built on Jan 18 2023 10:08:59 by "temurin" with MS VC++ 16.7 (VS2019)

END.
