#
# There is insufficient memory for the Java Runtime Environment to continue.
# Native memory allocation (malloc) failed to allocate 2097152 bytes for AllocateHeap
# Possible reasons:
#   The system is out of physical RAM or swap space
#   The process is running with CompressedOops enabled, and the Java Heap may be blocking the growth of the native heap
# Possible solutions:
#   Reduce memory load on the system
#   Increase physical memory or swap space
#   Check if swap backing store is full
#   Decrease Java heap size (-Xmx/-Xms)
#   Decrease number of Java threads
#   Decrease Java thread stack sizes (-Xss)
#   Set larger code cache with -XX:ReservedCodeCacheSize=
#   JVM is running with Unscaled Compressed Oops mode in which the Java heap is
#     placed in the first 4GB address space. The Java Heap base address is the
#     maximum limit for the native heap growth. Please use -XX:HeapBaseMinAddress
#     to set the Java Heap base and to place the Java Heap above 4GB virtual address.
# This output file may be truncated or incomplete.
#
#  Out of Memory Error (allocation.cpp:44), pid=3856, tid=12692
#
# JRE version: OpenJDK Runtime Environment Temurin-17.0.6+10 (17.0.6+10) (build 17.0.6+10)
# Java VM: OpenJDK 64-Bit Server VM Temurin-17.0.6+10 (17.0.6+10, mixed mode, emulated-client, tiered, compressed oops, compressed class ptrs, g1 gc, windows-amd64)
# No core dump will be written. Minidumps are not enabled by default on client versions of Windows
#

---------------  S U M M A R Y ------------

Command Line: -XX:+HeapDumpOnOutOfMemoryError -Xmx1024m -Dsts.lsp.client=vscode -Dsts.log.file=/dev/null -XX:TieredStopAtLevel=1 -Xlog:jni+resolve=off -Dspring.config.location=file:c:\Users\IBM\.vscode\extensions\vmware.vscode-spring-boot-1.45.0\language-server\BOOT-INF\classes\application.properties org.springframework.ide.vscode.boot.app.BootLanguageServerBootApp

Host: Intel(R) Core(TM) i5-6300U CPU @ 2.40GHz, 4 cores, 7G,  Windows 10 , 64 bit Build 19041 (10.0.19041.2546)
Time: Wed Mar 15 08:50:21 2023 SE Asia Standard Time elapsed time: 1003.442675 seconds (0d 0h 16m 43s)

---------------  T H R E A D  ---------------

Current thread (0x000002022e9a9350):  VMThread "VM Thread" [stack: 0x000000c261900000,0x000000c261a00000] [id=12692]

Stack: [0x000000c261900000,0x000000c261a00000]
Native frames: (J=compiled Java code, j=interpreted, Vv=VM code, C=native code)
V  [jvm.dll+0x67741a]
V  [jvm.dll+0x834434]
V  [jvm.dll+0x835bde]
V  [jvm.dll+0x836243]
V  [jvm.dll+0x2457b5]
V  [jvm.dll+0xa626f]
V  [jvm.dll+0x2f5b61]
V  [jvm.dll+0x2f17e0]
V  [jvm.dll+0x2d9ee7]
V  [jvm.dll+0x31ce67]
V  [jvm.dll+0x83a6eb]
V  [jvm.dll+0x83b424]
V  [jvm.dll+0x83b93c]
V  [jvm.dll+0x83bd14]
V  [jvm.dll+0x83bde0]
V  [jvm.dll+0x7e483a]
V  [jvm.dll+0x6762c5]
C  [ucrtbase.dll+0x21bb2]
C  [KERNEL32.DLL+0x17614]
C  [ntdll.dll+0x526a1]

VM_Operation (0x000000c262cfecc0): G1CollectFull, mode: safepoint, requested by thread 0x000002023122ec80


---------------  P R O C E S S  ---------------

Threads class SMR info:
_java_thread_list=0x0000020233dd8780, length=23, elements={
0x000002022e9be750, 0x000002022e9bf4d0, 0x000002022e9fd130, 0x000002022ea00b70,
0x000002022ea01430, 0x000002022ea01cf0, 0x000002022ea02660, 0x000002022ea02f60,
0x000002022f5e51b0, 0x000002022f5ea150, 0x000002022f732860, 0x0000020231248830,
0x000002023122ec80, 0x0000020231316650, 0x0000020224467ee0, 0x000002022fa5b030,
0x0000020231490810, 0x0000020231158570, 0x00000202317281b0, 0x00000202317294f0,
0x0000020231725b30, 0x00000202317269a0, 0x0000020231724320
}

Java Threads: ( => current thread )
  0x000002022e9be750 JavaThread "Reference Handler" daemon [_thread_blocked, id=6252, stack(0x000000c261a00000,0x000000c261b00000)]
  0x000002022e9bf4d0 JavaThread "Finalizer" daemon [_thread_blocked, id=2164, stack(0x000000c261b00000,0x000000c261c00000)]
  0x000002022e9fd130 JavaThread "Signal Dispatcher" daemon [_thread_blocked, id=1928, stack(0x000000c261c00000,0x000000c261d00000)]
  0x000002022ea00b70 JavaThread "Attach Listener" daemon [_thread_blocked, id=10480, stack(0x000000c261d00000,0x000000c261e00000)]
  0x000002022ea01430 JavaThread "Service Thread" daemon [_thread_blocked, id=8124, stack(0x000000c261e00000,0x000000c261f00000)]
  0x000002022ea01cf0 JavaThread "Monitor Deflation Thread" daemon [_thread_blocked, id=5168, stack(0x000000c261f00000,0x000000c262000000)]
  0x000002022ea02660 JavaThread "C1 CompilerThread0" daemon [_thread_blocked, id=8288, stack(0x000000c262000000,0x000000c262100000)]
  0x000002022ea02f60 JavaThread "Sweeper thread" daemon [_thread_blocked, id=9768, stack(0x000000c262100000,0x000000c262200000)]
  0x000002022f5e51b0 JavaThread "Notification Thread" daemon [_thread_blocked, id=2240, stack(0x000000c262200000,0x000000c262300000)]
  0x000002022f5ea150 JavaThread "Common-Cleaner" daemon [_thread_blocked, id=10296, stack(0x000000c262400000,0x000000c262500000)]
  0x000002022f732860 JavaThread "boundedElastic-evictor-1" daemon [_thread_blocked, id=11664, stack(0x000000c262900000,0x000000c262a00000)]
  0x0000020231248830 JavaThread "boundedElastic-evictor-2" daemon [_thread_blocked, id=2856, stack(0x000000c262b00000,0x000000c262c00000)]
  0x000002023122ec80 JavaThread "pool-10-thread-1" [_thread_blocked, id=4308, stack(0x000000c262c00000,0x000000c262d00000)]
  0x0000020231316650 JavaThread "LanguageServerApp-lifecycle" [_thread_blocked, id=1592, stack(0x000000c262d00000,0x000000c262e00000)]
  0x0000020224467ee0 JavaThread "DestroyJavaVM" [_thread_blocked, id=5848, stack(0x000000c261300000,0x000000c261400000)]
  0x000002022fa5b030 JavaThread "pool-11-thread-1" [_thread_in_native, id=12660, stack(0x000000c262e00000,0x000000c262f00000)]
  0x0000020231490810 JavaThread "Simple-Language-Server main thread" daemon [_thread_blocked, id=12188, stack(0x000000c262f00000,0x000000c263000000)]
  0x0000020231158570 JavaThread "pool-6-thread-1" [_thread_blocked, id=8180, stack(0x000000c263000000,0x000000c263100000)]
  0x00000202317281b0 JavaThread "parallel-1" daemon [_thread_blocked, id=9316, stack(0x000000c263a00000,0x000000c263b00000)]
  0x00000202317294f0 JavaThread "pool-4-thread-1" [_thread_blocked, id=8428, stack(0x000000c263c00000,0x000000c263d00000)]
  0x0000020231725b30 JavaThread "parallel-2" daemon [_thread_blocked, id=13216, stack(0x000000c263d00000,0x000000c263e00000)]
  0x00000202317269a0 JavaThread "parallel-3" daemon [_thread_blocked, id=12780, stack(0x000000c264200000,0x000000c264300000)]
  0x0000020231724320 JavaThread "parallel-4" daemon [_thread_blocked, id=9580, stack(0x000000c263300000,0x000000c263400000)]

Other Threads:
=>0x000002022e9a9350 VMThread "VM Thread" [stack: 0x000000c261900000,0x000000c261a00000] [id=12692]
  0x000002022f5e7690 WatcherThread [stack: 0x000000c262300000,0x000000c262400000] [id=7332]
  0x00000202244a17a0 GCTaskThread "GC Thread#0" [stack: 0x000000c261400000,0x000000c261500000] [id=12944]
  0x000002022f9c3290 GCTaskThread "GC Thread#1" [stack: 0x000000c262600000,0x000000c262700000] [id=11788]
  0x000002022f791160 GCTaskThread "GC Thread#2" [stack: 0x000000c262700000,0x000000c262800000] [id=5892]
  0x000002022ff37da0 GCTaskThread "GC Thread#3" [stack: 0x000000c262800000,0x000000c262900000] [id=1032]
  0x00000202244aa5f0 ConcurrentGCThread "G1 Main Marker" [stack: 0x000000c261500000,0x000000c261600000] [id=12652]
  0x00000202244aaf10 ConcurrentGCThread "G1 Conc#0" [stack: 0x000000c261600000,0x000000c261700000] [id=3004]
  0x0000020224521ed0 ConcurrentGCThread "G1 Refine#0" [stack: 0x000000c261700000,0x000000c261800000] [id=9608]
  0x00000202312bf040 ConcurrentGCThread "G1 Refine#1" [stack: 0x000000c264300000,0x000000c264400000] [id=8960]
  0x0000020231aca9d0 ConcurrentGCThread "G1 Refine#2" [stack: 0x000000c264100000,0x000000c264200000] [id=7852]
  0x0000020231acc3b0 ConcurrentGCThread "G1 Refine#3" [stack: 0x000000c263200000,0x000000c263300000] [id=1420]
  0x0000020224522800 ConcurrentGCThread "G1 Service" [stack: 0x000000c261800000,0x000000c261900000] [id=8400]

Threads with active compile tasks:

VM state: at safepoint (normal execution)

VM Mutex/Monitor currently owned by a thread:  ([mutex/lock_event])
[0x000002022230d730] Threads_lock - owner thread: 0x000002022e9a9350
[0x0000020224459610] Heap_lock - owner thread: 0x000002023122ec80

Heap address: 0x00000000c0000000, size: 1024 MB, Compressed Oops mode: 32-bit

CDS archive(s) not mapped
Compressed class space mapped at: 0x0000000100000000-0x0000000140000000, reserved size: 1073741824
Narrow klass base: 0x0000000000000000, Narrow klass shift: 3, Narrow klass range: 0x140000000

GC Precious Log:
 CPUs: 4 total, 4 available
 Memory: 8067M
 Large Page Support: Disabled
 NUMA Support: Disabled
 Compressed Oops: Enabled (32-bit)
 Heap Region Size: 1M
 Heap Min Capacity: 8M
 Heap Initial Capacity: 128M
 Heap Max Capacity: 1G
 Pre-touch: Disabled
 Parallel Workers: 4
 Concurrent Workers: 1
 Concurrent Refinement Workers: 4
 Periodic GC: Disabled

Heap:
 garbage-first heap   total 133120K, used 39750K [0x00000000c0000000, 0x0000000100000000)
  region size 1024K, 1 young (1024K), 0 survivors (0K)
 Metaspace       used 69931K, committed 70656K, reserved 1114112K
  class space    used 9512K, committed 9792K, reserved 1048576K

Heap Regions: E=young(eden), S=young(survivor), O=old, HS=humongous(starts), HC=humongous(continues), CS=collection set, F=free, OA=open archive, CA=closed archive, TAMS=top-at-mark-start (previous, next)
|   0|0x00000000c0000000, 0x00000000c0100000, 0x00000000c0100000|100%| O|  |TAMS 0x00000000c0100000, 0x00000000c0000000| Untracked 
|   1|0x00000000c0100000, 0x00000000c01fffd0, 0x00000000c0200000| 99%| O|  |TAMS 0x00000000c01fffd0, 0x00000000c0100000| Untracked 
|   2|0x00000000c0200000, 0x00000000c02ffff8, 0x00000000c0300000| 99%| O|  |TAMS 0x00000000c02ffff8, 0x00000000c0200000| Untracked 
|   3|0x00000000c0300000, 0x00000000c0400000, 0x00000000c0400000|100%| O|  |TAMS 0x00000000c0400000, 0x00000000c0300000| Untracked 
|   4|0x00000000c0400000, 0x00000000c0500000, 0x00000000c0500000|100%| O|  |TAMS 0x00000000c0500000, 0x00000000c0400000| Untracked 
|   5|0x00000000c0500000, 0x00000000c0600000, 0x00000000c0600000|100%| O|  |TAMS 0x00000000c0600000, 0x00000000c0500000| Untracked 
|   6|0x00000000c0600000, 0x00000000c06ffff8, 0x00000000c0700000| 99%| O|  |TAMS 0x00000000c06ffff8, 0x00000000c0600000| Untracked 
|   7|0x00000000c0700000, 0x00000000c07fffe8, 0x00000000c0800000| 99%| O|  |TAMS 0x00000000c07fffe8, 0x00000000c0700000| Untracked 
|   8|0x00000000c0800000, 0x00000000c08ffff8, 0x00000000c0900000| 99%| O|  |TAMS 0x00000000c08ffff8, 0x00000000c0800000| Untracked 
|   9|0x00000000c0900000, 0x00000000c09fffe8, 0x00000000c0a00000| 99%| O|  |TAMS 0x00000000c09fffe8, 0x00000000c0900000| Untracked 
|  10|0x00000000c0a00000, 0x00000000c0affff0, 0x00000000c0b00000| 99%| O|  |TAMS 0x00000000c0affff0, 0x00000000c0a00000| Untracked 
|  11|0x00000000c0b00000, 0x00000000c0bffff0, 0x00000000c0c00000| 99%| O|  |TAMS 0x00000000c0bffff0, 0x00000000c0b00000| Untracked 
|  12|0x00000000c0c00000, 0x00000000c0cfffe8, 0x00000000c0d00000| 99%| O|  |TAMS 0x00000000c0cfffe8, 0x00000000c0c00000| Untracked 
|  13|0x00000000c0d00000, 0x00000000c0dffc28, 0x00000000c0e00000| 99%| O|  |TAMS 0x00000000c0dffc28, 0x00000000c0d00000| Untracked 
|  14|0x00000000c0e00000, 0x00000000c0f00000, 0x00000000c0f00000|100%| O|  |TAMS 0x00000000c0f00000, 0x00000000c0e00000| Untracked 
|  15|0x00000000c0f00000, 0x00000000c0ffec88, 0x00000000c1000000| 99%| O|  |TAMS 0x00000000c0ffec88, 0x00000000c0f00000| Untracked 
|  16|0x00000000c1000000, 0x00000000c10fffe0, 0x00000000c1100000| 99%| O|  |TAMS 0x00000000c10fffe0, 0x00000000c1000000| Untracked 
|  17|0x00000000c1100000, 0x00000000c1200000, 0x00000000c1200000|100%| O|  |TAMS 0x00000000c1200000, 0x00000000c1100000| Untracked 
|  18|0x00000000c1200000, 0x00000000c12ffb48, 0x00000000c1300000| 99%| O|  |TAMS 0x00000000c12ffb48, 0x00000000c1200000| Untracked 
|  19|0x00000000c1300000, 0x00000000c13fffd8, 0x00000000c1400000| 99%| O|  |TAMS 0x00000000c13fffd8, 0x00000000c1300000| Untracked 
|  20|0x00000000c1400000, 0x00000000c1500000, 0x00000000c1500000|100%| O|  |TAMS 0x00000000c1500000, 0x00000000c1400000| Untracked 
|  21|0x00000000c1500000, 0x00000000c15ffff8, 0x00000000c1600000| 99%| O|  |TAMS 0x00000000c15ffff8, 0x00000000c1500000| Untracked 
|  22|0x00000000c1600000, 0x00000000c16ffff0, 0x00000000c1700000| 99%| O|  |TAMS 0x00000000c16ffff0, 0x00000000c1600000| Untracked 
|  23|0x00000000c1700000, 0x00000000c1800000, 0x00000000c1800000|100%| O|  |TAMS 0x00000000c1800000, 0x00000000c1700000| Untracked 
|  24|0x00000000c1800000, 0x00000000c18fffe8, 0x00000000c1900000| 99%| O|  |TAMS 0x00000000c18fffe8, 0x00000000c1800000| Untracked 
|  25|0x00000000c1900000, 0x00000000c19d5a40, 0x00000000c1a00000| 83%| O|  |TAMS 0x00000000c1900000, 0x00000000c1900000| Untracked 
|  26|0x00000000c1a00000, 0x00000000c1afbbf8, 0x00000000c1b00000| 98%| O|  |TAMS 0x00000000c1afbbf8, 0x00000000c1a00000| Untracked 
|  27|0x00000000c1b00000, 0x00000000c1bffff0, 0x00000000c1c00000| 99%| O|  |TAMS 0x00000000c1bffff0, 0x00000000c1b00000| Untracked 
|  28|0x00000000c1c00000, 0x00000000c1cffff0, 0x00000000c1d00000| 99%| O|  |TAMS 0x00000000c1cffff0, 0x00000000c1c00000| Untracked 
|  29|0x00000000c1d00000, 0x00000000c1dffff8, 0x00000000c1e00000| 99%| O|  |TAMS 0x00000000c1dffff8, 0x00000000c1d00000| Untracked 
|  30|0x00000000c1e00000, 0x00000000c1e02310, 0x00000000c1f00000|  0%| O|  |TAMS 0x00000000c1e00000, 0x00000000c1e00000| Untracked 
|  31|0x00000000c1f00000, 0x00000000c1fffff8, 0x00000000c2000000| 99%| O|  |TAMS 0x00000000c1fffff8, 0x00000000c1f00000| Untracked 
|  32|0x00000000c2000000, 0x00000000c20ffff8, 0x00000000c2100000| 99%| O|  |TAMS 0x00000000c20ffff8, 0x00000000c2000000| Untracked 
|  33|0x00000000c2100000, 0x00000000c21fffa8, 0x00000000c2200000| 99%| O|  |TAMS 0x00000000c21fffa8, 0x00000000c2100000| Untracked 
|  34|0x00000000c2200000, 0x00000000c2200000, 0x00000000c2300000|  0%| F|  |TAMS 0x00000000c2200000, 0x00000000c2200000| Untracked 
|  35|0x00000000c2300000, 0x00000000c2300000, 0x00000000c2400000|  0%| F|  |TAMS 0x00000000c2300000, 0x00000000c2300000| Untracked 
|  36|0x00000000c2400000, 0x00000000c2400000, 0x00000000c2500000|  0%| F|  |TAMS 0x00000000c2400000, 0x00000000c2400000| Untracked 
|  37|0x00000000c2500000, 0x00000000c2500000, 0x00000000c2600000|  0%| F|  |TAMS 0x00000000c2500000, 0x00000000c2500000| Untracked 
|  38|0x00000000c2600000, 0x00000000c2600000, 0x00000000c2700000|  0%| F|  |TAMS 0x00000000c2600000, 0x00000000c2600000| Untracked 
|  39|0x00000000c2700000, 0x00000000c27fffd0, 0x00000000c2800000| 99%| O|  |TAMS 0x00000000c27fffd0, 0x00000000c2700000| Untracked 
|  40|0x00000000c2800000, 0x00000000c2800000, 0x00000000c2900000|  0%| F|  |TAMS 0x00000000c2800000, 0x00000000c2800000| Untracked 
|  41|0x00000000c2900000, 0x00000000c2a00000, 0x00000000c2a00000|100%|HS|  |TAMS 0x00000000c2a00000, 0x00000000c2900000| Untracked 
|  42|0x00000000c2a00000, 0x00000000c2a00000, 0x00000000c2b00000|  0%| F|  |TAMS 0x00000000c2a00000, 0x00000000c2a00000| Untracked 
|  43|0x00000000c2b00000, 0x00000000c2b00000, 0x00000000c2c00000|  0%| F|  |TAMS 0x00000000c2b00000, 0x00000000c2b00000| Untracked 
|  44|0x00000000c2c00000, 0x00000000c2c00000, 0x00000000c2d00000|  0%| F|  |TAMS 0x00000000c2c00000, 0x00000000c2c00000| Untracked 
|  45|0x00000000c2d00000, 0x00000000c2d00000, 0x00000000c2e00000|  0%| F|  |TAMS 0x00000000c2d00000, 0x00000000c2d00000| Untracked 
|  46|0x00000000c2e00000, 0x00000000c2e00000, 0x00000000c2f00000|  0%| F|  |TAMS 0x00000000c2e00000, 0x00000000c2e00000| Untracked 
|  47|0x00000000c2f00000, 0x00000000c2f00000, 0x00000000c3000000|  0%| F|  |TAMS 0x00000000c2f00000, 0x00000000c2f00000| Untracked 
|  48|0x00000000c3000000, 0x00000000c3000000, 0x00000000c3100000|  0%| F|  |TAMS 0x00000000c3000000, 0x00000000c3000000| Untracked 
|  49|0x00000000c3100000, 0x00000000c3100000, 0x00000000c3200000|  0%| F|  |TAMS 0x00000000c3100000, 0x00000000c3100000| Untracked 
|  50|0x00000000c3200000, 0x00000000c3200000, 0x00000000c3300000|  0%| F|  |TAMS 0x00000000c3200000, 0x00000000c3200000| Untracked 
|  51|0x00000000c3300000, 0x00000000c3300000, 0x00000000c3400000|  0%| F|  |TAMS 0x00000000c3300000, 0x00000000c3300000| Untracked 
|  52|0x00000000c3400000, 0x00000000c3500000, 0x00000000c3500000|100%| O|  |TAMS 0x00000000c3500000, 0x00000000c3400000| Untracked 
|  53|0x00000000c3500000, 0x00000000c3500000, 0x00000000c3600000|  0%| F|  |TAMS 0x00000000c3500000, 0x00000000c3500000| Untracked 
|  54|0x00000000c3600000, 0x00000000c3600000, 0x00000000c3700000|  0%| F|  |TAMS 0x00000000c3600000, 0x00000000c3600000| Untracked 
|  55|0x00000000c3700000, 0x00000000c3700000, 0x00000000c3800000|  0%| F|  |TAMS 0x00000000c3700000, 0x00000000c3700000| Untracked 
|  56|0x00000000c3800000, 0x00000000c3800000, 0x00000000c3900000|  0%| F|  |TAMS 0x00000000c3800000, 0x00000000c3800000| Untracked 
|  57|0x00000000c3900000, 0x00000000c3900000, 0x00000000c3a00000|  0%| F|  |TAMS 0x00000000c3900000, 0x00000000c3900000| Untracked 
|  58|0x00000000c3a00000, 0x00000000c3a00000, 0x00000000c3b00000|  0%| F|  |TAMS 0x00000000c3a00000, 0x00000000c3a00000| Untracked 
|  59|0x00000000c3b00000, 0x00000000c3b00000, 0x00000000c3c00000|  0%| F|  |TAMS 0x00000000c3b00000, 0x00000000c3b00000| Untracked 
|  60|0x00000000c3c00000, 0x00000000c3c00000, 0x00000000c3d00000|  0%| F|  |TAMS 0x00000000c3c00000, 0x00000000c3c00000| Untracked 
|  61|0x00000000c3d00000, 0x00000000c3d00000, 0x00000000c3e00000|  0%| F|  |TAMS 0x00000000c3d00000, 0x00000000c3d00000| Untracked 
|  62|0x00000000c3e00000, 0x00000000c3e00000, 0x00000000c3f00000|  0%| F|  |TAMS 0x00000000c3e00000, 0x00000000c3e00000| Untracked 
|  63|0x00000000c3f00000, 0x00000000c3f00000, 0x00000000c4000000|  0%| F|  |TAMS 0x00000000c3f00000, 0x00000000c3f00000| Untracked 
|  64|0x00000000c4000000, 0x00000000c4000000, 0x00000000c4100000|  0%| F|  |TAMS 0x00000000c4000000, 0x00000000c4000000| Untracked 
|  65|0x00000000c4100000, 0x00000000c4100000, 0x00000000c4200000|  0%| F|  |TAMS 0x00000000c4100000, 0x00000000c4100000| Untracked 
|  66|0x00000000c4200000, 0x00000000c4200000, 0x00000000c4300000|  0%| F|  |TAMS 0x00000000c4200000, 0x00000000c4200000| Untracked 
|  67|0x00000000c4300000, 0x00000000c4300000, 0x00000000c4400000|  0%| F|  |TAMS 0x00000000c4300000, 0x00000000c4300000| Untracked 
|  68|0x00000000c4400000, 0x00000000c4400000, 0x00000000c4500000|  0%| F|  |TAMS 0x00000000c4400000, 0x00000000c4400000| Untracked 
|  69|0x00000000c4500000, 0x00000000c4500000, 0x00000000c4600000|  0%| F|  |TAMS 0x00000000c4500000, 0x00000000c4500000| Untracked 
|  70|0x00000000c4600000, 0x00000000c4600000, 0x00000000c4700000|  0%| F|  |TAMS 0x00000000c4600000, 0x00000000c4600000| Untracked 
|  71|0x00000000c4700000, 0x00000000c4700000, 0x00000000c4800000|  0%| F|  |TAMS 0x00000000c4700000, 0x00000000c4700000| Untracked 
|  72|0x00000000c4800000, 0x00000000c4800000, 0x00000000c4900000|  0%| F|  |TAMS 0x00000000c4800000, 0x00000000c4800000| Untracked 
|  73|0x00000000c4900000, 0x00000000c4900000, 0x00000000c4a00000|  0%| F|  |TAMS 0x00000000c4900000, 0x00000000c4900000| Untracked 
|  74|0x00000000c4a00000, 0x00000000c4a00000, 0x00000000c4b00000|  0%| F|  |TAMS 0x00000000c4a00000, 0x00000000c4a00000| Untracked 
|  75|0x00000000c4b00000, 0x00000000c4c00000, 0x00000000c4c00000|100%| O|  |TAMS 0x00000000c4c00000, 0x00000000c4b00000| Untracked 
|  76|0x00000000c4c00000, 0x00000000c4d00000, 0x00000000c4d00000|100%| O|  |TAMS 0x00000000c4d00000, 0x00000000c4c00000| Untracked 
|  77|0x00000000c4d00000, 0x00000000c4d00000, 0x00000000c4e00000|  0%| F|  |TAMS 0x00000000c4d00000, 0x00000000c4d00000| Untracked 
|  78|0x00000000c4e00000, 0x00000000c4f00000, 0x00000000c4f00000|100%| O|  |TAMS 0x00000000c4f00000, 0x00000000c4e00000| Untracked 
|  79|0x00000000c4f00000, 0x00000000c4f00000, 0x00000000c5000000|  0%| F|  |TAMS 0x00000000c4f00000, 0x00000000c4f00000| Untracked 
|  80|0x00000000c5000000, 0x00000000c5000000, 0x00000000c5100000|  0%| F|  |TAMS 0x00000000c5000000, 0x00000000c5000000| Untracked 
|  81|0x00000000c5100000, 0x00000000c5100000, 0x00000000c5200000|  0%| F|  |TAMS 0x00000000c5100000, 0x00000000c5100000| Untracked 
|  82|0x00000000c5200000, 0x00000000c5200000, 0x00000000c5300000|  0%| F|  |TAMS 0x00000000c5200000, 0x00000000c5200000| Untracked 
|  83|0x00000000c5300000, 0x00000000c5300000, 0x00000000c5400000|  0%| F|  |TAMS 0x00000000c5300000, 0x00000000c5300000| Untracked 
|  84|0x00000000c5400000, 0x00000000c5400000, 0x00000000c5500000|  0%| F|  |TAMS 0x00000000c5400000, 0x00000000c5400000| Untracked 
|  85|0x00000000c5500000, 0x00000000c5500000, 0x00000000c5600000|  0%| F|  |TAMS 0x00000000c5500000, 0x00000000c5500000| Untracked 
|  86|0x00000000c5600000, 0x00000000c5600000, 0x00000000c5700000|  0%| F|  |TAMS 0x00000000c5600000, 0x00000000c5600000| Untracked 
|  87|0x00000000c5700000, 0x00000000c5700000, 0x00000000c5800000|  0%| F|  |TAMS 0x00000000c5700000, 0x00000000c5700000| Untracked 
|  88|0x00000000c5800000, 0x00000000c5800000, 0x00000000c5900000|  0%| F|  |TAMS 0x00000000c5800000, 0x00000000c5800000| Untracked 
|  89|0x00000000c5900000, 0x00000000c5900000, 0x00000000c5a00000|  0%| F|  |TAMS 0x00000000c5900000, 0x00000000c5900000| Untracked 
|  90|0x00000000c5a00000, 0x00000000c5a00000, 0x00000000c5b00000|  0%| F|  |TAMS 0x00000000c5a00000, 0x00000000c5a00000| Untracked 
|  91|0x00000000c5b00000, 0x00000000c5b00000, 0x00000000c5c00000|  0%| F|  |TAMS 0x00000000c5b00000, 0x00000000c5b00000| Untracked 
|  92|0x00000000c5c00000, 0x00000000c5c00000, 0x00000000c5d00000|  0%| F|  |TAMS 0x00000000c5c00000, 0x00000000c5c00000| Untracked 
|  93|0x00000000c5d00000, 0x00000000c5d00000, 0x00000000c5e00000|  0%| F|  |TAMS 0x00000000c5d00000, 0x00000000c5d00000| Untracked 
|  94|0x00000000c5e00000, 0x00000000c5e00000, 0x00000000c5f00000|  0%| F|  |TAMS 0x00000000c5e00000, 0x00000000c5e00000| Untracked 
|  95|0x00000000c5f00000, 0x00000000c5f00000, 0x00000000c6000000|  0%| F|  |TAMS 0x00000000c5f00000, 0x00000000c5f00000| Untracked 
|  96|0x00000000c6000000, 0x00000000c6000000, 0x00000000c6100000|  0%| F|  |TAMS 0x00000000c6000000, 0x00000000c6000000| Untracked 
|  97|0x00000000c6100000, 0x00000000c6100000, 0x00000000c6200000|  0%| F|  |TAMS 0x00000000c6100000, 0x00000000c6100000| Untracked 
|  98|0x00000000c6200000, 0x00000000c6200000, 0x00000000c6300000|  0%| F|  |TAMS 0x00000000c6200000, 0x00000000c6200000| Untracked 
|  99|0x00000000c6300000, 0x00000000c6300000, 0x00000000c6400000|  0%| F|  |TAMS 0x00000000c6300000, 0x00000000c6300000| Untracked 
| 100|0x00000000c6400000, 0x00000000c6400000, 0x00000000c6500000|  0%| F|  |TAMS 0x00000000c6400000, 0x00000000c6400000| Untracked 
| 101|0x00000000c6500000, 0x00000000c6500000, 0x00000000c6600000|  0%| F|  |TAMS 0x00000000c6500000, 0x00000000c6500000| Untracked 
| 102|0x00000000c6600000, 0x00000000c6600000, 0x00000000c6700000|  0%| F|  |TAMS 0x00000000c6600000, 0x00000000c6600000| Untracked 
| 103|0x00000000c6700000, 0x00000000c6700000, 0x00000000c6800000|  0%| F|  |TAMS 0x00000000c6700000, 0x00000000c6700000| Untracked 
| 104|0x00000000c6800000, 0x00000000c6800000, 0x00000000c6900000|  0%| F|  |TAMS 0x00000000c6800000, 0x00000000c6800000| Untracked 
| 105|0x00000000c6900000, 0x00000000c6900000, 0x00000000c6a00000|  0%| F|  |TAMS 0x00000000c6900000, 0x00000000c6900000| Untracked 
| 106|0x00000000c6a00000, 0x00000000c6a00000, 0x00000000c6b00000|  0%| F|  |TAMS 0x00000000c6a00000, 0x00000000c6a00000| Untracked 
| 107|0x00000000c6b00000, 0x00000000c6b00000, 0x00000000c6c00000|  0%| F|  |TAMS 0x00000000c6b00000, 0x00000000c6b00000| Untracked 
| 108|0x00000000c6c00000, 0x00000000c6c00000, 0x00000000c6d00000|  0%| F|  |TAMS 0x00000000c6c00000, 0x00000000c6c00000| Untracked 
| 109|0x00000000c6d00000, 0x00000000c6d00000, 0x00000000c6e00000|  0%| F|  |TAMS 0x00000000c6d00000, 0x00000000c6d00000| Untracked 
| 110|0x00000000c6e00000, 0x00000000c6e00000, 0x00000000c6f00000|  0%| F|  |TAMS 0x00000000c6e00000, 0x00000000c6e00000| Untracked 
| 111|0x00000000c6f00000, 0x00000000c6f00000, 0x00000000c7000000|  0%| F|  |TAMS 0x00000000c6f00000, 0x00000000c6f00000| Untracked 
| 112|0x00000000c7000000, 0x00000000c7000000, 0x00000000c7100000|  0%| F|  |TAMS 0x00000000c7000000, 0x00000000c7000000| Untracked 
| 113|0x00000000c7100000, 0x00000000c7100000, 0x00000000c7200000|  0%| F|  |TAMS 0x00000000c7100000, 0x00000000c7100000| Untracked 
| 114|0x00000000c7200000, 0x00000000c7200000, 0x00000000c7300000|  0%| F|  |TAMS 0x00000000c7200000, 0x00000000c7200000| Untracked 
| 115|0x00000000c7300000, 0x00000000c7300000, 0x00000000c7400000|  0%| F|  |TAMS 0x00000000c7300000, 0x00000000c7300000| Untracked 
| 116|0x00000000c7400000, 0x00000000c7400000, 0x00000000c7500000|  0%| F|  |TAMS 0x00000000c7400000, 0x00000000c7400000| Untracked 
| 117|0x00000000c7500000, 0x00000000c7500000, 0x00000000c7600000|  0%| F|  |TAMS 0x00000000c7500000, 0x00000000c7500000| Untracked 
| 118|0x00000000c7600000, 0x00000000c7600000, 0x00000000c7700000|  0%| F|  |TAMS 0x00000000c7600000, 0x00000000c7600000| Untracked 
| 119|0x00000000c7700000, 0x00000000c7700000, 0x00000000c7800000|  0%| F|  |TAMS 0x00000000c7700000, 0x00000000c7700000| Untracked 
| 120|0x00000000c7800000, 0x00000000c7800000, 0x00000000c7900000|  0%| F|  |TAMS 0x00000000c7800000, 0x00000000c7800000| Untracked 
| 121|0x00000000c7900000, 0x00000000c7900000, 0x00000000c7a00000|  0%| F|  |TAMS 0x00000000c7900000, 0x00000000c7900000| Untracked 
| 122|0x00000000c7a00000, 0x00000000c7a00000, 0x00000000c7b00000|  0%| F|  |TAMS 0x00000000c7a00000, 0x00000000c7a00000| Untracked 
| 123|0x00000000c7b00000, 0x00000000c7b00000, 0x00000000c7c00000|  0%| F|  |TAMS 0x00000000c7b00000, 0x00000000c7b00000| Untracked 
| 124|0x00000000c7c00000, 0x00000000c7c00000, 0x00000000c7d00000|  0%| F|  |TAMS 0x00000000c7c00000, 0x00000000c7c00000| Untracked 
| 125|0x00000000c7d00000, 0x00000000c7d00000, 0x00000000c7e00000|  0%| F|  |TAMS 0x00000000c7d00000, 0x00000000c7d00000| Untracked 
| 126|0x00000000c7e00000, 0x00000000c7e00000, 0x00000000c7f00000|  0%| F|  |TAMS 0x00000000c7e00000, 0x00000000c7e00000| Untracked 
| 127|0x00000000c7f00000, 0x00000000c7f00000, 0x00000000c8000000|  0%| F|  |TAMS 0x00000000c7f00000, 0x00000000c7f00000| Untracked 
| 128|0x00000000c8000000, 0x00000000c8000000, 0x00000000c8100000|  0%| F|  |TAMS 0x00000000c8000000, 0x00000000c8000000| Untracked 
| 129|0x00000000c8100000, 0x00000000c811b6f8, 0x00000000c8200000| 10%| E|  |TAMS 0x00000000c8100000, 0x00000000c8100000| Complete 

Card table byte_map: [0x000002022a0f0000,0x000002022a2f0000] _byte_map_base: 0x0000020229af0000

Marking Bits (Prev, Next): (CMBitMap*) 0x00000202244a1cc0, (CMBitMap*) 0x00000202244a1d00
 Prev Bits: [0x000002022a4f0000, 0x000002022b4f0000)
 Next Bits: [0x000002022b4f0000, 0x000002022c4f0000)

Polling page: 0x00000202222b0000

Metaspace:

Usage:
  Non-class:     59.00 MB used.
      Class:      9.29 MB used.
       Both:     68.29 MB used.

Virtual space:
  Non-class space:       64.00 MB reserved,      59.44 MB ( 93%) committed,  8 nodes.
      Class space:        1.00 GB reserved,       9.56 MB ( <1%) committed,  1 nodes.
             Both:        1.06 GB reserved,      69.00 MB (  6%) committed. 

Chunk freelists:
   Non-Class:  622.00 KB
       Class:  2.56 MB
        Both:  3.16 MB

MaxMetaspaceSize: unlimited
CompressedClassSpaceSize: 1.00 GB
Initial GC threshold: 21.00 MB
Current GC threshold: 115.00 MB
CDS: off
MetaspaceReclaimPolicy: balanced
 - commit_granule_bytes: 65536.
 - commit_granule_words: 8192.
 - virtual_space_node_default_size: 1048576.
 - enlarge_chunks_in_place: 1.
 - new_chunks_are_fully_committed: 0.
 - uncommit_free_chunks: 1.
 - use_allocation_guard: 0.
 - handle_deallocations: 1.


Internal statistics:

num_allocs_failed_limit: 9.
num_arena_births: 668.
num_arena_deaths: 206.
num_vsnodes_births: 9.
num_vsnodes_deaths: 0.
num_space_committed: 1104.
num_space_uncommitted: 0.
num_chunks_returned_to_freelist: 259.
num_chunks_taken_from_freelist: 2898.
num_chunk_merges: 94.
num_chunk_splits: 2084.
num_chunks_enlarged: 1614.
num_purges: 8.
num_inconsistent_stats: 0.

CodeCache: size=49152Kb used=19951Kb max_used=20996Kb free=29200Kb
 bounds [0x00000202270f0000, 0x0000020228580000, 0x000002022a0f0000]
 total_blobs=11704 nmethods=11027 adapters=603
 compilation: enabled
              stopped_count=0, restarted_count=0
 full_count=0

Compilation events (20 events):
Event: 862.353 Thread 0x000002022ea02660 11223       1       java.util.concurrent.ScheduledThreadPoolExecutor$DelayedWorkQueue::finishPoll (43 bytes)
Event: 862.353 Thread 0x000002022ea02660 nmethod 11223 0x0000020228186690 code [0x0000020228186840, 0x0000020228186a28]
Event: 862.353 Thread 0x000002022ea02660 11224       1       java.util.concurrent.ScheduledThreadPoolExecutor$ScheduledFutureTask::run (57 bytes)
Event: 862.354 Thread 0x000002022ea02660 nmethod 11224 0x0000020228186110 code [0x0000020228186300, 0x0000020228186538]
Event: 862.354 Thread 0x000002022ea02660 11225       1       java.util.concurrent.ScheduledThreadPoolExecutor$ScheduledFutureTask::isPeriodic (15 bytes)
Event: 862.354 Thread 0x000002022ea02660 nmethod 11225 0x0000020228185e10 code [0x0000020228185fa0, 0x0000020228186098]
Event: 868.247 Thread 0x000002022ea02660 11226       1       java.util.concurrent.locks.AbstractQueuedSynchronizer$ConditionObject::awaitNanos (200 bytes)
Event: 868.249 Thread 0x000002022ea02660 nmethod 11226 0x0000020228184f10 code [0x0000020228185140, 0x0000020228185928]
Event: 892.521 Thread 0x000002022ea02660 11227       1       java.util.concurrent.Executors$RunnableAdapter::call (14 bytes)
Event: 892.521 Thread 0x000002022ea02660 nmethod 11227 0x0000020228184c10 code [0x0000020228184da0, 0x0000020228184ea8]
Event: 898.860 Thread 0x000002022ea02660 11228   !   1       java.util.concurrent.FutureTask::runAndReset (125 bytes)
Event: 898.862 Thread 0x000002022ea02660 nmethod 11228 0x0000020228183b90 code [0x0000020228183e00, 0x0000020228184738]
Event: 899.449 Thread 0x000002022ea02660 11229       1       java.util.concurrent.ScheduledThreadPoolExecutor$ScheduledFutureTask::setNextRunTime (38 bytes)
Event: 899.450 Thread 0x000002022ea02660 nmethod 11229 0x0000020228183710 code [0x00000202281838c0, 0x0000020228183aa8]
Event: 899.450 Thread 0x000002022ea02660 11230       1       java.util.concurrent.ScheduledThreadPoolExecutor::reExecutePeriodic (49 bytes)
Event: 899.452 Thread 0x000002022ea02660 nmethod 11230 0x0000020228183110 code [0x0000020228183300, 0x0000020228183548]
Event: 981.910 Thread 0x000002022ea02660 11231       1       org.springframework.ide.vscode.commons.languageserver.util.ParentProcessWatcher::isWindows (30 bytes)
Event: 981.911 Thread 0x000002022ea02660 nmethod 11231 0x0000020228182910 code [0x0000020228182b40, 0x0000020228182ec8]
Event: 982.610 Thread 0x000002022ea02660 11232   !   1       com.google.common.io.Closeables::close (37 bytes)
Event: 982.678 Thread 0x000002022ea02660 nmethod 11232 0x0000020228182190 code [0x0000020228182380, 0x00000202281826b8]

GC Heap History (20 events):
Event: 899.377 GC heap before
{Heap before GC invocations=139 (full 77):
 garbage-first heap   total 133120K, used 39750K [0x00000000c0000000, 0x0000000100000000)
  region size 1024K, 1 young (1024K), 0 survivors (0K)
 Metaspace       used 69931K, committed 70656K, reserved 1114112K
  class space    used 9512K, committed 9792K, reserved 1048576K
}
Event: 899.448 GC heap after
{Heap after GC invocations=140 (full 78):
 garbage-first heap   total 133120K, used 39750K [0x00000000c0000000, 0x0000000100000000)
  region size 1024K, 0 young (0K), 0 survivors (0K)
 Metaspace       used 69931K, committed 70656K, reserved 1114112K
  class space    used 9512K, committed 9792K, reserved 1048576K
}
Event: 909.607 GC heap before
{Heap before GC invocations=140 (full 78):
 garbage-first heap   total 133120K, used 39750K [0x00000000c0000000, 0x0000000100000000)
  region size 1024K, 1 young (1024K), 0 survivors (0K)
 Metaspace       used 69931K, committed 70656K, reserved 1114112K
  class space    used 9512K, committed 9792K, reserved 1048576K
}
Event: 909.669 GC heap after
{Heap after GC invocations=141 (full 79):
 garbage-first heap   total 133120K, used 39750K [0x00000000c0000000, 0x0000000100000000)
  region size 1024K, 0 young (0K), 0 survivors (0K)
 Metaspace       used 69931K, committed 70656K, reserved 1114112K
  class space    used 9512K, committed 9792K, reserved 1048576K
}
Event: 919.828 GC heap before
{Heap before GC invocations=141 (full 79):
 garbage-first heap   total 133120K, used 39750K [0x00000000c0000000, 0x0000000100000000)
  region size 1024K, 1 young (1024K), 0 survivors (0K)
 Metaspace       used 69931K, committed 70656K, reserved 1114112K
  class space    used 9512K, committed 9792K, reserved 1048576K
}
Event: 919.882 GC heap after
{Heap after GC invocations=142 (full 80):
 garbage-first heap   total 133120K, used 39750K [0x00000000c0000000, 0x0000000100000000)
  region size 1024K, 0 young (0K), 0 survivors (0K)
 Metaspace       used 69931K, committed 70656K, reserved 1114112K
  class space    used 9512K, committed 9792K, reserved 1048576K
}
Event: 930.053 GC heap before
{Heap before GC invocations=142 (full 80):
 garbage-first heap   total 133120K, used 39750K [0x00000000c0000000, 0x0000000100000000)
  region size 1024K, 1 young (1024K), 0 survivors (0K)
 Metaspace       used 69931K, committed 70656K, reserved 1114112K
  class space    used 9512K, committed 9792K, reserved 1048576K
}
Event: 930.125 GC heap after
{Heap after GC invocations=143 (full 81):
 garbage-first heap   total 133120K, used 39750K [0x00000000c0000000, 0x0000000100000000)
  region size 1024K, 0 young (0K), 0 survivors (0K)
 Metaspace       used 69931K, committed 70656K, reserved 1114112K
  class space    used 9512K, committed 9792K, reserved 1048576K
}
Event: 940.296 GC heap before
{Heap before GC invocations=143 (full 81):
 garbage-first heap   total 133120K, used 39750K [0x00000000c0000000, 0x0000000100000000)
  region size 1024K, 1 young (1024K), 0 survivors (0K)
 Metaspace       used 69931K, committed 70656K, reserved 1114112K
  class space    used 9512K, committed 9792K, reserved 1048576K
}
Event: 940.353 GC heap after
{Heap after GC invocations=144 (full 82):
 garbage-first heap   total 133120K, used 39750K [0x00000000c0000000, 0x0000000100000000)
  region size 1024K, 0 young (0K), 0 survivors (0K)
 Metaspace       used 69931K, committed 70656K, reserved 1114112K
  class space    used 9512K, committed 9792K, reserved 1048576K
}
Event: 951.379 GC heap before
{Heap before GC invocations=144 (full 82):
 garbage-first heap   total 133120K, used 39750K [0x00000000c0000000, 0x0000000100000000)
  region size 1024K, 1 young (1024K), 0 survivors (0K)
 Metaspace       used 69931K, committed 70656K, reserved 1114112K
  class space    used 9512K, committed 9792K, reserved 1048576K
}
Event: 951.447 GC heap after
{Heap after GC invocations=145 (full 83):
 garbage-first heap   total 133120K, used 39750K [0x00000000c0000000, 0x0000000100000000)
  region size 1024K, 0 young (0K), 0 survivors (0K)
 Metaspace       used 69931K, committed 70656K, reserved 1114112K
  class space    used 9512K, committed 9792K, reserved 1048576K
}
Event: 961.625 GC heap before
{Heap before GC invocations=145 (full 83):
 garbage-first heap   total 133120K, used 39750K [0x00000000c0000000, 0x0000000100000000)
  region size 1024K, 1 young (1024K), 0 survivors (0K)
 Metaspace       used 69931K, committed 70656K, reserved 1114112K
  class space    used 9512K, committed 9792K, reserved 1048576K
}
Event: 961.676 GC heap after
{Heap after GC invocations=146 (full 84):
 garbage-first heap   total 133120K, used 39750K [0x00000000c0000000, 0x0000000100000000)
  region size 1024K, 0 young (0K), 0 survivors (0K)
 Metaspace       used 69931K, committed 70656K, reserved 1114112K
  class space    used 9512K, committed 9792K, reserved 1048576K
}
Event: 971.828 GC heap before
{Heap before GC invocations=146 (full 84):
 garbage-first heap   total 133120K, used 39750K [0x00000000c0000000, 0x0000000100000000)
  region size 1024K, 1 young (1024K), 0 survivors (0K)
 Metaspace       used 69931K, committed 70656K, reserved 1114112K
  class space    used 9512K, committed 9792K, reserved 1048576K
}
Event: 971.879 GC heap after
{Heap after GC invocations=147 (full 85):
 garbage-first heap   total 133120K, used 39750K [0x00000000c0000000, 0x0000000100000000)
  region size 1024K, 0 young (0K), 0 survivors (0K)
 Metaspace       used 69931K, committed 70656K, reserved 1114112K
  class space    used 9512K, committed 9792K, reserved 1048576K
}
Event: 982.611 GC heap before
{Heap before GC invocations=147 (full 85):
 garbage-first heap   total 133120K, used 39750K [0x00000000c0000000, 0x0000000100000000)
  region size 1024K, 1 young (1024K), 0 survivors (0K)
 Metaspace       used 69931K, committed 70656K, reserved 1114112K
  class space    used 9512K, committed 9792K, reserved 1048576K
}
Event: 982.677 GC heap after
{Heap after GC invocations=148 (full 86):
 garbage-first heap   total 133120K, used 39750K [0x00000000c0000000, 0x0000000100000000)
  region size 1024K, 0 young (0K), 0 survivors (0K)
 Metaspace       used 69931K, committed 70656K, reserved 1114112K
  class space    used 9512K, committed 9792K, reserved 1048576K
}
Event: 992.924 GC heap before
{Heap before GC invocations=148 (full 86):
 garbage-first heap   total 133120K, used 39750K [0x00000000c0000000, 0x0000000100000000)
  region size 1024K, 1 young (1024K), 0 survivors (0K)
 Metaspace       used 69931K, committed 70656K, reserved 1114112K
  class space    used 9512K, committed 9792K, reserved 1048576K
}
Event: 992.988 GC heap after
{Heap after GC invocations=149 (full 87):
 garbage-first heap   total 133120K, used 39750K [0x00000000c0000000, 0x0000000100000000)
  region size 1024K, 0 young (0K), 0 survivors (0K)
 Metaspace       used 69931K, committed 70656K, reserved 1114112K
  class space    used 9512K, committed 9792K, reserved 1048576K
}

Dll operation events (10 events):
Event: 0.023 Loaded shared library c:\Users\IBM\.vscode\extensions\redhat.java-1.15.0-win32-x64\jre\17.0.6-win32-x86_64\bin\java.dll
Event: 0.750 Loaded shared library C:\Users\IBM\.vscode\extensions\redhat.java-1.15.0-win32-x64\jre\17.0.6-win32-x86_64\bin\net.dll
Event: 0.753 Loaded shared library C:\Users\IBM\.vscode\extensions\redhat.java-1.15.0-win32-x64\jre\17.0.6-win32-x86_64\bin\nio.dll
Event: 1.543 Loaded shared library C:\Users\IBM\.vscode\extensions\redhat.java-1.15.0-win32-x64\jre\17.0.6-win32-x86_64\bin\zip.dll
Event: 21.750 Loaded shared library C:\Users\IBM\.vscode\extensions\redhat.java-1.15.0-win32-x64\jre\17.0.6-win32-x86_64\bin\jimage.dll
Event: 32.603 Loaded shared library C:\Users\IBM\.vscode\extensions\redhat.java-1.15.0-win32-x64\jre\17.0.6-win32-x86_64\bin\management.dll
Event: 32.606 Loaded shared library C:\Users\IBM\.vscode\extensions\redhat.java-1.15.0-win32-x64\jre\17.0.6-win32-x86_64\bin\management_ext.dll
Event: 36.933 Loaded shared library C:\Users\IBM\.vscode\extensions\redhat.java-1.15.0-win32-x64\jre\17.0.6-win32-x86_64\bin\sunmscapi.dll
Event: 53.797 Loaded shared library c:\Users\IBM\.vscode\extensions\redhat.java-1.15.0-win32-x64\jre\17.0.6-win32-x86_64\bin\verify.dll
Event: 58.127 Loaded shared library C:\Users\IBM\AppData\Local\Temp\snappy-1.1.8-cf04b5cf-5f8c-4fe6-ae05-b51b037c55aa-snappyjava.dll

Deoptimization events (20 events):
Event: 57.621 Thread 0x0000020231723980 DEOPT PACKING pc=0x000002022827672c sp=0x000000c2634fc6f0
Event: 57.621 Thread 0x0000020231723980 DEOPT UNPACKING pc=0x0000020227147143 sp=0x000000c2634fbc88 mode 0
Event: 57.622 Thread 0x0000020231723980 DEOPT PACKING pc=0x000002022825488c sp=0x000000c2634fd020
Event: 57.622 Thread 0x0000020231723980 DEOPT UNPACKING pc=0x0000020227147143 sp=0x000000c2634fc568 mode 0
Event: 57.628 Thread 0x0000020231723980 DEOPT PACKING pc=0x00000202282548ec sp=0x000000c2634fd380
Event: 57.628 Thread 0x0000020231723980 DEOPT UNPACKING pc=0x0000020227147143 sp=0x000000c2634fc8d0 mode 0
Event: 57.628 Thread 0x0000020231723980 DEOPT PACKING pc=0x00000202282548ec sp=0x000000c2634fd610
Event: 57.628 Thread 0x0000020231723980 DEOPT UNPACKING pc=0x0000020227147143 sp=0x000000c2634fcb60 mode 0
Event: 57.633 Thread 0x0000020231723980 DEOPT PACKING pc=0x00000202282548ec sp=0x000000c2634fd940
Event: 57.633 Thread 0x0000020231723980 DEOPT UNPACKING pc=0x0000020227147143 sp=0x000000c2634fce90 mode 0
Event: 57.636 Thread 0x0000020231723980 DEOPT PACKING pc=0x00000202282548ec sp=0x000000c2634fdc00
Event: 57.637 Thread 0x0000020231723980 DEOPT UNPACKING pc=0x0000020227147143 sp=0x000000c2634fd150 mode 0
Event: 57.637 Thread 0x0000020231723980 DEOPT PACKING pc=0x00000202282548ec sp=0x000000c2634fdf30
Event: 57.637 Thread 0x0000020231723980 DEOPT UNPACKING pc=0x0000020227147143 sp=0x000000c2634fd480 mode 0
Event: 57.637 Thread 0x0000020231723980 DEOPT PACKING pc=0x00000202282548ec sp=0x000000c2634fe1f0
Event: 57.637 Thread 0x0000020231723980 DEOPT UNPACKING pc=0x0000020227147143 sp=0x000000c2634fd740 mode 0
Event: 57.637 Thread 0x0000020231723980 DEOPT PACKING pc=0x00000202282548ec sp=0x000000c2634fe520
Event: 57.637 Thread 0x0000020231723980 DEOPT UNPACKING pc=0x0000020227147143 sp=0x000000c2634fda70 mode 0
Event: 57.638 Thread 0x0000020231723980 DEOPT PACKING pc=0x00000202282548ec sp=0x000000c2634fe800
Event: 57.638 Thread 0x0000020231723980 DEOPT UNPACKING pc=0x0000020227147143 sp=0x000000c2634fdd50 mode 0

Classes unloaded (20 events):
Event: 177.200 Thread 0x000002022e9a9350 Unloading class 0x0000000100355400 'java/lang/invoke/LambdaForm$MH+0x0000000100355400'
Event: 177.200 Thread 0x000002022e9a9350 Unloading class 0x0000000100355000 'java/lang/invoke/LambdaForm$MH+0x0000000100355000'
Event: 177.200 Thread 0x000002022e9a9350 Unloading class 0x0000000100091c00 'java/lang/invoke/LambdaForm$MH+0x0000000100091c00'
Event: 177.200 Thread 0x000002022e9a9350 Unloading class 0x0000000100091800 'java/lang/invoke/LambdaForm$MH+0x0000000100091800'
Event: 177.200 Thread 0x000002022e9a9350 Unloading class 0x0000000100091400 'java/lang/invoke/LambdaForm$MH+0x0000000100091400'
Event: 177.200 Thread 0x000002022e9a9350 Unloading class 0x0000000100091000 'java/lang/invoke/LambdaForm$MH+0x0000000100091000'
Event: 177.200 Thread 0x000002022e9a9350 Unloading class 0x0000000100090c00 'java/lang/invoke/LambdaForm$MH+0x0000000100090c00'
Event: 177.200 Thread 0x000002022e9a9350 Unloading class 0x0000000100090800 'java/lang/invoke/LambdaForm$MH+0x0000000100090800'
Event: 177.200 Thread 0x000002022e9a9350 Unloading class 0x0000000100090400 'java/lang/invoke/LambdaForm$MH+0x0000000100090400'
Event: 177.200 Thread 0x000002022e9a9350 Unloading class 0x0000000100090000 'java/lang/invoke/LambdaForm$MH+0x0000000100090000'
Event: 177.200 Thread 0x000002022e9a9350 Unloading class 0x000000010008b800 'java/lang/invoke/LambdaForm$MH+0x000000010008b800'
Event: 177.200 Thread 0x000002022e9a9350 Unloading class 0x000000010008b400 'java/lang/invoke/LambdaForm$MH+0x000000010008b400'
Event: 177.200 Thread 0x000002022e9a9350 Unloading class 0x000000010008b000 'java/lang/invoke/LambdaForm$MH+0x000000010008b000'
Event: 177.200 Thread 0x000002022e9a9350 Unloading class 0x000000010008ac00 'java/lang/invoke/LambdaForm$MH+0x000000010008ac00'
Event: 177.200 Thread 0x000002022e9a9350 Unloading class 0x000000010008a800 'java/lang/invoke/LambdaForm$MH+0x000000010008a800'
Event: 177.200 Thread 0x000002022e9a9350 Unloading class 0x000000010008a400 'java/lang/invoke/LambdaForm$MH+0x000000010008a400'
Event: 177.200 Thread 0x000002022e9a9350 Unloading class 0x0000000100089c00 'java/lang/invoke/LambdaForm$MH+0x0000000100089c00'
Event: 177.200 Thread 0x000002022e9a9350 Unloading class 0x0000000100089400 'java/lang/invoke/LambdaForm$MH+0x0000000100089400'
Event: 177.200 Thread 0x000002022e9a9350 Unloading class 0x0000000100088c00 'java/lang/invoke/LambdaForm$MH+0x0000000100088c00'
Event: 177.200 Thread 0x000002022e9a9350 Unloading class 0x0000000100088400 'java/lang/invoke/LambdaForm$MH+0x0000000100088400'

Classes redefined (0 events):
No events

Internal exceptions (20 events):
Event: 60.105 Thread 0x0000020231723980 Exception <a 'sun/nio/fs/WindowsException'{0x00000000d10f36c0}> (0x00000000d10f36c0) 
thrown [s\src\hotspot\share\prims\jni.cpp, line 516]
Event: 60.105 Thread 0x0000020231723980 Exception <a 'sun/nio/fs/WindowsException'{0x00000000d10f3a98}> (0x00000000d10f3a98) 
thrown [s\src\hotspot\share\prims\jni.cpp, line 516]
Event: 60.106 Thread 0x0000020231723980 Exception <a 'sun/nio/fs/WindowsException'{0x00000000d0e22210}> (0x00000000d0e22210) 
thrown [s\src\hotspot\share\prims\jni.cpp, line 516]
Event: 60.106 Thread 0x0000020231723980 Exception <a 'sun/nio/fs/WindowsException'{0x00000000d0e225a0}> (0x00000000d0e225a0) 
thrown [s\src\hotspot\share\prims\jni.cpp, line 516]
Event: 60.106 Thread 0x0000020231723980 Exception <a 'sun/nio/fs/WindowsException'{0x00000000d0e23530}> (0x00000000d0e23530) 
thrown [s\src\hotspot\share\prims\jni.cpp, line 516]
Event: 60.106 Thread 0x0000020231723980 Exception <a 'sun/nio/fs/WindowsException'{0x00000000d0e238e8}> (0x00000000d0e238e8) 
thrown [s\src\hotspot\share\prims\jni.cpp, line 516]
Event: 60.107 Thread 0x0000020231723980 Exception <a 'sun/nio/fs/WindowsException'{0x00000000d0e43928}> (0x00000000d0e43928) 
thrown [s\src\hotspot\share\prims\jni.cpp, line 516]
Event: 60.107 Thread 0x0000020231723980 Exception <a 'sun/nio/fs/WindowsException'{0x00000000d0e43cb8}> (0x00000000d0e43cb8) 
thrown [s\src\hotspot\share\prims\jni.cpp, line 516]
Event: 60.107 Thread 0x0000020231723980 Exception <a 'sun/nio/fs/WindowsException'{0x00000000d0e44c38}> (0x00000000d0e44c38) 
thrown [s\src\hotspot\share\prims\jni.cpp, line 516]
Event: 60.107 Thread 0x0000020231723980 Exception <a 'sun/nio/fs/WindowsException'{0x00000000d0e44fe8}> (0x00000000d0e44fe8) 
thrown [s\src\hotspot\share\prims\jni.cpp, line 516]
Event: 60.111 Thread 0x0000020231723980 Exception <a 'sun/nio/fs/WindowsException'{0x00000000d0e85110}> (0x00000000d0e85110) 
thrown [s\src\hotspot\share\prims\jni.cpp, line 516]
Event: 60.111 Thread 0x0000020231723980 Exception <a 'sun/nio/fs/WindowsException'{0x00000000d0e854c8}> (0x00000000d0e854c8) 
thrown [s\src\hotspot\share\prims\jni.cpp, line 516]
Event: 60.111 Thread 0x0000020231723980 Exception <a 'sun/nio/fs/WindowsException'{0x00000000d0e869b8}> (0x00000000d0e869b8) 
thrown [s\src\hotspot\share\prims\jni.cpp, line 516]
Event: 60.111 Thread 0x0000020231723980 Exception <a 'sun/nio/fs/WindowsException'{0x00000000d0e86d90}> (0x00000000d0e86d90) 
thrown [s\src\hotspot\share\prims\jni.cpp, line 516]
Event: 60.113 Thread 0x0000020231723980 Exception <a 'sun/nio/fs/WindowsException'{0x00000000d0eaa0c0}> (0x00000000d0eaa0c0) 
thrown [s\src\hotspot\share\prims\jni.cpp, line 516]
Event: 60.113 Thread 0x0000020231723980 Exception <a 'sun/nio/fs/WindowsException'{0x00000000d0eaa470}> (0x00000000d0eaa470) 
thrown [s\src\hotspot\share\prims\jni.cpp, line 516]
Event: 60.113 Thread 0x0000020231723980 Exception <a 'sun/nio/fs/WindowsException'{0x00000000d0eab960}> (0x00000000d0eab960) 
thrown [s\src\hotspot\share\prims\jni.cpp, line 516]
Event: 60.113 Thread 0x0000020231723980 Exception <a 'sun/nio/fs/WindowsException'{0x00000000d0eabd20}> (0x00000000d0eabd20) 
thrown [s\src\hotspot\share\prims\jni.cpp, line 516]
Event: 102.744 Thread 0x000002023122ec80 Exception <a 'java/lang/NoSuchMethodError'{0x00000000d0beb500}: 'void java.lang.invoke.DirectMethodHandle$Holder.invokeStatic(java.lang.Object, long)'> (0x00000000d0beb500) 
thrown [s\src\hotspot\share\interpreter\linkResolver.cpp, line 759]
Event: 102.745 Thread 0x000002023122ec80 Exception <a 'java/lang/NoSuchMethodError'{0x00000000d0bf08b0}: 'java.lang.Object java.lang.invoke.DirectMethodHandle$Holder.newInvokeSpecial(java.lang.Object, long)'> (0x00000000d0bf08b0) 
thrown [s\src\hotspot\share\interpreter\linkResolver.cpp, line 759]

VM Operations (20 events):
Event: 902.474 Executing VM operation: Cleanup done
Event: 909.607 Executing VM operation: G1CollectFull
Event: 909.669 Executing VM operation: G1CollectFull done
Event: 919.828 Executing VM operation: G1CollectFull
Event: 919.882 Executing VM operation: G1CollectFull done
Event: 930.052 Executing VM operation: G1CollectFull
Event: 930.126 Executing VM operation: G1CollectFull done
Event: 940.295 Executing VM operation: G1CollectFull
Event: 940.353 Executing VM operation: G1CollectFull done
Event: 951.378 Executing VM operation: G1CollectFull
Event: 951.448 Executing VM operation: G1CollectFull done
Event: 961.625 Executing VM operation: G1CollectFull
Event: 961.676 Executing VM operation: G1CollectFull done
Event: 971.828 Executing VM operation: G1CollectFull
Event: 971.879 Executing VM operation: G1CollectFull done
Event: 982.610 Executing VM operation: G1CollectFull
Event: 982.678 Executing VM operation: G1CollectFull done
Event: 992.923 Executing VM operation: G1CollectFull
Event: 992.988 Executing VM operation: G1CollectFull done
Event: 1003.439 Executing VM operation: G1CollectFull

Events (20 events):
Event: 58.810 Thread 0x000002022ea02f60 flushing nmethod 0x000002022830b390
Event: 65.128 Thread 0x000002023368b030 Thread exited: 0x000002023368b030
Event: 70.144 Thread 0x0000020233a4adf0 Thread exited: 0x0000020233a4adf0
Event: 72.519 Thread 0x0000020231723980 Thread exited: 0x0000020231723980
Event: 102.734 loading class java/lang/ProcessBuilder
Event: 102.735 loading class java/lang/ProcessBuilder done
Event: 102.735 loading class java/lang/ProcessImpl
Event: 102.736 loading class java/lang/Process
Event: 102.736 loading class java/lang/Process done
Event: 102.736 loading class java/lang/ProcessImpl done
Event: 102.746 loading class java/lang/ProcessImpl$2
Event: 102.746 loading class java/lang/ProcessImpl$2 done
Event: 102.746 loading class java/lang/Process$PipeInputStream
Event: 102.746 loading class java/lang/Process$PipeInputStream done
Event: 102.752 loading class jdk/internal/event/ProcessStartEvent
Event: 102.753 loading class jdk/internal/event/ProcessStartEvent done
Event: 114.854 Thread 0x0000020231158a40 Thread exited: 0x0000020231158a40
Event: 125.135 Thread 0x0000020231725660 Thread exited: 0x0000020231725660
Event: 174.854 Thread 0x00000202317234b0 Thread exited: 0x00000202317234b0
Event: 234.868 Thread 0x0000020231722b10 Thread exited: 0x0000020231722b10


Dynamic libraries:
0x00007ff736300000 - 0x00007ff73630e000 	c:\Users\IBM\.vscode\extensions\redhat.java-1.15.0-win32-x64\jre\17.0.6-win32-x86_64\bin\java.exe
0x00007ffe56d50000 - 0x00007ffe56f48000 	C:\Windows\SYSTEM32\ntdll.dll
0x00007ffe55480000 - 0x00007ffe5553f000 	C:\Windows\System32\KERNEL32.DLL
0x00007ffe544e0000 - 0x00007ffe547b2000 	C:\Windows\System32\KERNELBASE.dll
0x00007ffe54a60000 - 0x00007ffe54b60000 	C:\Windows\System32\ucrtbase.dll
0x00007ffe50d10000 - 0x00007ffe50d27000 	c:\Users\IBM\.vscode\extensions\redhat.java-1.15.0-win32-x64\jre\17.0.6-win32-x86_64\bin\jli.dll
0x00007ffe55dd0000 - 0x00007ffe55f71000 	C:\Windows\System32\USER32.dll
0x00007ffe54c50000 - 0x00007ffe54c72000 	C:\Windows\System32\win32u.dll
0x00007ffe552a0000 - 0x00007ffe552cb000 	C:\Windows\System32\GDI32.dll
0x00007ffe54c80000 - 0x00007ffe54d8f000 	C:\Windows\System32\gdi32full.dll
0x00007ffe54b60000 - 0x00007ffe54bfd000 	C:\Windows\System32\msvcp_win.dll
0x00007ffe50e20000 - 0x00007ffe50e39000 	c:\Users\IBM\.vscode\extensions\redhat.java-1.15.0-win32-x64\jre\17.0.6-win32-x86_64\bin\VCRUNTIME140.dll
0x00007ffe3f550000 - 0x00007ffe3f7ea000 	C:\Windows\WinSxS\amd64_microsoft.windows.common-controls_6595b64144ccf1df_6.0.19041.1110_none_60b5254171f9507e\COMCTL32.dll
0x00007ffe55a60000 - 0x00007ffe55afe000 	C:\Windows\System32\msvcrt.dll
0x00007ffe54da0000 - 0x00007ffe54dd2000 	C:\Windows\System32\IMM32.DLL
0x00007ffe51bf0000 - 0x00007ffe51bfc000 	c:\Users\IBM\.vscode\extensions\redhat.java-1.15.0-win32-x64\jre\17.0.6-win32-x86_64\bin\vcruntime140_1.dll
0x00007ffe21030000 - 0x00007ffe210c1000 	c:\Users\IBM\.vscode\extensions\redhat.java-1.15.0-win32-x64\jre\17.0.6-win32-x86_64\bin\msvcp140.dll
0x00007ffe14a80000 - 0x00007ffe156c7000 	c:\Users\IBM\.vscode\extensions\redhat.java-1.15.0-win32-x64\jre\17.0.6-win32-x86_64\bin\server\jvm.dll
0x00007ffe552d0000 - 0x00007ffe5537e000 	C:\Windows\System32\ADVAPI32.dll
0x00007ffe54e80000 - 0x00007ffe54f1c000 	C:\Windows\System32\sechost.dll
0x00007ffe56be0000 - 0x00007ffe56d05000 	C:\Windows\System32\RPCRT4.dll
0x00007ffe4f500000 - 0x00007ffe4f509000 	C:\Windows\SYSTEM32\WSOCK32.dll
0x00007ffe55c30000 - 0x00007ffe55c9b000 	C:\Windows\System32\WS2_32.dll
0x00007ffe41050000 - 0x00007ffe41077000 	C:\Windows\SYSTEM32\WINMM.dll
0x00007ffe49c60000 - 0x00007ffe49c6a000 	C:\Windows\SYSTEM32\VERSION.dll
0x00007ffe522c0000 - 0x00007ffe522d2000 	C:\Windows\SYSTEM32\kernel.appcore.dll
0x00007ffe4f4a0000 - 0x00007ffe4f4aa000 	c:\Users\IBM\.vscode\extensions\redhat.java-1.15.0-win32-x64\jre\17.0.6-win32-x86_64\bin\jimage.dll
0x00007ffe41130000 - 0x00007ffe41314000 	C:\Windows\SYSTEM32\DBGHELP.DLL
0x00007ffe40e00000 - 0x00007ffe40e35000 	C:\Windows\SYSTEM32\dbgcore.DLL
0x00007ffe54920000 - 0x00007ffe549a2000 	C:\Windows\System32\bcryptPrimitives.dll
0x00007ffe4dbc0000 - 0x00007ffe4dbe5000 	c:\Users\IBM\.vscode\extensions\redhat.java-1.15.0-win32-x64\jre\17.0.6-win32-x86_64\bin\java.dll
0x00007ffe4cfc0000 - 0x00007ffe4cfd8000 	c:\Users\IBM\.vscode\extensions\redhat.java-1.15.0-win32-x64\jre\17.0.6-win32-x86_64\bin\zip.dll
0x00007ffe56130000 - 0x00007ffe56875000 	C:\Windows\System32\SHELL32.dll
0x00007ffe524c0000 - 0x00007ffe52c52000 	C:\Windows\SYSTEM32\windows.storage.dll
0x00007ffe56880000 - 0x00007ffe56bd5000 	C:\Windows\System32\combase.dll
0x00007ffe53dc0000 - 0x00007ffe53df0000 	C:\Windows\SYSTEM32\Wldp.dll
0x00007ffe559b0000 - 0x00007ffe55a5d000 	C:\Windows\System32\SHCORE.dll
0x00007ffe550b0000 - 0x00007ffe55105000 	C:\Windows\System32\shlwapi.dll
0x00007ffe54380000 - 0x00007ffe5439f000 	C:\Windows\SYSTEM32\profapi.dll
0x00007ffe49500000 - 0x00007ffe49519000 	C:\Users\IBM\.vscode\extensions\redhat.java-1.15.0-win32-x64\jre\17.0.6-win32-x86_64\bin\net.dll
0x00007ffe4d9f0000 - 0x00007ffe4dafc000 	C:\Windows\SYSTEM32\WINHTTP.dll
0x00007ffe53ba0000 - 0x00007ffe53c0a000 	C:\Windows\system32\mswsock.dll
0x00007ffe44e60000 - 0x00007ffe44e75000 	C:\Users\IBM\.vscode\extensions\redhat.java-1.15.0-win32-x64\jre\17.0.6-win32-x86_64\bin\nio.dll
0x00007ffe53e00000 - 0x00007ffe53e18000 	C:\Windows\SYSTEM32\CRYPTSP.dll
0x00007ffe53470000 - 0x00007ffe534a4000 	C:\Windows\system32\rsaenh.dll
0x00007ffe54440000 - 0x00007ffe54467000 	C:\Windows\System32\bcrypt.dll
0x00007ffe54340000 - 0x00007ffe5436e000 	C:\Windows\SYSTEM32\USERENV.dll
0x00007ffe53d30000 - 0x00007ffe53d3c000 	C:\Windows\SYSTEM32\CRYPTBASE.dll
0x00007ffe53860000 - 0x00007ffe5389b000 	C:\Windows\SYSTEM32\IPHLPAPI.DLL
0x00007ffe55c20000 - 0x00007ffe55c28000 	C:\Windows\System32\NSI.dll
0x00007ffe4bcf0000 - 0x00007ffe4bd07000 	C:\Windows\SYSTEM32\dhcpcsvc6.DLL
0x00007ffe4c7b0000 - 0x00007ffe4c7cd000 	C:\Windows\SYSTEM32\dhcpcsvc.DLL
0x00007ffe538a0000 - 0x00007ffe5396b000 	C:\Windows\SYSTEM32\DNSAPI.dll
0x00007ffe4d6f0000 - 0x00007ffe4d6f9000 	C:\Users\IBM\.vscode\extensions\redhat.java-1.15.0-win32-x64\jre\17.0.6-win32-x86_64\bin\management.dll
0x00007ffe4d610000 - 0x00007ffe4d61b000 	C:\Users\IBM\.vscode\extensions\redhat.java-1.15.0-win32-x64\jre\17.0.6-win32-x86_64\bin\management_ext.dll
0x00007ffe54d90000 - 0x00007ffe54d98000 	C:\Windows\System32\PSAPI.DLL
0x00007ffe4c750000 - 0x00007ffe4c75e000 	C:\Users\IBM\.vscode\extensions\redhat.java-1.15.0-win32-x64\jre\17.0.6-win32-x86_64\bin\sunmscapi.dll
0x00007ffe547c0000 - 0x00007ffe54916000 	C:\Windows\System32\CRYPT32.dll
0x00007ffe53f10000 - 0x00007ffe53f37000 	C:\Windows\SYSTEM32\ncrypt.dll
0x00007ffe53ed0000 - 0x00007ffe53f0b000 	C:\Windows\SYSTEM32\NTASN1.dll
0x00007ffe42e00000 - 0x00007ffe42e0a000 	C:\Windows\System32\rasadhlp.dll
0x00007ffe44270000 - 0x00007ffe442f0000 	C:\Windows\System32\fwpuclnt.dll
0x00007ffe4dbb0000 - 0x00007ffe4dbc0000 	c:\Users\IBM\.vscode\extensions\redhat.java-1.15.0-win32-x64\jre\17.0.6-win32-x86_64\bin\verify.dll
0x000000006c500000 - 0x000000006c5c7000 	C:\Users\IBM\AppData\Local\Temp\snappy-1.1.8-cf04b5cf-5f8c-4fe6-ae05-b51b037c55aa-snappyjava.dll

dbghelp: loaded successfully - version: 4.0.5 - missing functions: none
symbol engine: initialized successfully - sym options: 0x614 - pdb path: .;c:\Users\IBM\.vscode\extensions\redhat.java-1.15.0-win32-x64\jre\17.0.6-win32-x86_64\bin;C:\Windows\SYSTEM32;C:\Windows\WinSxS\amd64_microsoft.windows.common-controls_6595b64144ccf1df_6.0.19041.1110_none_60b5254171f9507e;c:\Users\IBM\.vscode\extensions\redhat.java-1.15.0-win32-x64\jre\17.0.6-win32-x86_64\bin\server;C:\Users\IBM\AppData\Local\Temp

VM Arguments:
jvm_args: -XX:+HeapDumpOnOutOfMemoryError -Xmx1024m -Dsts.lsp.client=vscode -Dsts.log.file=/dev/null -XX:TieredStopAtLevel=1 -Xlog:jni+resolve=off -Dspring.config.location=file:c:\Users\IBM\.vscode\extensions\vmware.vscode-spring-boot-1.45.0\language-server\BOOT-INF\classes\application.properties 
java_command: org.springframework.ide.vscode.boot.app.BootLanguageServerBootApp
java_class_path (initial): c:\Users\IBM\.vscode\extensions\vmware.vscode-spring-boot-1.45.0\language-server\BOOT-INF\classes;c:\Users\IBM\.vscode\extensions\vmware.vscode-spring-boot-1.45.0\language-server\BOOT-INF\lib\annotations-24.0.1.jar;c:\Users\IBM\.vscode\extensions\vmware.vscode-spring-boot-1.45.0\language-server\BOOT-INF\lib\ant-1.10.13.jar;c:\Users\IBM\.vscode\extensions\vmware.vscode-spring-boot-1.45.0\language-server\BOOT-INF\lib\ant-launcher-1.10.13.jar;c:\Users\IBM\.vscode\extensions\vmware.vscode-spring-boot-1.45.0\language-server\BOOT-INF\lib\antlr-runtime-3.5.3.jar;c:\Users\IBM\.vscode\extensions\vmware.vscode-spring-boot-1.45.0\language-server\BOOT-INF\lib\antlr4-4.11.1.jar;c:\Users\IBM\.vscode\extensions\vmware.vscode-spring-boot-1.45.0\language-server\BOOT-INF\lib\antlr4-runtime-4.11.1.jar;c:\Users\IBM\.vscode\extensions\vmware.vscode-spring-boot-1.45.0\language-server\BOOT-INF\lib\asm-9.4.jar;c:\Users\IBM\.vscode\extensions\vmware.vscode-spring-boot-1.45.0\language-server\BOOT-INF\lib\asm-analysis-9.4.jar;c:\Users\IBM\.vscode\extensions\vmware.vscode-spring-boot-1.45.0\language-server\BOOT-INF\lib\asm-tree-9.4.jar;c:\Users\IBM\.vscode\extensions\vmware.vscode-spring-boot-1.45.0\language-server\BOOT-INF\lib\asm-util-9.4.jar;c:\Users\IBM\.vscode\extensions\vmware.vscode-spring-boot-1.45.0\language-server\BOOT-INF\lib\caffeine-3.1.2.jar;c:\Users\IBM\.vscode\extensions\vmware.vscode-spring-boot-1.45.0\language-server\BOOT-INF\lib\checker-qual-3.12.0.jar;c:\Users\IBM\.vscode\extensions\vmware.vscode-spring-boot-1.45.0\language-server\BOOT-INF\lib\classgraph-4.8.149.jar;c:\Users\IBM\.vscode\extensions\vmware.vscode-spring-boot-1.45.0\language-server\BOOT-INF\lib\commons-codec-1.15.jar;c:\Users\IBM\.vscode\extensions\vmware.vscode-spring-boot-1.45.0\language-server\BOOT-INF\lib\commons-compress-1.22.jar;c:\Users\IBM\.vscode\extensions\vmware.vscode-spring-boot-1.45.0\language-server\BOOT-INF\lib\commons-io-2.4.jar;c:\Users\IBM\.vscode\extensions\vmwa
Launcher Type: SUN_STANDARD

[Global flags]
     intx CICompilerCount                          = 3                                         {product} {ergonomic}
     uint ConcGCThreads                            = 1                                         {product} {ergonomic}
     uint G1ConcRefinementThreads                  = 4                                         {product} {ergonomic}
   size_t G1HeapRegionSize                         = 1048576                                   {product} {ergonomic}
    uintx GCDrainStackTargetSize                   = 64                                        {product} {ergonomic}
     bool HeapDumpOnOutOfMemoryError               = true                                   {manageable} {command line}
   size_t InitialHeapSize                          = 134217728                                 {product} {ergonomic}
   size_t MarkStackSize                            = 4194304                                   {product} {ergonomic}
   size_t MaxHeapSize                              = 1073741824                                {product} {command line}
   size_t MaxNewSize                               = 643825664                                 {product} {ergonomic}
   size_t MinHeapDeltaBytes                        = 1048576                                   {product} {ergonomic}
   size_t MinHeapSize                              = 8388608                                   {product} {ergonomic}
    uintx NonProfiledCodeHeapSize                  = 0                                      {pd product} {ergonomic}
     bool ProfileInterpreter                       = false                                  {pd product} {command line}
    uintx ProfiledCodeHeapSize                     = 0                                      {pd product} {ergonomic}
   size_t SoftMaxHeapSize                          = 1073741824                             {manageable} {ergonomic}
     intx TieredStopAtLevel                        = 1                                         {product} {command line}
     bool UseCompressedClassPointers               = true                           {product lp64_product} {ergonomic}
     bool UseCompressedOops                        = true                           {product lp64_product} {ergonomic}
     bool UseG1GC                                  = true                                      {product} {ergonomic}
     bool UseLargePagesIndividualAllocation        = false                                  {pd product} {ergonomic}

Logging:
Log output configuration:
 #0: stdout all=warning,jni+resolve=off uptime,level,tags
 #1: stderr all=off uptime,level,tags

Environment Variables:
PATH=C:\Program Files\Common Files\Oracle\Java\javapath;C:\Windows\system32;C:\Windows;C:\Windows\System32\Wbem;C:\Windows\System32\WindowsPowerShell\v1.0\;C:\Windows\System32\OpenSSH\;A:\Y4\T1\IPR\runtime\win64;A:\Y4\T1\IPR\bin;C:\Program Files\MongoDB\Server\6.0\bin;C:\Program Files\Git\cmd;C:\Program Files\Docker\Docker\resources\bin;C:\ProgramData\ComposerSetup\bin;C:\Program Files\nodejs\;C:\Users\IBM\AppData\Local\Microsoft\WindowsApps;C:\Program Files\JetBrains\IntelliJ IDEA 2021.3.2\bin;C:\xampp;;C:\Users\IBM\AppData\Local\Programs\Microsoft VS Code\bin;C:\xampp\php;C:\Program Files\nodejs;C:\Program Files\JetBrains\DataGrip 2022.2.5\bin;;C:\Program Files\heroku\bin;C:\Users\IBM\AppData\Roaming\Composer\vendor\bin;C:\Users\IBM\AppData\Roaming\npm;C:\Users\IBM\AppData\Local\GitHubDesktop\bin
USERNAME=IBM
OS=Windows_NT
PROCESSOR_IDENTIFIER=Intel64 Family 6 Model 78 Stepping 3, GenuineIntel
TMP=C:\Users\IBM\AppData\Local\Temp
TEMP=C:\Users\IBM\AppData\Local\Temp



---------------  S Y S T E M  ---------------

OS:
 Windows 10 , 64 bit Build 19041 (10.0.19041.2546)
OS uptime: 0 days 9:53 hours
Hyper-V role detected

CPU: total 4 (initial active 4) (2 cores per cpu, 2 threads per core) family 6 model 78 stepping 3 microcode 0xec, cx8, cmov, fxsr, ht, mmx, 3dnowpref, sse, sse2, sse3, ssse3, sse4.1, sse4.2, popcnt, lzcnt, tsc, tscinvbit, avx, avx2, aes, erms, clmul, bmi1, bmi2, rtm, adx, fma, vzeroupper, clflush, clflushopt, hv

Memory: 4k page, system-wide physical 8067M (408M free)
TotalPageFile size 10567M (AvailPageFile size 5M)
current process WorkingSet (physical memory assigned to process): 261M, peak: 608M
current process commit charge ("private bytes"): 315M, peak: 609M

vm_info: OpenJDK 64-Bit Server VM (17.0.6+10) for windows-amd64 JRE (17.0.6+10), built on Jan 18 2023 10:08:59 by "temurin" with MS VC++ 16.7 (VS2019)

END.
